Realization	utility	week	infra.
0	0	261	7
1	0	261	7
2	0	261	7
3	0	261	7
4	0	261	7
5	0	261	7
6	0	261	7
7	0	261	7
8	0	261	7
9	0	261	7
10	0	261	7
11	0	261	7
12	0	261	7
13	0	261	7
14	0	261	7
15	0	261	7
16	0	261	7
17	0	261	7
18	0	261	7
19	0	261	7
20	0	261	7
21	0	261	7
22	0	261	7
23	0	261	7
24	0	261	7
25	0	261	7
26	0	261	7
27	0	261	7
28	0	261	7
29	0	261	7
30	0	261	7
31	0	261	7
32	0	261	7
33	0	261	7
34	0	261	7
34	0	1982	8
35	0	261	7
36	0	261	7
37	0	261	7
37	0	1982	8
38	0	261	7
39	0	261	7
40	0	261	7
41	0	261	7
42	0	261	7
43	0	261	7
44	0	261	7
45	0	261	7
46	0	261	7
47	0	261	7
48	0	261	7
49	0	261	7
50	0	261	7
51	0	261	7
52	0	261	7
53	0	261	7
54	0	261	7
55	0	261	7
56	0	261	7
56	0	2035	8
57	0	261	7
58	0	261	7
59	0	261	7
60	0	261	7
61	0	261	7
62	0	261	7
63	0	261	7
64	0	261	7
65	0	261	7
66	0	261	7
67	0	261	7
68	0	261	7
69	0	261	7
70	0	261	7
71	0	261	7
72	0	261	7
73	0	261	7
74	0	261	7
75	0	261	7
76	0	261	7
77	0	261	7
78	0	261	7
79	0	261	7
80	0	261	7
81	0	261	7
82	0	261	7
83	0	261	7
84	0	261	7
85	0	261	7
86	0	261	7
87	0	261	7
88	0	261	7
89	0	261	7
90	0	261	7
91	0	261	7
92	0	261	7
93	0	261	7
94	0	261	7
95	0	261	7
96	0	261	7
97	0	261	7
98	0	261	7
99	0	261	7
100	0	261	7
101	0	261	7
102	0	261	7
103	0	261	7
104	0	261	7
105	0	261	7
106	0	261	7
107	0	261	7
108	0	261	7
108	0	2035	8
109	0	261	7
110	0	261	7
111	0	261	7
112	0	261	7
113	0	261	7
113	0	1930	8
114	0	261	7
115	0	261	7
116	0	261	7
117	0	261	7
118	0	261	7
118	0	1930	8
119	0	261	7
120	0	261	7
121	0	261	7
122	0	261	7
123	0	261	7
124	0	261	7
125	0	261	7
126	0	261	7
127	0	261	7
128	0	261	7
129	0	261	7
130	0	261	7
131	0	261	7
132	0	261	7
133	0	261	7
134	0	261	7
135	0	261	7
136	0	261	7
137	0	261	7
138	0	261	7
139	0	261	7
140	0	261	7
141	0	261	7
142	0	261	7
143	0	261	7
144	0	261	7
145	0	261	7
146	0	261	7
147	0	261	7
148	0	261	7
149	0	261	7
150	0	261	7
151	0	261	7
152	0	261	7
152	0	1930	8
153	0	261	7
154	0	261	7
155	0	261	7
155	0	2035	8
156	0	261	7
157	0	261	7
158	0	261	7
159	0	261	7
160	0	261	7
161	0	261	7
161	0	1930	8
162	0	261	7
163	0	261	7
164	0	261	7
165	0	261	7
166	0	261	7
167	0	261	7
168	0	261	7
169	0	261	7
170	0	261	7
171	0	261	7
172	0	261	7
173	0	261	7
174	0	261	7
175	0	261	7
176	0	261	7
177	0	261	7
178	0	261	7
179	0	261	7
179	0	1878	8
180	0	261	7
181	0	261	7
182	0	261	7
183	0	261	7
184	0	261	7
185	0	261	7
186	0	261	7
187	0	261	7
188	0	261	7
189	0	261	7
189	0	2035	8
190	0	261	7
191	0	261	7
192	0	261	7
193	0	261	7
194	0	261	7
195	0	261	7
196	0	261	7
197	0	261	7
198	0	261	7
199	0	261	7
200	0	261	7
201	0	261	7
202	0	261	7
203	0	261	7
204	0	261	7
205	0	261	7
206	0	261	7
207	0	261	7
208	0	261	7
209	0	261	7
210	0	261	7
211	0	261	7
212	0	261	7
213	0	261	7
214	0	261	7
215	0	261	7
216	0	261	7
217	0	261	7
218	0	261	7
219	0	261	7
220	0	261	7
221	0	261	7
222	0	261	7
223	0	261	7
224	0	261	7
225	0	261	7
226	0	261	7
226	0	1930	8
227	0	261	7
228	0	261	7
229	0	261	7
230	0	261	7
231	0	261	7
231	0	1982	8
232	0	261	7
233	0	261	7
234	0	261	7
235	0	261	7
236	0	261	7
237	0	261	7
238	0	261	7
239	0	261	7
240	0	261	7
241	0	261	7
241	0	1878	8
242	0	261	7
243	0	261	7
244	0	261	7
245	0	261	7
246	0	261	7
247	0	261	7
248	0	261	7
249	0	261	7
250	0	261	7
251	0	261	7
251	0	1878	8
252	0	261	7
253	0	261	7
254	0	261	7
255	0	261	7
256	0	261	7
257	0	261	7
258	0	261	7
259	0	261	7
260	0	261	7
261	0	261	7
262	0	261	7
263	0	261	7
264	0	261	7
265	0	261	7
266	0	261	7
267	0	261	7
267	0	1982	8
268	0	261	7
269	0	261	7
270	0	261	7
271	0	261	7
272	0	261	7
273	0	261	7
274	0	261	7
275	0	261	7
276	0	261	7
277	0	261	7
278	0	261	7
279	0	261	7
280	0	261	7
281	0	261	7
282	0	261	7
283	0	261	7
284	0	261	7
285	0	261	7
286	0	261	7
287	0	261	7
288	0	261	7
289	0	261	7
290	0	261	7
291	0	261	7
292	0	261	7
293	0	261	7
294	0	261	7
295	0	261	7
296	0	261	7
297	0	261	7
297	0	1878	8
298	0	261	7
299	0	261	7
300	0	261	7
301	0	261	7
302	0	261	7
303	0	261	7
304	0	261	7
305	0	261	7
306	0	261	7
307	0	261	7
308	0	261	7
309	0	261	7
309	0	1878	8
310	0	261	7
311	0	261	7
312	0	261	7
313	0	261	7
314	0	261	7
315	0	261	7
316	0	261	7
316	0	1982	8
317	0	261	7
318	0	261	7
319	0	261	7
320	0	261	7
321	0	261	7
322	0	261	7
323	0	261	7
324	0	261	7
325	0	261	7
326	0	261	7
327	0	261	7
328	0	261	7
329	0	261	7
329	0	2035	8
330	0	261	7
331	0	261	7
332	0	261	7
333	0	261	7
334	0	261	7
335	0	261	7
336	0	261	7
337	0	261	7
338	0	261	7
339	0	261	7
340	0	261	7
341	0	261	7
342	0	261	7
342	0	1982	8
343	0	261	7
344	0	261	7
345	0	261	7
346	0	261	7
347	0	261	7
348	0	261	7
349	0	261	7
350	0	261	7
351	0	261	7
352	0	261	7
353	0	261	7
354	0	261	7
355	0	261	7
356	0	261	7
357	0	261	7
358	0	261	7
359	0	261	7
360	0	261	7
361	0	261	7
362	0	261	7
363	0	261	7
364	0	261	7
365	0	261	7
366	0	261	7
367	0	261	7
368	0	261	7
369	0	261	7
370	0	261	7
371	0	261	7
372	0	261	7
373	0	261	7
373	0	2035	8
374	0	261	7
375	0	261	7
376	0	261	7
377	0	261	7
378	0	261	7
379	0	261	7
380	0	261	7
381	0	261	7
382	0	261	7
383	0	261	7
384	0	261	7
385	0	261	7
386	0	261	7
387	0	261	7
388	0	261	7
389	0	261	7
390	0	261	7
391	0	261	7
392	0	261	7
393	0	261	7
394	0	261	7
395	0	261	7
396	0	261	7
397	0	261	7
398	0	261	7
399	0	261	7
400	0	261	7
401	0	261	7
402	0	261	7
403	0	261	7
404	0	261	7
405	0	261	7
406	0	261	7
407	0	261	7
408	0	261	7
409	0	261	7
410	0	261	7
411	0	261	7
412	0	261	7
413	0	261	7
414	0	261	7
415	0	261	7
416	0	261	7
417	0	261	7
418	0	261	7
419	0	261	7
420	0	261	7
421	0	261	7
422	0	261	7
423	0	261	7
424	0	261	7
425	0	261	7
426	0	261	7
427	0	261	7
428	0	261	7
429	0	261	7
430	0	261	7
431	0	261	7
432	0	261	7
433	0	261	7
434	0	261	7
435	0	261	7
436	0	261	7
437	0	261	7
438	0	261	7
439	0	261	7
440	0	261	7
441	0	261	7
442	0	261	7
443	0	261	7
444	0	261	7
444	0	1930	8
445	0	261	7
446	0	261	7
447	0	261	7
448	0	261	7
449	0	261	7
450	0	261	7
451	0	261	7
452	0	261	7
453	0	261	7
454	0	261	7
455	0	261	7
456	0	261	7
457	0	261	7
458	0	261	7
459	0	261	7
460	0	261	7
461	0	261	7
461	0	1878	8
462	0	261	7
463	0	261	7
464	0	261	7
465	0	261	7
466	0	261	7
467	0	261	7
468	0	261	7
469	0	261	7
470	0	261	7
471	0	261	7
471	0	1878	8
472	0	261	7
473	0	261	7
474	0	261	7
475	0	261	7
476	0	261	7
477	0	261	7
478	0	261	7
479	0	261	7
480	0	261	7
481	0	261	7
482	0	261	7
483	0	261	7
484	0	261	7
485	0	261	7
486	0	261	7
487	0	261	7
488	0	261	7
489	0	261	7
490	0	261	7
490	0	1982	8
491	0	261	7
492	0	261	7
493	0	261	7
494	0	261	7
494	0	1930	8
495	0	261	7
496	0	261	7
497	0	261	7
498	0	261	7
498	0	1982	8
499	0	261	7
500	0	261	7
501	0	261	7
502	0	261	7
503	0	261	7
504	0	261	7
505	0	261	7
506	0	261	7
507	0	261	7
508	0	261	7
509	0	261	7
510	0	261	7
511	0	261	7
512	0	261	7
513	0	261	7
514	0	261	7
515	0	261	7
516	0	261	7
517	0	261	7
518	0	261	7
519	0	261	7
520	0	261	7
521	0	261	7
522	0	261	7
523	0	261	7
524	0	261	7
525	0	261	7
526	0	261	7
527	0	261	7
527	0	1878	8
528	0	261	7
529	0	261	7
530	0	261	7
531	0	261	7
532	0	261	7
533	0	261	7
534	0	261	7
535	0	261	7
536	0	261	7
537	0	261	7
538	0	261	7
539	0	261	7
540	0	261	7
541	0	261	7
542	0	261	7
543	0	261	7
544	0	261	7
545	0	261	7
546	0	261	7
547	0	261	7
548	0	261	7
549	0	261	7
550	0	261	7
551	0	261	7
552	0	261	7
553	0	261	7
554	0	261	7
555	0	261	7
556	0	261	7
557	0	261	7
558	0	261	7
559	0	261	7
559	0	1930	8
560	0	261	7
560	0	1930	8
561	0	261	7
562	0	261	7
563	0	261	7
564	0	261	7
565	0	261	7
566	0	261	7
567	0	261	7
568	0	261	7
569	0	261	7
570	0	261	7
571	0	261	7
572	0	261	7
573	0	261	7
574	0	261	7
574	0	1878	8
575	0	261	7
576	0	261	7
577	0	261	7
578	0	261	7
578	0	1930	8
579	0	261	7
580	0	261	7
581	0	261	7
582	0	261	7
583	0	261	7
584	0	261	7
585	0	261	7
586	0	261	7
587	0	261	7
588	0	261	7
589	0	261	7
590	0	261	7
591	0	261	7
592	0	261	7
593	0	261	7
594	0	261	7
594	0	1930	8
595	0	261	7
596	0	261	7
597	0	261	7
598	0	261	7
599	0	261	7
600	0	261	7
601	0	261	7
602	0	261	7
603	0	261	7
604	0	261	7
605	0	261	7
606	0	261	7
607	0	261	7
608	0	261	7
609	0	261	7
610	0	261	7
611	0	261	7
612	0	261	7
613	0	261	7
613	0	1878	8
614	0	261	7
615	0	261	7
616	0	261	7
617	0	261	7
618	0	261	7
619	0	261	7
620	0	261	7
621	0	261	7
622	0	261	7
623	0	261	7
624	0	261	7
625	0	261	7
626	0	261	7
627	0	261	7
628	0	261	7
629	0	261	7
630	0	261	7
631	0	261	7
632	0	261	7
633	0	261	7
634	0	261	7
635	0	261	7
636	0	261	7
636	0	1878	8
637	0	261	7
638	0	261	7
639	0	261	7
639	0	1930	8
640	0	261	7
641	0	261	7
642	0	261	7
643	0	261	7
644	0	261	7
645	0	261	7
646	0	261	7
647	0	261	7
648	0	261	7
649	0	261	7
650	0	261	7
651	0	261	7
652	0	261	7
653	0	261	7
654	0	261	7
655	0	261	7
656	0	261	7
656	0	1982	8
657	0	261	7
657	0	2035	8
658	0	261	7
659	0	261	7
660	0	261	7
661	0	261	7
661	0	1930	8
662	0	261	7
663	0	261	7
664	0	261	7
665	0	261	7
666	0	261	7
667	0	261	7
668	0	261	7
669	0	261	7
670	0	261	7
671	0	261	7
672	0	261	7
673	0	261	7
674	0	261	7
675	0	261	7
675	0	1878	8
676	0	261	7
677	0	261	7
678	0	261	7
679	0	261	7
680	0	261	7
681	0	261	7
682	0	261	7
683	0	261	7
683	0	1878	8
684	0	261	7
685	0	261	7
686	0	261	7
687	0	261	7
688	0	261	7
689	0	261	7
690	0	261	7
691	0	261	7
692	0	261	7
693	0	261	7
694	0	261	7
695	0	261	7
696	0	261	7
697	0	261	7
698	0	261	7
699	0	261	7
700	0	261	7
701	0	261	7
702	0	261	7
702	0	1982	8
703	0	261	7
704	0	261	7
705	0	261	7
706	0	261	7
707	0	261	7
708	0	261	7
709	0	261	7
710	0	261	7
711	0	261	7
712	0	261	7
713	0	261	7
714	0	261	7
715	0	261	7
716	0	261	7
717	0	261	7
717	0	1982	8
718	0	261	7
719	0	261	7
720	0	261	7
721	0	261	7
722	0	261	7
723	0	261	7
724	0	261	7
725	0	261	7
726	0	261	7
727	0	261	7
727	0	1982	8
728	0	261	7
729	0	261	7
730	0	261	7
731	0	261	7
732	0	261	7
733	0	261	7
734	0	261	7
735	0	261	7
736	0	261	7
737	0	261	7
738	0	261	7
739	0	261	7
740	0	261	7
741	0	261	7
742	0	261	7
743	0	261	7
744	0	261	7
745	0	261	7
746	0	261	7
747	0	261	7
748	0	261	7
749	0	261	7
750	0	261	7
750	0	2035	8
751	0	261	7
752	0	261	7
753	0	261	7
754	0	261	7
755	0	261	7
756	0	261	7
757	0	261	7
758	0	261	7
759	0	261	7
760	0	261	7
761	0	261	7
762	0	261	7
763	0	261	7
764	0	261	7
765	0	261	7
766	0	261	7
767	0	261	7
768	0	261	7
768	0	2035	8
769	0	261	7
770	0	261	7
771	0	261	7
772	0	261	7
773	0	261	7
774	0	261	7
775	0	261	7
776	0	261	7
777	0	261	7
778	0	261	7
779	0	261	7
780	0	261	7
781	0	261	7
782	0	261	7
783	0	261	7
784	0	261	7
784	0	1930	8
785	0	261	7
786	0	261	7
787	0	261	7
788	0	261	7
789	0	261	7
790	0	261	7
791	0	261	7
792	0	261	7
793	0	261	7
794	0	261	7
795	0	261	7
796	0	261	7
797	0	261	7
798	0	261	7
799	0	261	7
800	0	261	7
801	0	261	7
802	0	261	7
803	0	261	7
804	0	261	7
805	0	261	7
806	0	261	7
807	0	261	7
808	0	261	7
809	0	261	7
810	0	261	7
811	0	261	7
812	0	261	7
813	0	261	7
814	0	261	7
815	0	261	7
816	0	261	7
817	0	261	7
818	0	261	7
819	0	261	7
820	0	261	7
821	0	261	7
822	0	261	7
823	0	261	7
824	0	261	7
825	0	261	7
826	0	261	7
827	0	261	7
828	0	261	7
829	0	261	7
830	0	261	7
831	0	261	7
832	0	261	7
833	0	261	7
834	0	261	7
835	0	261	7
836	0	261	7
837	0	261	7
838	0	261	7
839	0	261	7
840	0	261	7
841	0	261	7
842	0	261	7
843	0	261	7
844	0	261	7
845	0	261	7
846	0	261	7
847	0	261	7
848	0	261	7
849	0	261	7
850	0	261	7
851	0	261	7
852	0	261	7
853	0	261	7
854	0	261	7
855	0	261	7
856	0	261	7
857	0	261	7
858	0	261	7
859	0	261	7
860	0	261	7
861	0	261	7
862	0	261	7
863	0	261	7
864	0	261	7
865	0	261	7
866	0	261	7
867	0	261	7
868	0	261	7
869	0	261	7
870	0	261	7
871	0	261	7
872	0	261	7
873	0	261	7
874	0	261	7
875	0	261	7
876	0	261	7
877	0	261	7
878	0	261	7
879	0	261	7
880	0	261	7
881	0	261	7
882	0	261	7
883	0	261	7
884	0	261	7
885	0	261	7
886	0	261	7
887	0	261	7
888	0	261	7
889	0	261	7
889	0	1930	8
890	0	261	7
891	0	261	7
892	0	261	7
893	0	261	7
894	0	261	7
895	0	261	7
895	0	1878	8
896	0	261	7
897	0	261	7
897	0	1878	8
898	0	261	7
899	0	261	7
900	0	261	7
901	0	261	7
902	0	261	7
903	0	261	7
904	0	261	7
905	0	261	7
906	0	261	7
907	0	261	7
908	0	261	7
909	0	261	7
910	0	261	7
911	0	261	7
912	0	261	7
913	0	261	7
914	0	261	7
915	0	261	7
916	0	261	7
917	0	261	7
918	0	261	7
919	0	261	7
920	0	261	7
921	0	261	7
922	0	261	7
923	0	261	7
924	0	261	7
925	0	261	7
926	0	261	7
927	0	261	7
928	0	261	7
929	0	261	7
930	0	261	7
931	0	261	7
932	0	261	7
933	0	261	7
934	0	261	7
935	0	261	7
936	0	261	7
937	0	261	7
938	0	261	7
938	0	2035	8
939	0	261	7
940	0	261	7
941	0	261	7
942	0	261	7
943	0	261	7
944	0	261	7
945	0	261	7
946	0	261	7
947	0	261	7
948	0	261	7
949	0	261	7
950	0	261	7
951	0	261	7
952	0	261	7
953	0	261	7
954	0	261	7
955	0	261	7
956	0	261	7
957	0	261	7
958	0	261	7
959	0	261	7
960	0	261	7
961	0	261	7
962	0	261	7
963	0	261	7
964	0	261	7
965	0	261	7
966	0	261	7
967	0	261	7
968	0	261	7
969	0	261	7
969	0	1982	8
970	0	261	7
971	0	261	7
972	0	261	7
973	0	261	7
974	0	261	7
975	0	261	7
976	0	261	7
977	0	261	7
978	0	261	7
979	0	261	7
980	0	261	7
981	0	261	7
982	0	261	7
983	0	261	7
984	0	261	7
985	0	261	7
986	0	261	7
987	0	261	7
988	0	261	7
989	0	261	7
990	0	261	7
991	0	261	7
992	0	261	7
993	0	261	7
994	0	261	7
995	0	261	7
996	0	261	7
997	0	261	7
998	0	261	7
999	0	261	7
0	1	261	9
0	1	521	10
0	1	782	11
1	1	261	9
1	1	521	10
1	1	782	11
2	1	261	9
2	1	521	10
2	1	782	11
3	1	261	9
3	1	521	10
3	1	782	11
4	1	261	9
4	1	521	10
4	1	782	11
5	1	261	9
5	1	521	10
5	1	782	11
6	1	261	9
6	1	521	10
6	1	782	11
7	1	261	9
7	1	521	10
7	1	782	11
8	1	261	9
8	1	521	10
8	1	782	11
9	1	261	9
9	1	521	10
9	1	782	11
10	1	261	9
10	1	521	10
10	1	782	11
11	1	261	9
11	1	521	10
11	1	782	11
12	1	261	9
12	1	521	10
12	1	782	11
13	1	261	9
13	1	521	10
13	1	782	11
14	1	261	9
14	1	521	10
14	1	782	11
15	1	261	9
15	1	521	10
15	1	782	11
16	1	261	9
16	1	521	10
16	1	782	11
17	1	261	9
17	1	521	10
17	1	782	11
18	1	261	9
18	1	521	10
18	1	782	11
19	1	261	9
19	1	521	10
19	1	782	11
20	1	261	9
20	1	521	10
20	1	782	11
21	1	261	9
21	1	521	10
21	1	782	11
22	1	261	9
22	1	521	10
22	1	782	11
23	1	261	9
23	1	521	10
23	1	782	11
24	1	261	9
24	1	521	10
24	1	782	11
25	1	261	9
25	1	521	10
25	1	782	11
26	1	261	9
26	1	521	10
26	1	782	11
27	1	261	9
27	1	521	10
27	1	782	11
28	1	261	9
28	1	521	10
28	1	782	11
29	1	261	9
29	1	521	10
29	1	782	11
30	1	261	9
30	1	521	10
30	1	782	11
31	1	261	9
31	1	521	10
31	1	782	11
32	1	261	9
32	1	521	10
32	1	782	11
33	1	261	9
33	1	521	10
33	1	782	11
34	1	261	9
34	1	521	10
34	1	782	11
35	1	261	9
35	1	521	10
35	1	782	11
36	1	261	9
36	1	521	10
36	1	782	11
37	1	261	9
37	1	521	10
37	1	782	11
38	1	261	9
38	1	521	10
38	1	782	11
39	1	261	9
39	1	521	10
39	1	782	11
40	1	261	9
40	1	521	10
40	1	782	11
41	1	261	9
41	1	521	10
41	1	782	11
42	1	261	9
42	1	521	10
42	1	782	11
43	1	261	9
43	1	521	10
43	1	782	11
44	1	261	9
44	1	521	10
44	1	782	11
45	1	261	9
45	1	521	10
45	1	782	11
46	1	261	9
46	1	521	10
46	1	782	11
47	1	261	9
47	1	521	10
47	1	782	11
48	1	261	9
48	1	521	10
48	1	782	11
49	1	261	9
49	1	521	10
49	1	782	11
50	1	261	9
50	1	521	10
50	1	782	11
51	1	261	9
51	1	521	10
51	1	782	11
52	1	261	9
52	1	521	10
52	1	782	11
53	1	261	9
53	1	521	10
53	1	782	11
54	1	261	9
54	1	521	10
54	1	782	11
55	1	261	9
55	1	521	10
55	1	782	11
56	1	261	9
56	1	521	10
56	1	782	11
57	1	261	9
57	1	521	10
57	1	782	11
58	1	261	9
58	1	521	10
58	1	782	11
59	1	261	9
59	1	521	10
59	1	782	11
60	1	261	9
60	1	521	10
60	1	782	11
61	1	261	9
61	1	521	10
61	1	782	11
62	1	261	9
62	1	521	10
62	1	782	11
63	1	261	9
63	1	521	10
63	1	782	11
64	1	261	9
64	1	521	10
64	1	782	11
65	1	261	9
65	1	521	10
65	1	782	11
66	1	261	9
66	1	521	10
66	1	782	11
67	1	261	9
67	1	521	10
67	1	782	11
68	1	261	9
68	1	521	10
68	1	782	11
69	1	261	9
69	1	521	10
69	1	782	11
70	1	261	9
70	1	521	10
70	1	782	11
71	1	261	9
71	1	521	10
71	1	782	11
72	1	261	9
72	1	521	10
72	1	782	11
73	1	261	9
73	1	521	10
73	1	782	11
74	1	261	9
74	1	521	10
74	1	782	11
75	1	261	9
75	1	521	10
75	1	782	11
76	1	261	9
76	1	521	10
76	1	782	11
77	1	261	9
77	1	521	10
77	1	782	11
78	1	261	9
78	1	521	10
78	1	782	11
79	1	261	9
79	1	521	10
79	1	782	11
80	1	261	9
80	1	521	10
80	1	782	11
81	1	261	9
81	1	521	10
81	1	782	11
82	1	261	9
82	1	521	10
82	1	782	11
83	1	261	9
83	1	521	10
83	1	782	11
84	1	261	9
84	1	521	10
84	1	782	11
85	1	261	9
85	1	521	10
85	1	782	11
86	1	261	9
86	1	521	10
86	1	782	11
87	1	261	9
87	1	521	10
87	1	782	11
88	1	261	9
88	1	521	10
88	1	782	11
89	1	261	9
89	1	521	10
89	1	782	11
90	1	261	9
90	1	521	10
90	1	782	11
91	1	261	9
91	1	521	10
91	1	782	11
92	1	261	9
92	1	521	10
92	1	782	11
93	1	261	9
93	1	521	10
93	1	782	11
94	1	261	9
94	1	521	10
94	1	782	11
95	1	261	9
95	1	521	10
95	1	782	11
96	1	261	9
96	1	521	10
96	1	782	11
97	1	261	9
97	1	521	10
97	1	782	11
98	1	261	9
98	1	521	10
98	1	782	11
99	1	261	9
99	1	521	10
99	1	782	11
100	1	261	9
100	1	521	10
100	1	782	11
101	1	261	9
101	1	521	10
101	1	782	11
102	1	261	9
102	1	521	10
102	1	782	11
103	1	261	9
103	1	521	10
103	1	782	11
104	1	261	9
104	1	521	10
104	1	782	11
105	1	261	9
105	1	521	10
105	1	782	11
106	1	261	9
106	1	521	10
106	1	782	11
107	1	261	9
107	1	521	10
107	1	782	11
108	1	261	9
108	1	521	10
108	1	782	11
109	1	261	9
109	1	521	10
109	1	782	11
110	1	261	9
110	1	521	10
110	1	782	11
111	1	261	9
111	1	521	10
111	1	782	11
112	1	261	9
112	1	521	10
112	1	782	11
113	1	261	9
113	1	521	10
113	1	782	11
114	1	261	9
114	1	521	10
114	1	782	11
115	1	261	9
115	1	521	10
115	1	782	11
116	1	261	9
116	1	521	10
116	1	782	11
117	1	261	9
117	1	521	10
117	1	782	11
118	1	261	9
118	1	521	10
118	1	782	11
119	1	261	9
119	1	521	10
119	1	782	11
120	1	261	9
120	1	521	10
120	1	782	11
121	1	261	9
121	1	521	10
121	1	782	11
122	1	261	9
122	1	521	10
122	1	782	11
123	1	261	9
123	1	521	10
123	1	782	11
124	1	261	9
124	1	521	10
124	1	782	11
125	1	261	9
125	1	521	10
125	1	782	11
126	1	261	9
126	1	521	10
126	1	782	11
127	1	261	9
127	1	521	10
127	1	782	11
128	1	261	9
128	1	521	10
128	1	782	11
129	1	261	9
129	1	521	10
129	1	782	11
130	1	261	9
130	1	521	10
130	1	782	11
131	1	261	9
131	1	521	10
131	1	782	11
132	1	261	9
132	1	521	10
132	1	782	11
133	1	261	9
133	1	521	10
133	1	782	11
134	1	261	9
134	1	521	10
134	1	782	11
135	1	261	9
135	1	521	10
135	1	782	11
136	1	261	9
136	1	521	10
136	1	782	11
137	1	261	9
137	1	521	10
137	1	782	11
138	1	261	9
138	1	521	10
138	1	782	11
139	1	261	9
139	1	521	10
139	1	782	11
140	1	261	9
140	1	521	10
140	1	782	11
141	1	261	9
141	1	521	10
141	1	782	11
142	1	261	9
142	1	521	10
142	1	782	11
143	1	261	9
143	1	521	10
143	1	782	11
144	1	261	9
144	1	521	10
144	1	782	11
145	1	261	9
145	1	521	10
145	1	782	11
146	1	261	9
146	1	521	10
146	1	782	11
147	1	261	9
147	1	521	10
147	1	782	11
148	1	261	9
148	1	521	10
148	1	782	11
149	1	261	9
149	1	521	10
149	1	782	11
150	1	261	9
150	1	521	10
150	1	782	11
151	1	261	9
151	1	521	10
151	1	782	11
152	1	261	9
152	1	521	10
152	1	782	11
153	1	261	9
153	1	521	10
153	1	782	11
154	1	261	9
154	1	521	10
154	1	782	11
155	1	261	9
155	1	521	10
155	1	782	11
156	1	261	9
156	1	521	10
156	1	782	11
157	1	261	9
157	1	521	10
157	1	782	11
158	1	261	9
158	1	521	10
158	1	782	11
159	1	261	9
159	1	521	10
159	1	782	11
160	1	261	9
160	1	521	10
160	1	782	11
161	1	261	9
161	1	521	10
161	1	782	11
162	1	261	9
162	1	521	10
162	1	782	11
163	1	261	9
163	1	521	10
163	1	782	11
164	1	261	9
164	1	521	10
164	1	782	11
165	1	261	9
165	1	521	10
165	1	782	11
166	1	261	9
166	1	521	10
166	1	782	11
167	1	261	9
167	1	521	10
167	1	782	11
168	1	261	9
168	1	521	10
168	1	782	11
169	1	261	9
169	1	521	10
169	1	782	11
170	1	261	9
170	1	521	10
170	1	782	11
171	1	261	9
171	1	521	10
171	1	782	11
172	1	261	9
172	1	521	10
172	1	782	11
173	1	261	9
173	1	521	10
173	1	782	11
174	1	261	9
174	1	521	10
174	1	782	11
175	1	261	9
175	1	521	10
175	1	782	11
176	1	261	9
176	1	521	10
176	1	782	11
177	1	261	9
177	1	521	10
177	1	782	11
178	1	261	9
178	1	521	10
178	1	782	11
179	1	261	9
179	1	521	10
179	1	782	11
180	1	261	9
180	1	521	10
180	1	782	11
181	1	261	9
181	1	521	10
181	1	782	11
182	1	261	9
182	1	521	10
182	1	782	11
183	1	261	9
183	1	521	10
183	1	782	11
184	1	261	9
184	1	521	10
184	1	782	11
185	1	261	9
185	1	521	10
185	1	782	11
186	1	261	9
186	1	521	10
186	1	782	11
187	1	261	9
187	1	521	10
187	1	782	11
188	1	261	9
188	1	521	10
188	1	782	11
189	1	261	9
189	1	521	10
189	1	782	11
190	1	261	9
190	1	521	10
190	1	782	11
191	1	261	9
191	1	521	10
191	1	782	11
192	1	261	9
192	1	521	10
192	1	782	11
193	1	261	9
193	1	521	10
193	1	782	11
194	1	261	9
194	1	521	10
194	1	782	11
195	1	261	9
195	1	521	10
195	1	782	11
196	1	261	9
196	1	521	10
196	1	782	11
197	1	261	9
197	1	521	10
197	1	782	11
198	1	261	9
198	1	521	10
198	1	782	11
199	1	261	9
199	1	521	10
199	1	782	11
200	1	261	9
200	1	521	10
200	1	782	11
201	1	261	9
201	1	521	10
201	1	782	11
202	1	261	9
202	1	521	10
202	1	782	11
203	1	261	9
203	1	521	10
203	1	782	11
204	1	261	9
204	1	521	10
204	1	782	11
205	1	261	9
205	1	521	10
205	1	782	11
206	1	261	9
206	1	521	10
206	1	782	11
207	1	261	9
207	1	521	10
207	1	782	11
208	1	261	9
208	1	521	10
208	1	782	11
209	1	261	9
209	1	521	10
209	1	782	11
210	1	261	9
210	1	521	10
210	1	782	11
211	1	261	9
211	1	521	10
211	1	782	11
212	1	261	9
212	1	521	10
212	1	782	11
213	1	261	9
213	1	521	10
213	1	782	11
214	1	261	9
214	1	521	10
214	1	782	11
215	1	261	9
215	1	521	10
215	1	782	11
216	1	261	9
216	1	521	10
216	1	782	11
217	1	261	9
217	1	521	10
217	1	782	11
218	1	261	9
218	1	521	10
218	1	782	11
219	1	261	9
219	1	521	10
219	1	782	11
220	1	261	9
220	1	521	10
220	1	782	11
221	1	261	9
221	1	521	10
221	1	782	11
222	1	261	9
222	1	521	10
222	1	782	11
223	1	261	9
223	1	521	10
223	1	782	11
224	1	261	9
224	1	521	10
224	1	782	11
225	1	261	9
225	1	521	10
225	1	782	11
226	1	261	9
226	1	521	10
226	1	782	11
227	1	261	9
227	1	521	10
227	1	782	11
228	1	261	9
228	1	521	10
228	1	782	11
229	1	261	9
229	1	521	10
229	1	782	11
230	1	261	9
230	1	521	10
230	1	782	11
231	1	261	9
231	1	521	10
231	1	782	11
232	1	261	9
232	1	521	10
232	1	782	11
233	1	261	9
233	1	521	10
233	1	782	11
234	1	261	9
234	1	521	10
234	1	782	11
235	1	261	9
235	1	521	10
235	1	782	11
236	1	261	9
236	1	521	10
236	1	782	11
237	1	261	9
237	1	521	10
237	1	782	11
238	1	261	9
238	1	521	10
238	1	782	11
239	1	261	9
239	1	521	10
239	1	782	11
240	1	261	9
240	1	521	10
240	1	782	11
241	1	261	9
241	1	521	10
241	1	782	11
242	1	261	9
242	1	521	10
242	1	782	11
243	1	261	9
243	1	521	10
243	1	782	11
244	1	261	9
244	1	521	10
244	1	782	11
245	1	261	9
245	1	521	10
245	1	782	11
246	1	261	9
246	1	521	10
246	1	782	11
247	1	261	9
247	1	521	10
247	1	782	11
248	1	261	9
248	1	521	10
248	1	782	11
249	1	261	9
249	1	521	10
249	1	782	11
250	1	261	9
250	1	521	10
250	1	782	11
251	1	261	9
251	1	521	10
251	1	782	11
252	1	261	9
252	1	521	10
252	1	782	11
253	1	261	9
253	1	521	10
253	1	782	11
254	1	261	9
254	1	521	10
254	1	782	11
255	1	261	9
255	1	521	10
255	1	782	11
256	1	261	9
256	1	521	10
256	1	782	11
257	1	261	9
257	1	521	10
257	1	782	11
258	1	261	9
258	1	521	10
258	1	782	11
259	1	261	9
259	1	521	10
259	1	782	11
260	1	261	9
260	1	521	10
260	1	782	11
261	1	261	9
261	1	521	10
261	1	782	11
262	1	261	9
262	1	521	10
262	1	782	11
263	1	261	9
263	1	521	10
263	1	782	11
264	1	261	9
264	1	521	10
264	1	782	11
265	1	261	9
265	1	521	10
265	1	782	11
266	1	261	9
266	1	521	10
266	1	782	11
267	1	261	9
267	1	521	10
267	1	782	11
268	1	261	9
268	1	521	10
268	1	782	11
269	1	261	9
269	1	521	10
269	1	782	11
270	1	261	9
270	1	521	10
270	1	782	11
271	1	261	9
271	1	521	10
271	1	782	11
272	1	261	9
272	1	521	10
272	1	782	11
273	1	261	9
273	1	521	10
273	1	782	11
274	1	261	9
274	1	521	10
274	1	782	11
275	1	261	9
275	1	521	10
275	1	782	11
276	1	261	9
276	1	521	10
276	1	782	11
277	1	261	9
277	1	521	10
277	1	782	11
278	1	261	9
278	1	521	10
278	1	782	11
279	1	261	9
279	1	521	10
279	1	782	11
280	1	261	9
280	1	521	10
280	1	782	11
281	1	261	9
281	1	521	10
281	1	782	11
282	1	261	9
282	1	521	10
282	1	782	11
283	1	261	9
283	1	521	10
283	1	782	11
284	1	261	9
284	1	521	10
284	1	782	11
285	1	261	9
285	1	521	10
285	1	782	11
286	1	261	9
286	1	521	10
286	1	782	11
287	1	261	9
287	1	521	10
287	1	782	11
288	1	261	9
288	1	521	10
288	1	782	11
289	1	261	9
289	1	521	10
289	1	782	11
290	1	261	9
290	1	521	10
290	1	782	11
291	1	261	9
291	1	521	10
291	1	782	11
292	1	261	9
292	1	521	10
292	1	782	11
293	1	261	9
293	1	521	10
293	1	782	11
294	1	261	9
294	1	521	10
294	1	782	11
295	1	261	9
295	1	521	10
295	1	782	11
296	1	261	9
296	1	521	10
296	1	782	11
297	1	261	9
297	1	521	10
297	1	782	11
298	1	261	9
298	1	521	10
298	1	782	11
299	1	261	9
299	1	521	10
299	1	782	11
300	1	261	9
300	1	521	10
300	1	782	11
301	1	261	9
301	1	521	10
301	1	782	11
302	1	261	9
302	1	521	10
302	1	782	11
303	1	261	9
303	1	521	10
303	1	782	11
304	1	261	9
304	1	521	10
304	1	782	11
305	1	261	9
305	1	521	10
305	1	782	11
306	1	261	9
306	1	521	10
306	1	782	11
307	1	261	9
307	1	521	10
307	1	782	11
308	1	261	9
308	1	521	10
308	1	782	11
309	1	261	9
309	1	521	10
309	1	782	11
310	1	261	9
310	1	521	10
310	1	782	11
311	1	261	9
311	1	521	10
311	1	782	11
312	1	261	9
312	1	521	10
312	1	782	11
313	1	261	9
313	1	521	10
313	1	782	11
314	1	261	9
314	1	521	10
314	1	782	11
315	1	261	9
315	1	521	10
315	1	782	11
316	1	261	9
316	1	521	10
316	1	782	11
317	1	261	9
317	1	521	10
317	1	782	11
318	1	261	9
318	1	521	10
318	1	782	11
319	1	261	9
319	1	521	10
319	1	782	11
320	1	261	9
320	1	521	10
320	1	782	11
321	1	261	9
321	1	521	10
321	1	782	11
322	1	261	9
322	1	521	10
322	1	782	11
323	1	261	9
323	1	521	10
323	1	782	11
324	1	261	9
324	1	521	10
324	1	782	11
325	1	261	9
325	1	521	10
325	1	782	11
326	1	261	9
326	1	521	10
326	1	782	11
327	1	261	9
327	1	521	10
327	1	782	11
328	1	261	9
328	1	521	10
328	1	782	11
329	1	261	9
329	1	521	10
329	1	782	11
330	1	261	9
330	1	521	10
330	1	782	11
331	1	261	9
331	1	521	10
331	1	782	11
332	1	261	9
332	1	521	10
332	1	782	11
333	1	261	9
333	1	521	10
333	1	782	11
334	1	261	9
334	1	521	10
334	1	782	11
335	1	261	9
335	1	521	10
335	1	782	11
336	1	261	9
336	1	521	10
336	1	782	11
337	1	261	9
337	1	521	10
337	1	782	11
338	1	261	9
338	1	521	10
338	1	782	11
339	1	261	9
339	1	521	10
339	1	782	11
340	1	261	9
340	1	521	10
340	1	782	11
341	1	261	9
341	1	521	10
341	1	782	11
342	1	261	9
342	1	521	10
342	1	782	11
343	1	261	9
343	1	521	10
343	1	782	11
344	1	261	9
344	1	521	10
344	1	782	11
345	1	261	9
345	1	521	10
345	1	782	11
346	1	261	9
346	1	521	10
346	1	782	11
347	1	261	9
347	1	521	10
347	1	782	11
348	1	261	9
348	1	521	10
348	1	782	11
349	1	261	9
349	1	521	10
349	1	782	11
350	1	261	9
350	1	521	10
350	1	782	11
351	1	261	9
351	1	521	10
351	1	782	11
352	1	261	9
352	1	521	10
352	1	782	11
353	1	261	9
353	1	521	10
353	1	782	11
354	1	261	9
354	1	521	10
354	1	782	11
355	1	261	9
355	1	521	10
355	1	782	11
356	1	261	9
356	1	521	10
356	1	782	11
357	1	261	9
357	1	521	10
357	1	782	11
358	1	261	9
358	1	521	10
358	1	782	11
359	1	261	9
359	1	521	10
359	1	782	11
360	1	261	9
360	1	521	10
360	1	782	11
361	1	261	9
361	1	521	10
361	1	782	11
362	1	261	9
362	1	521	10
362	1	782	11
363	1	261	9
363	1	521	10
363	1	782	11
364	1	261	9
364	1	521	10
364	1	782	11
365	1	261	9
365	1	521	10
365	1	782	11
366	1	261	9
366	1	521	10
366	1	782	11
367	1	261	9
367	1	521	10
367	1	782	11
368	1	261	9
368	1	521	10
368	1	782	11
369	1	261	9
369	1	521	10
369	1	782	11
370	1	261	9
370	1	521	10
370	1	782	11
371	1	261	9
371	1	521	10
371	1	782	11
372	1	261	9
372	1	521	10
372	1	782	11
373	1	261	9
373	1	521	10
373	1	782	11
374	1	261	9
374	1	521	10
374	1	782	11
375	1	261	9
375	1	521	10
375	1	782	11
376	1	261	9
376	1	521	10
376	1	782	11
377	1	261	9
377	1	521	10
377	1	782	11
378	1	261	9
378	1	521	10
378	1	782	11
379	1	261	9
379	1	521	10
379	1	782	11
380	1	261	9
380	1	521	10
380	1	782	11
381	1	261	9
381	1	521	10
381	1	782	11
382	1	261	9
382	1	521	10
382	1	782	11
383	1	261	9
383	1	521	10
383	1	782	11
384	1	261	9
384	1	521	10
384	1	782	11
385	1	261	9
385	1	521	10
385	1	782	11
386	1	261	9
386	1	521	10
386	1	782	11
387	1	261	9
387	1	521	10
387	1	782	11
388	1	261	9
388	1	521	10
388	1	782	11
389	1	261	9
389	1	521	10
389	1	782	11
390	1	261	9
390	1	521	10
390	1	782	11
391	1	261	9
391	1	521	10
391	1	782	11
392	1	261	9
392	1	521	10
392	1	782	11
393	1	261	9
393	1	521	10
393	1	782	11
394	1	261	9
394	1	521	10
394	1	782	11
395	1	261	9
395	1	521	10
395	1	782	11
396	1	261	9
396	1	521	10
396	1	782	11
397	1	261	9
397	1	521	10
397	1	782	11
398	1	261	9
398	1	521	10
398	1	782	11
399	1	261	9
399	1	521	10
399	1	782	11
400	1	261	9
400	1	521	10
400	1	782	11
401	1	261	9
401	1	521	10
401	1	782	11
402	1	261	9
402	1	521	10
402	1	782	11
403	1	261	9
403	1	521	10
403	1	782	11
404	1	261	9
404	1	521	10
404	1	782	11
405	1	261	9
405	1	521	10
405	1	782	11
406	1	261	9
406	1	521	10
406	1	782	11
407	1	261	9
407	1	521	10
407	1	782	11
408	1	261	9
408	1	521	10
408	1	782	11
409	1	261	9
409	1	521	10
409	1	782	11
410	1	261	9
410	1	521	10
410	1	782	11
411	1	261	9
411	1	521	10
411	1	782	11
412	1	261	9
412	1	521	10
412	1	782	11
413	1	261	9
413	1	521	10
413	1	782	11
414	1	261	9
414	1	521	10
414	1	782	11
415	1	261	9
415	1	521	10
415	1	782	11
416	1	261	9
416	1	521	10
416	1	782	11
417	1	261	9
417	1	521	10
417	1	782	11
418	1	261	9
418	1	521	10
418	1	782	11
419	1	261	9
419	1	521	10
419	1	782	11
420	1	261	9
420	1	521	10
420	1	782	11
421	1	261	9
421	1	521	10
421	1	782	11
422	1	261	9
422	1	521	10
422	1	782	11
423	1	261	9
423	1	521	10
423	1	782	11
424	1	261	9
424	1	521	10
424	1	782	11
425	1	261	9
425	1	521	10
425	1	782	11
426	1	261	9
426	1	521	10
426	1	782	11
427	1	261	9
427	1	521	10
427	1	782	11
428	1	261	9
428	1	521	10
428	1	782	11
429	1	261	9
429	1	521	10
429	1	782	11
430	1	261	9
430	1	521	10
430	1	782	11
431	1	261	9
431	1	521	10
431	1	782	11
432	1	261	9
432	1	521	10
432	1	782	11
433	1	261	9
433	1	521	10
433	1	782	11
434	1	261	9
434	1	521	10
434	1	782	11
435	1	261	9
435	1	521	10
435	1	782	11
436	1	261	9
436	1	521	10
436	1	782	11
437	1	261	9
437	1	521	10
437	1	782	11
438	1	261	9
438	1	521	10
438	1	782	11
439	1	261	9
439	1	521	10
439	1	782	11
440	1	261	9
440	1	521	10
440	1	782	11
441	1	261	9
441	1	521	10
441	1	782	11
442	1	261	9
442	1	521	10
442	1	782	11
443	1	261	9
443	1	521	10
443	1	782	11
444	1	261	9
444	1	521	10
444	1	782	11
445	1	261	9
445	1	521	10
445	1	782	11
446	1	261	9
446	1	521	10
446	1	782	11
447	1	261	9
447	1	521	10
447	1	782	11
448	1	261	9
448	1	521	10
448	1	782	11
449	1	261	9
449	1	521	10
449	1	782	11
450	1	261	9
450	1	521	10
450	1	782	11
451	1	261	9
451	1	521	10
451	1	782	11
452	1	261	9
452	1	521	10
452	1	782	11
453	1	261	9
453	1	521	10
453	1	782	11
454	1	261	9
454	1	521	10
454	1	782	11
455	1	261	9
455	1	521	10
455	1	782	11
456	1	261	9
456	1	521	10
456	1	782	11
457	1	261	9
457	1	521	10
457	1	782	11
458	1	261	9
458	1	521	10
458	1	782	11
459	1	261	9
459	1	521	10
459	1	782	11
460	1	261	9
460	1	521	10
460	1	782	11
461	1	261	9
461	1	521	10
461	1	782	11
462	1	261	9
462	1	521	10
462	1	782	11
463	1	261	9
463	1	521	10
463	1	782	11
464	1	261	9
464	1	521	10
464	1	782	11
465	1	261	9
465	1	521	10
465	1	782	11
466	1	261	9
466	1	521	10
466	1	782	11
467	1	261	9
467	1	521	10
467	1	782	11
468	1	261	9
468	1	521	10
468	1	782	11
469	1	261	9
469	1	521	10
469	1	782	11
470	1	261	9
470	1	521	10
470	1	782	11
471	1	261	9
471	1	521	10
471	1	782	11
472	1	261	9
472	1	521	10
472	1	782	11
473	1	261	9
473	1	521	10
473	1	782	11
474	1	261	9
474	1	521	10
474	1	782	11
475	1	261	9
475	1	521	10
475	1	782	11
476	1	261	9
476	1	521	10
476	1	782	11
477	1	261	9
477	1	521	10
477	1	782	11
478	1	261	9
478	1	521	10
478	1	782	11
479	1	261	9
479	1	521	10
479	1	782	11
480	1	261	9
480	1	521	10
480	1	782	11
481	1	261	9
481	1	521	10
481	1	782	11
482	1	261	9
482	1	521	10
482	1	782	11
483	1	261	9
483	1	521	10
483	1	782	11
484	1	261	9
484	1	521	10
484	1	782	11
485	1	261	9
485	1	521	10
485	1	782	11
486	1	261	9
486	1	521	10
486	1	782	11
487	1	261	9
487	1	521	10
487	1	782	11
488	1	261	9
488	1	521	10
488	1	782	11
489	1	261	9
489	1	521	10
489	1	782	11
490	1	261	9
490	1	521	10
490	1	782	11
491	1	261	9
491	1	521	10
491	1	782	11
492	1	261	9
492	1	521	10
492	1	782	11
493	1	261	9
493	1	521	10
493	1	782	11
494	1	261	9
494	1	521	10
494	1	782	11
495	1	261	9
495	1	521	10
495	1	782	11
496	1	261	9
496	1	521	10
496	1	782	11
497	1	261	9
497	1	521	10
497	1	782	11
498	1	261	9
498	1	521	10
498	1	782	11
499	1	261	9
499	1	521	10
499	1	782	11
500	1	261	9
500	1	521	10
500	1	782	11
501	1	261	9
501	1	521	10
501	1	782	11
502	1	261	9
502	1	521	10
502	1	782	11
503	1	261	9
503	1	521	10
503	1	782	11
504	1	261	9
504	1	521	10
504	1	782	11
505	1	261	9
505	1	521	10
505	1	782	11
506	1	261	9
506	1	521	10
506	1	782	11
507	1	261	9
507	1	521	10
507	1	782	11
508	1	261	9
508	1	521	10
508	1	782	11
509	1	261	9
509	1	521	10
509	1	782	11
510	1	261	9
510	1	521	10
510	1	782	11
511	1	261	9
511	1	521	10
511	1	782	11
512	1	261	9
512	1	521	10
512	1	782	11
513	1	261	9
513	1	521	10
513	1	782	11
514	1	261	9
514	1	521	10
514	1	782	11
515	1	261	9
515	1	521	10
515	1	782	11
516	1	261	9
516	1	521	10
516	1	782	11
517	1	261	9
517	1	521	10
517	1	782	11
518	1	261	9
518	1	521	10
518	1	782	11
519	1	261	9
519	1	521	10
519	1	782	11
520	1	261	9
520	1	521	10
520	1	782	11
521	1	261	9
521	1	521	10
521	1	782	11
522	1	261	9
522	1	521	10
522	1	782	11
523	1	261	9
523	1	521	10
523	1	782	11
524	1	261	9
524	1	521	10
524	1	782	11
525	1	261	9
525	1	521	10
525	1	782	11
526	1	261	9
526	1	521	10
526	1	782	11
527	1	261	9
527	1	521	10
527	1	782	11
528	1	261	9
528	1	521	10
528	1	782	11
529	1	261	9
529	1	521	10
529	1	782	11
530	1	261	9
530	1	521	10
530	1	782	11
531	1	261	9
531	1	521	10
531	1	782	11
532	1	261	9
532	1	521	10
532	1	782	11
533	1	261	9
533	1	521	10
533	1	782	11
534	1	261	9
534	1	521	10
534	1	782	11
535	1	261	9
535	1	521	10
535	1	782	11
536	1	261	9
536	1	521	10
536	1	782	11
537	1	261	9
537	1	521	10
537	1	782	11
538	1	261	9
538	1	521	10
538	1	782	11
539	1	261	9
539	1	521	10
539	1	782	11
540	1	261	9
540	1	521	10
540	1	782	11
541	1	261	9
541	1	521	10
541	1	782	11
542	1	261	9
542	1	521	10
542	1	782	11
543	1	261	9
543	1	521	10
543	1	782	11
544	1	261	9
544	1	521	10
544	1	782	11
545	1	261	9
545	1	521	10
545	1	782	11
546	1	261	9
546	1	521	10
546	1	782	11
547	1	261	9
547	1	521	10
547	1	782	11
548	1	261	9
548	1	521	10
548	1	782	11
549	1	261	9
549	1	521	10
549	1	782	11
550	1	261	9
550	1	521	10
550	1	782	11
551	1	261	9
551	1	521	10
551	1	782	11
552	1	261	9
552	1	521	10
552	1	782	11
553	1	261	9
553	1	521	10
553	1	782	11
554	1	261	9
554	1	521	10
554	1	782	11
555	1	261	9
555	1	521	10
555	1	782	11
556	1	261	9
556	1	521	10
556	1	782	11
557	1	261	9
557	1	521	10
557	1	782	11
558	1	261	9
558	1	521	10
558	1	782	11
559	1	261	9
559	1	521	10
559	1	782	11
560	1	261	9
560	1	521	10
560	1	782	11
561	1	261	9
561	1	521	10
561	1	782	11
562	1	261	9
562	1	521	10
562	1	782	11
563	1	261	9
563	1	521	10
563	1	782	11
564	1	261	9
564	1	521	10
564	1	782	11
565	1	261	9
565	1	521	10
565	1	782	11
566	1	261	9
566	1	521	10
566	1	782	11
567	1	261	9
567	1	521	10
567	1	782	11
568	1	261	9
568	1	521	10
568	1	782	11
569	1	261	9
569	1	521	10
569	1	782	11
570	1	261	9
570	1	521	10
570	1	782	11
571	1	261	9
571	1	521	10
571	1	782	11
572	1	261	9
572	1	521	10
572	1	782	11
573	1	261	9
573	1	521	10
573	1	782	11
574	1	261	9
574	1	521	10
574	1	782	11
575	1	261	9
575	1	521	10
575	1	782	11
576	1	261	9
576	1	521	10
576	1	782	11
577	1	261	9
577	1	521	10
577	1	782	11
578	1	261	9
578	1	521	10
578	1	782	11
579	1	261	9
579	1	521	10
579	1	782	11
580	1	261	9
580	1	521	10
580	1	782	11
581	1	261	9
581	1	521	10
581	1	782	11
582	1	261	9
582	1	521	10
582	1	782	11
583	1	261	9
583	1	521	10
583	1	782	11
584	1	261	9
584	1	521	10
584	1	782	11
585	1	261	9
585	1	521	10
585	1	782	11
586	1	261	9
586	1	521	10
586	1	782	11
587	1	261	9
587	1	521	10
587	1	782	11
588	1	261	9
588	1	521	10
588	1	782	11
589	1	261	9
589	1	521	10
589	1	782	11
590	1	261	9
590	1	521	10
590	1	782	11
591	1	261	9
591	1	521	10
591	1	782	11
592	1	261	9
592	1	521	10
592	1	782	11
593	1	261	9
593	1	521	10
593	1	782	11
594	1	261	9
594	1	521	10
594	1	782	11
595	1	261	9
595	1	521	10
595	1	782	11
596	1	261	9
596	1	521	10
596	1	782	11
597	1	261	9
597	1	521	10
597	1	782	11
598	1	261	9
598	1	521	10
598	1	782	11
599	1	261	9
599	1	521	10
599	1	782	11
600	1	261	9
600	1	521	10
600	1	782	11
601	1	261	9
601	1	521	10
601	1	782	11
602	1	261	9
602	1	521	10
602	1	782	11
603	1	261	9
603	1	521	10
603	1	782	11
604	1	261	9
604	1	521	10
604	1	782	11
605	1	261	9
605	1	521	10
605	1	782	11
606	1	261	9
606	1	521	10
606	1	782	11
607	1	261	9
607	1	521	10
607	1	782	11
608	1	261	9
608	1	521	10
608	1	782	11
609	1	261	9
609	1	521	10
609	1	782	11
610	1	261	9
610	1	521	10
610	1	782	11
611	1	261	9
611	1	521	10
611	1	782	11
612	1	261	9
612	1	521	10
612	1	782	11
613	1	261	9
613	1	521	10
613	1	782	11
614	1	261	9
614	1	521	10
614	1	782	11
615	1	261	9
615	1	521	10
615	1	782	11
616	1	261	9
616	1	521	10
616	1	782	11
617	1	261	9
617	1	521	10
617	1	782	11
618	1	261	9
618	1	521	10
618	1	782	11
619	1	261	9
619	1	521	10
619	1	782	11
620	1	261	9
620	1	521	10
620	1	782	11
621	1	261	9
621	1	521	10
621	1	782	11
622	1	261	9
622	1	521	10
622	1	782	11
623	1	261	9
623	1	521	10
623	1	782	11
624	1	261	9
624	1	521	10
624	1	782	11
625	1	261	9
625	1	521	10
625	1	782	11
626	1	261	9
626	1	521	10
626	1	782	11
627	1	261	9
627	1	521	10
627	1	782	11
628	1	261	9
628	1	521	10
628	1	782	11
629	1	261	9
629	1	521	10
629	1	782	11
630	1	261	9
630	1	521	10
630	1	782	11
631	1	261	9
631	1	521	10
631	1	782	11
632	1	261	9
632	1	521	10
632	1	782	11
633	1	261	9
633	1	521	10
633	1	782	11
634	1	261	9
634	1	521	10
634	1	782	11
635	1	261	9
635	1	521	10
635	1	782	11
636	1	261	9
636	1	521	10
636	1	782	11
637	1	261	9
637	1	521	10
637	1	782	11
638	1	261	9
638	1	521	10
638	1	782	11
639	1	261	9
639	1	521	10
639	1	782	11
640	1	261	9
640	1	521	10
640	1	782	11
641	1	261	9
641	1	521	10
641	1	782	11
642	1	261	9
642	1	521	10
642	1	782	11
643	1	261	9
643	1	521	10
643	1	782	11
644	1	261	9
644	1	521	10
644	1	782	11
645	1	261	9
645	1	521	10
645	1	782	11
646	1	261	9
646	1	521	10
646	1	782	11
647	1	261	9
647	1	521	10
647	1	782	11
648	1	261	9
648	1	521	10
648	1	782	11
649	1	261	9
649	1	521	10
649	1	782	11
650	1	261	9
650	1	521	10
650	1	782	11
651	1	261	9
651	1	521	10
651	1	782	11
652	1	261	9
652	1	521	10
652	1	782	11
653	1	261	9
653	1	521	10
653	1	782	11
654	1	261	9
654	1	521	10
654	1	782	11
655	1	261	9
655	1	521	10
655	1	782	11
656	1	261	9
656	1	521	10
656	1	782	11
657	1	261	9
657	1	521	10
657	1	782	11
658	1	261	9
658	1	521	10
658	1	782	11
659	1	261	9
659	1	521	10
659	1	782	11
660	1	261	9
660	1	521	10
660	1	782	11
661	1	261	9
661	1	521	10
661	1	782	11
662	1	261	9
662	1	521	10
662	1	782	11
663	1	261	9
663	1	521	10
663	1	782	11
664	1	261	9
664	1	521	10
664	1	782	11
665	1	261	9
665	1	521	10
665	1	782	11
666	1	261	9
666	1	521	10
666	1	782	11
667	1	261	9
667	1	521	10
667	1	782	11
668	1	261	9
668	1	521	10
668	1	782	11
669	1	261	9
669	1	521	10
669	1	782	11
670	1	261	9
670	1	521	10
670	1	782	11
671	1	261	9
671	1	521	10
671	1	782	11
672	1	261	9
672	1	521	10
672	1	782	11
673	1	261	9
673	1	521	10
673	1	782	11
674	1	261	9
674	1	521	10
674	1	782	11
675	1	261	9
675	1	521	10
675	1	782	11
676	1	261	9
676	1	521	10
676	1	782	11
677	1	261	9
677	1	521	10
677	1	782	11
678	1	261	9
678	1	521	10
678	1	782	11
679	1	261	9
679	1	521	10
679	1	782	11
680	1	261	9
680	1	521	10
680	1	782	11
681	1	261	9
681	1	521	10
681	1	782	11
682	1	261	9
682	1	521	10
682	1	782	11
683	1	261	9
683	1	521	10
683	1	782	11
684	1	261	9
684	1	521	10
684	1	782	11
685	1	261	9
685	1	521	10
685	1	782	11
686	1	261	9
686	1	521	10
686	1	782	11
687	1	261	9
687	1	521	10
687	1	782	11
688	1	261	9
688	1	521	10
688	1	782	11
689	1	261	9
689	1	521	10
689	1	782	11
690	1	261	9
690	1	521	10
690	1	782	11
691	1	261	9
691	1	521	10
691	1	782	11
692	1	261	9
692	1	521	10
692	1	782	11
693	1	261	9
693	1	521	10
693	1	782	11
694	1	261	9
694	1	521	10
694	1	782	11
695	1	261	9
695	1	521	10
695	1	782	11
696	1	261	9
696	1	521	10
696	1	782	11
697	1	261	9
697	1	521	10
697	1	782	11
698	1	261	9
698	1	521	10
698	1	782	11
699	1	261	9
699	1	521	10
699	1	782	11
700	1	261	9
700	1	521	10
700	1	782	11
701	1	261	9
701	1	521	10
701	1	782	11
702	1	261	9
702	1	521	10
702	1	782	11
703	1	261	9
703	1	521	10
703	1	782	11
704	1	261	9
704	1	521	10
704	1	782	11
705	1	261	9
705	1	521	10
705	1	782	11
706	1	261	9
706	1	521	10
706	1	782	11
707	1	261	9
707	1	521	10
707	1	782	11
708	1	261	9
708	1	521	10
708	1	782	11
709	1	261	9
709	1	521	10
709	1	782	11
710	1	261	9
710	1	521	10
710	1	782	11
711	1	261	9
711	1	521	10
711	1	782	11
712	1	261	9
712	1	521	10
712	1	782	11
713	1	261	9
713	1	521	10
713	1	782	11
714	1	261	9
714	1	521	10
714	1	782	11
715	1	261	9
715	1	521	10
715	1	782	11
716	1	261	9
716	1	521	10
716	1	782	11
717	1	261	9
717	1	521	10
717	1	782	11
718	1	261	9
718	1	521	10
718	1	782	11
719	1	261	9
719	1	521	10
719	1	782	11
720	1	261	9
720	1	521	10
720	1	782	11
721	1	261	9
721	1	521	10
721	1	782	11
722	1	261	9
722	1	521	10
722	1	782	11
723	1	261	9
723	1	521	10
723	1	782	11
724	1	261	9
724	1	521	10
724	1	782	11
725	1	261	9
725	1	521	10
725	1	782	11
726	1	261	9
726	1	521	10
726	1	782	11
727	1	261	9
727	1	521	10
727	1	782	11
728	1	261	9
728	1	521	10
728	1	782	11
729	1	261	9
729	1	521	10
729	1	782	11
730	1	261	9
730	1	521	10
730	1	782	11
731	1	261	9
731	1	521	10
731	1	782	11
732	1	261	9
732	1	521	10
732	1	782	11
733	1	261	9
733	1	521	10
733	1	782	11
734	1	261	9
734	1	521	10
734	1	782	11
735	1	261	9
735	1	521	10
735	1	782	11
736	1	261	9
736	1	521	10
736	1	782	11
737	1	261	9
737	1	521	10
737	1	782	11
738	1	261	9
738	1	521	10
738	1	782	11
739	1	261	9
739	1	521	10
739	1	782	11
740	1	261	9
740	1	521	10
740	1	782	11
741	1	261	9
741	1	521	10
741	1	782	11
742	1	261	9
742	1	521	10
742	1	782	11
743	1	261	9
743	1	521	10
743	1	782	11
744	1	261	9
744	1	521	10
744	1	782	11
745	1	261	9
745	1	521	10
745	1	782	11
746	1	261	9
746	1	521	10
746	1	782	11
747	1	261	9
747	1	521	10
747	1	782	11
748	1	261	9
748	1	521	10
748	1	782	11
749	1	261	9
749	1	521	10
749	1	782	11
750	1	261	9
750	1	521	10
750	1	782	11
751	1	261	9
751	1	521	10
751	1	782	11
752	1	261	9
752	1	521	10
752	1	782	11
753	1	261	9
753	1	521	10
753	1	782	11
754	1	261	9
754	1	521	10
754	1	782	11
755	1	261	9
755	1	521	10
755	1	782	11
756	1	261	9
756	1	521	10
756	1	782	11
757	1	261	9
757	1	521	10
757	1	782	11
758	1	261	9
758	1	521	10
758	1	782	11
759	1	261	9
759	1	521	10
759	1	782	11
760	1	261	9
760	1	521	10
760	1	782	11
761	1	261	9
761	1	521	10
761	1	782	11
762	1	261	9
762	1	521	10
762	1	782	11
763	1	261	9
763	1	521	10
763	1	782	11
764	1	261	9
764	1	521	10
764	1	782	11
765	1	261	9
765	1	521	10
765	1	782	11
766	1	261	9
766	1	521	10
766	1	782	11
767	1	261	9
767	1	521	10
767	1	782	11
768	1	261	9
768	1	521	10
768	1	782	11
769	1	261	9
769	1	521	10
769	1	782	11
770	1	261	9
770	1	521	10
770	1	782	11
771	1	261	9
771	1	521	10
771	1	782	11
772	1	261	9
772	1	521	10
772	1	782	11
773	1	261	9
773	1	521	10
773	1	782	11
774	1	261	9
774	1	521	10
774	1	782	11
775	1	261	9
775	1	521	10
775	1	782	11
776	1	261	9
776	1	521	10
776	1	782	11
777	1	261	9
777	1	521	10
777	1	782	11
778	1	261	9
778	1	521	10
778	1	782	11
779	1	261	9
779	1	521	10
779	1	782	11
780	1	261	9
780	1	521	10
780	1	782	11
781	1	261	9
781	1	521	10
781	1	782	11
782	1	261	9
782	1	521	10
782	1	782	11
783	1	261	9
783	1	521	10
783	1	782	11
784	1	261	9
784	1	521	10
784	1	782	11
785	1	261	9
785	1	521	10
785	1	782	11
786	1	261	9
786	1	521	10
786	1	782	11
787	1	261	9
787	1	521	10
787	1	782	11
788	1	261	9
788	1	521	10
788	1	782	11
789	1	261	9
789	1	521	10
789	1	782	11
790	1	261	9
790	1	521	10
790	1	782	11
791	1	261	9
791	1	521	10
791	1	782	11
792	1	261	9
792	1	521	10
792	1	782	11
793	1	261	9
793	1	521	10
793	1	782	11
794	1	261	9
794	1	521	10
794	1	782	11
795	1	261	9
795	1	521	10
795	1	782	11
796	1	261	9
796	1	521	10
796	1	782	11
797	1	261	9
797	1	521	10
797	1	782	11
798	1	261	9
798	1	521	10
798	1	782	11
799	1	261	9
799	1	521	10
799	1	782	11
800	1	261	9
800	1	521	10
800	1	782	11
801	1	261	9
801	1	521	10
801	1	782	11
802	1	261	9
802	1	521	10
802	1	782	11
803	1	261	9
803	1	521	10
803	1	782	11
804	1	261	9
804	1	521	10
804	1	782	11
805	1	261	9
805	1	521	10
805	1	782	11
806	1	261	9
806	1	521	10
806	1	782	11
807	1	261	9
807	1	521	10
807	1	782	11
808	1	261	9
808	1	521	10
808	1	782	11
809	1	261	9
809	1	521	10
809	1	782	11
810	1	261	9
810	1	521	10
810	1	782	11
811	1	261	9
811	1	521	10
811	1	782	11
812	1	261	9
812	1	521	10
812	1	782	11
813	1	261	9
813	1	521	10
813	1	782	11
814	1	261	9
814	1	521	10
814	1	782	11
815	1	261	9
815	1	521	10
815	1	782	11
816	1	261	9
816	1	521	10
816	1	782	11
817	1	261	9
817	1	521	10
817	1	782	11
818	1	261	9
818	1	521	10
818	1	782	11
819	1	261	9
819	1	521	10
819	1	782	11
820	1	261	9
820	1	521	10
820	1	782	11
821	1	261	9
821	1	521	10
821	1	782	11
822	1	261	9
822	1	521	10
822	1	782	11
823	1	261	9
823	1	521	10
823	1	782	11
824	1	261	9
824	1	521	10
824	1	782	11
825	1	261	9
825	1	521	10
825	1	782	11
826	1	261	9
826	1	521	10
826	1	782	11
827	1	261	9
827	1	521	10
827	1	782	11
828	1	261	9
828	1	521	10
828	1	782	11
829	1	261	9
829	1	521	10
829	1	782	11
830	1	261	9
830	1	521	10
830	1	782	11
831	1	261	9
831	1	521	10
831	1	782	11
832	1	261	9
832	1	521	10
832	1	782	11
833	1	261	9
833	1	521	10
833	1	782	11
834	1	261	9
834	1	521	10
834	1	782	11
835	1	261	9
835	1	521	10
835	1	782	11
836	1	261	9
836	1	521	10
836	1	782	11
837	1	261	9
837	1	521	10
837	1	782	11
838	1	261	9
838	1	521	10
838	1	782	11
839	1	261	9
839	1	521	10
839	1	782	11
840	1	261	9
840	1	521	10
840	1	782	11
841	1	261	9
841	1	521	10
841	1	782	11
842	1	261	9
842	1	521	10
842	1	782	11
843	1	261	9
843	1	521	10
843	1	782	11
844	1	261	9
844	1	521	10
844	1	782	11
845	1	261	9
845	1	521	10
845	1	782	11
846	1	261	9
846	1	521	10
846	1	782	11
847	1	261	9
847	1	521	10
847	1	782	11
848	1	261	9
848	1	521	10
848	1	782	11
849	1	261	9
849	1	521	10
849	1	782	11
850	1	261	9
850	1	521	10
850	1	782	11
851	1	261	9
851	1	521	10
851	1	782	11
852	1	261	9
852	1	521	10
852	1	782	11
853	1	261	9
853	1	521	10
853	1	782	11
854	1	261	9
854	1	521	10
854	1	782	11
855	1	261	9
855	1	521	10
855	1	782	11
856	1	261	9
856	1	521	10
856	1	782	11
857	1	261	9
857	1	521	10
857	1	782	11
858	1	261	9
858	1	521	10
858	1	782	11
859	1	261	9
859	1	521	10
859	1	782	11
860	1	261	9
860	1	521	10
860	1	782	11
861	1	261	9
861	1	521	10
861	1	782	11
862	1	261	9
862	1	521	10
862	1	782	11
863	1	261	9
863	1	521	10
863	1	782	11
864	1	261	9
864	1	521	10
864	1	782	11
865	1	261	9
865	1	521	10
865	1	782	11
866	1	261	9
866	1	521	10
866	1	782	11
867	1	261	9
867	1	521	10
867	1	782	11
868	1	261	9
868	1	521	10
868	1	782	11
869	1	261	9
869	1	521	10
869	1	782	11
870	1	261	9
870	1	521	10
870	1	782	11
871	1	261	9
871	1	521	10
871	1	782	11
872	1	261	9
872	1	521	10
872	1	782	11
873	1	261	9
873	1	521	10
873	1	782	11
874	1	261	9
874	1	521	10
874	1	782	11
875	1	261	9
875	1	521	10
875	1	782	11
876	1	261	9
876	1	521	10
876	1	782	11
877	1	261	9
877	1	521	10
877	1	782	11
878	1	261	9
878	1	521	10
878	1	782	11
879	1	261	9
879	1	521	10
879	1	782	11
880	1	261	9
880	1	521	10
880	1	782	11
881	1	261	9
881	1	521	10
881	1	782	11
882	1	261	9
882	1	521	10
882	1	782	11
883	1	261	9
883	1	521	10
883	1	782	11
884	1	261	9
884	1	521	10
884	1	782	11
885	1	261	9
885	1	521	10
885	1	782	11
886	1	261	9
886	1	521	10
886	1	782	11
887	1	261	9
887	1	521	10
887	1	782	11
888	1	261	9
888	1	521	10
888	1	782	11
889	1	261	9
889	1	521	10
889	1	782	11
890	1	261	9
890	1	521	10
890	1	782	11
891	1	261	9
891	1	521	10
891	1	782	11
892	1	261	9
892	1	521	10
892	1	782	11
893	1	261	9
893	1	521	10
893	1	782	11
894	1	261	9
894	1	521	10
894	1	782	11
895	1	261	9
895	1	521	10
895	1	782	11
896	1	261	9
896	1	521	10
896	1	782	11
897	1	261	9
897	1	521	10
897	1	782	11
898	1	261	9
898	1	521	10
898	1	782	11
899	1	261	9
899	1	521	10
899	1	782	11
900	1	261	9
900	1	521	10
900	1	782	11
901	1	261	9
901	1	521	10
901	1	782	11
902	1	261	9
902	1	521	10
902	1	782	11
903	1	261	9
903	1	521	10
903	1	782	11
904	1	261	9
904	1	521	10
904	1	782	11
905	1	261	9
905	1	521	10
905	1	782	11
906	1	261	9
906	1	521	10
906	1	782	11
907	1	261	9
907	1	521	10
907	1	782	11
908	1	261	9
908	1	521	10
908	1	782	11
909	1	261	9
909	1	521	10
909	1	782	11
910	1	261	9
910	1	521	10
910	1	782	11
911	1	261	9
911	1	521	10
911	1	782	11
912	1	261	9
912	1	521	10
912	1	782	11
913	1	261	9
913	1	521	10
913	1	782	11
914	1	261	9
914	1	521	10
914	1	782	11
915	1	261	9
915	1	521	10
915	1	782	11
916	1	261	9
916	1	521	10
916	1	782	11
917	1	261	9
917	1	521	10
917	1	782	11
918	1	261	9
918	1	521	10
918	1	782	11
919	1	261	9
919	1	521	10
919	1	782	11
920	1	261	9
920	1	521	10
920	1	782	11
921	1	261	9
921	1	521	10
921	1	782	11
922	1	261	9
922	1	521	10
922	1	782	11
923	1	261	9
923	1	521	10
923	1	782	11
924	1	261	9
924	1	521	10
924	1	782	11
925	1	261	9
925	1	521	10
925	1	782	11
926	1	261	9
926	1	521	10
926	1	782	11
927	1	261	9
927	1	521	10
927	1	782	11
928	1	261	9
928	1	521	10
928	1	782	11
929	1	261	9
929	1	521	10
929	1	782	11
930	1	261	9
930	1	521	10
930	1	782	11
931	1	261	9
931	1	521	10
931	1	782	11
932	1	261	9
932	1	521	10
932	1	782	11
933	1	261	9
933	1	521	10
933	1	782	11
934	1	261	9
934	1	521	10
934	1	782	11
935	1	261	9
935	1	521	10
935	1	782	11
936	1	261	9
936	1	521	10
936	1	782	11
937	1	261	9
937	1	521	10
937	1	782	11
938	1	261	9
938	1	521	10
938	1	782	11
939	1	261	9
939	1	521	10
939	1	782	11
940	1	261	9
940	1	521	10
940	1	782	11
941	1	261	9
941	1	521	10
941	1	782	11
942	1	261	9
942	1	521	10
942	1	782	11
943	1	261	9
943	1	521	10
943	1	782	11
944	1	261	9
944	1	521	10
944	1	782	11
945	1	261	9
945	1	521	10
945	1	782	11
946	1	261	9
946	1	521	10
946	1	782	11
947	1	261	9
947	1	521	10
947	1	782	11
948	1	261	9
948	1	521	10
948	1	782	11
949	1	261	9
949	1	521	10
949	1	782	11
950	1	261	9
950	1	521	10
950	1	782	11
951	1	261	9
951	1	521	10
951	1	782	11
952	1	261	9
952	1	521	10
952	1	782	11
953	1	261	9
953	1	521	10
953	1	782	11
954	1	261	9
954	1	521	10
954	1	782	11
955	1	261	9
955	1	521	10
955	1	782	11
956	1	261	9
956	1	521	10
956	1	782	11
957	1	261	9
957	1	521	10
957	1	782	11
958	1	261	9
958	1	521	10
958	1	782	11
959	1	261	9
959	1	521	10
959	1	782	11
960	1	261	9
960	1	521	10
960	1	782	11
961	1	261	9
961	1	521	10
961	1	782	11
962	1	261	9
962	1	521	10
962	1	782	11
963	1	261	9
963	1	521	10
963	1	782	11
964	1	261	9
964	1	521	10
964	1	782	11
965	1	261	9
965	1	521	10
965	1	782	11
966	1	261	9
966	1	521	10
966	1	782	11
967	1	261	9
967	1	521	10
967	1	782	11
968	1	261	9
968	1	521	10
968	1	782	11
969	1	261	9
969	1	521	10
969	1	782	11
970	1	261	9
970	1	521	10
970	1	782	11
971	1	261	9
971	1	521	10
971	1	782	11
972	1	261	9
972	1	521	10
972	1	782	11
973	1	261	9
973	1	521	10
973	1	782	11
974	1	261	9
974	1	521	10
974	1	782	11
975	1	261	9
975	1	521	10
975	1	782	11
976	1	261	9
976	1	521	10
976	1	782	11
977	1	261	9
977	1	521	10
977	1	782	11
978	1	261	9
978	1	521	10
978	1	782	11
979	1	261	9
979	1	521	10
979	1	782	11
980	1	261	9
980	1	521	10
980	1	782	11
981	1	261	9
981	1	521	10
981	1	782	11
982	1	261	9
982	1	521	10
982	1	782	11
983	1	261	9
983	1	521	10
983	1	782	11
984	1	261	9
984	1	521	10
984	1	782	11
985	1	261	9
985	1	521	10
985	1	782	11
986	1	261	9
986	1	521	10
986	1	782	11
987	1	261	9
987	1	521	10
987	1	782	11
988	1	261	9
988	1	521	10
988	1	782	11
989	1	261	9
989	1	521	10
989	1	782	11
990	1	261	9
990	1	521	10
990	1	782	11
991	1	261	9
991	1	521	10
991	1	782	11
992	1	261	9
992	1	521	10
992	1	782	11
993	1	261	9
993	1	521	10
993	1	782	11
994	1	261	9
994	1	521	10
994	1	782	11
995	1	261	9
995	1	521	10
995	1	782	11
996	1	261	9
996	1	521	10
996	1	782	11
997	1	261	9
997	1	521	10
997	1	782	11
998	1	261	9
998	1	521	10
998	1	782	11
999	1	261	9
999	1	521	10
999	1	782	11
