Realization	utility	week	infra.
0	0	313	7
1	0	261	7
2	0	261	7
3	0	313	7
4	0	261	7
5	0	261	7
6	0	313	7
7	0	261	7
8	0	313	7
9	0	261	7
10	0	261	7
11	0	313	7
12	0	261	7
13	0	261	7
14	0	261	7
15	0	313	7
16	0	313	7
17	0	313	7
18	0	261	7
19	0	313	7
20	0	313	7
21	0	261	7
22	0	261	7
23	0	313	7
24	0	313	7
25	0	261	7
26	0	313	7
27	0	261	7
28	0	313	7
29	0	313	7
30	0	261	7
31	0	261	7
32	0	261	7
33	0	261	7
34	0	261	7
35	0	261	7
36	0	313	7
37	0	261	7
38	0	261	7
39	0	261	7
40	0	261	7
41	0	313	7
42	0	261	7
43	0	261	7
44	0	261	7
45	0	313	7
46	0	261	7
47	0	261	7
48	0	261	7
49	0	261	7
50	0	261	7
51	0	261	7
52	0	313	7
53	0	313	7
54	0	261	7
55	0	261	7
56	0	261	7
57	0	313	7
58	0	261	7
59	0	261	7
60	0	313	7
61	0	261	7
62	0	261	7
63	0	313	7
64	0	313	7
65	0	261	7
66	0	313	7
67	0	261	7
68	0	261	7
69	0	313	7
70	0	261	7
71	0	261	7
72	0	313	7
73	0	261	7
74	0	261	7
75	0	261	7
76	0	261	7
77	0	261	7
78	0	313	7
79	0	313	7
80	0	261	7
81	0	261	7
82	0	313	7
83	0	261	7
84	0	261	7
85	0	313	7
86	0	313	7
87	0	313	7
88	0	261	7
89	0	261	7
90	0	313	7
91	0	261	7
92	0	261	7
93	0	261	7
94	0	313	7
95	0	261	7
96	0	313	7
97	0	261	7
98	0	313	7
99	0	261	7
100	0	261	7
101	0	261	7
102	0	261	7
103	0	261	7
104	0	313	7
105	0	313	7
106	0	313	7
107	0	313	7
108	0	261	7
109	0	261	7
110	0	261	7
111	0	313	7
112	0	261	7
113	0	261	7
114	0	313	7
115	0	261	7
116	0	313	7
117	0	261	7
118	0	261	7
119	0	261	7
120	0	313	7
121	0	313	7
122	0	261	7
123	0	261	7
124	0	313	7
125	0	313	7
126	0	313	7
127	0	261	7
128	0	313	7
129	0	313	7
130	0	313	7
131	0	261	7
132	0	313	7
133	0	261	7
134	0	261	7
135	0	261	7
136	0	261	7
137	0	261	7
138	0	313	7
139	0	261	7
140	0	261	7
141	0	313	7
142	0	261	7
143	0	261	7
144	0	261	7
145	0	261	7
146	0	261	7
147	0	313	7
148	0	313	7
149	0	261	7
150	0	261	7
151	0	261	7
152	0	261	7
153	0	261	7
154	0	313	7
155	0	261	7
156	0	313	7
157	0	313	7
158	0	313	7
159	0	261	7
160	0	261	7
161	0	261	7
162	0	261	7
163	0	261	7
164	0	261	7
165	0	313	7
166	0	261	7
167	0	261	7
168	0	313	7
169	0	313	7
170	0	261	7
171	0	261	7
172	0	261	7
173	0	261	7
174	0	313	7
175	0	313	7
176	0	261	7
177	0	313	7
178	0	261	7
179	0	261	7
180	0	261	7
181	0	313	7
182	0	261	7
183	0	261	7
184	0	261	7
185	0	313	7
186	0	261	7
187	0	313	7
188	0	261	7
189	0	261	7
190	0	261	7
191	0	261	7
192	0	261	7
193	0	261	7
194	0	261	7
195	0	261	7
196	0	261	7
197	0	261	7
198	0	261	7
199	0	261	7
200	0	261	7
201	0	313	7
202	0	261	7
203	0	261	7
204	0	261	7
205	0	261	7
206	0	313	7
207	0	261	7
208	0	261	7
209	0	313	7
210	0	261	7
211	0	261	7
212	0	261	7
213	0	261	7
214	0	261	7
215	0	261	7
216	0	313	7
217	0	261	7
218	0	313	7
219	0	261	7
220	0	261	7
221	0	261	7
222	0	261	7
223	0	313	7
224	0	313	7
225	0	313	7
226	0	261	7
227	0	261	7
228	0	313	7
229	0	261	7
230	0	261	7
231	0	261	7
232	0	313	7
233	0	261	7
234	0	261	7
235	0	261	7
236	0	261	7
237	0	261	7
238	0	313	7
239	0	261	7
240	0	261	7
241	0	261	7
242	0	261	7
243	0	261	7
244	0	261	7
245	0	261	7
246	0	261	7
247	0	261	7
248	0	261	7
249	0	261	7
250	0	261	7
251	0	261	7
252	0	261	7
253	0	261	7
254	0	261	7
255	0	261	7
256	0	313	7
257	0	313	7
258	0	261	7
259	0	261	7
260	0	261	7
261	0	261	7
262	0	261	7
263	0	261	7
264	0	261	7
265	0	313	7
266	0	261	7
267	0	261	7
268	0	261	7
269	0	261	7
270	0	313	7
271	0	261	7
272	0	313	7
273	0	261	7
274	0	261	7
275	0	261	7
276	0	261	7
277	0	261	7
278	0	313	7
279	0	313	7
280	0	261	7
281	0	261	7
282	0	261	7
283	0	261	7
284	0	261	7
285	0	313	7
286	0	261	7
287	0	261	7
288	0	261	7
289	0	261	7
290	0	261	7
291	0	313	7
292	0	261	7
293	0	261	7
294	0	261	7
295	0	261	7
296	0	261	7
297	0	261	7
298	0	313	7
299	0	261	7
300	0	261	7
301	0	261	7
302	0	261	7
303	0	261	7
304	0	261	7
305	0	261	7
306	0	313	7
307	0	261	7
308	0	261	7
309	0	261	7
310	0	261	7
311	0	261	7
312	0	313	7
313	0	313	7
314	0	313	7
315	0	261	7
316	0	261	7
317	0	261	7
318	0	313	7
319	0	261	7
320	0	261	7
321	0	261	7
322	0	261	7
323	0	261	7
324	0	261	7
325	0	261	7
326	0	261	7
327	0	313	7
328	0	313	7
329	0	261	7
330	0	261	7
331	0	313	7
332	0	261	7
333	0	261	7
334	0	261	7
335	0	261	7
336	0	261	7
337	0	261	7
338	0	261	7
339	0	261	7
340	0	313	7
341	0	313	7
342	0	261	7
343	0	261	7
344	0	261	7
345	0	261	7
346	0	261	7
347	0	261	7
348	0	261	7
349	0	261	7
350	0	261	7
351	0	261	7
352	0	313	7
353	0	261	7
354	0	261	7
355	0	261	7
356	0	313	7
357	0	261	7
358	0	261	7
359	0	313	7
360	0	261	7
361	0	261	7
362	0	261	7
363	0	261	7
364	0	261	7
365	0	261	7
366	0	261	7
367	0	313	7
368	0	261	7
369	0	313	7
370	0	261	7
371	0	261	7
372	0	261	7
373	0	261	7
374	0	261	7
375	0	261	7
376	0	261	7
377	0	261	7
378	0	313	7
379	0	261	7
380	0	261	7
381	0	313	7
382	0	261	7
383	0	313	7
384	0	313	7
385	0	261	7
386	0	261	7
387	0	261	7
388	0	261	7
389	0	261	7
390	0	261	7
391	0	313	7
392	0	313	7
393	0	313	7
394	0	261	7
395	0	313	7
396	0	261	7
397	0	313	7
398	0	261	7
399	0	313	7
400	0	261	7
401	0	261	7
402	0	313	7
403	0	261	7
404	0	261	7
405	0	261	7
406	0	313	7
407	0	261	7
408	0	261	7
409	0	261	7
410	0	261	7
411	0	261	7
412	0	261	7
413	0	313	7
414	0	261	7
415	0	261	7
416	0	261	7
417	0	261	7
418	0	261	7
419	0	313	7
420	0	261	7
421	0	261	7
422	0	261	7
423	0	313	7
424	0	261	7
425	0	261	7
426	0	261	7
427	0	313	7
428	0	261	7
429	0	261	7
430	0	313	7
431	0	313	7
432	0	313	7
433	0	261	7
434	0	261	7
435	0	261	7
436	0	261	7
437	0	261	7
438	0	261	7
439	0	313	7
440	0	261	7
441	0	313	7
442	0	261	7
443	0	261	7
444	0	261	7
445	0	261	7
446	0	313	7
447	0	261	7
448	0	261	7
449	0	261	7
450	0	313	7
451	0	261	7
452	0	261	7
453	0	261	7
454	0	313	7
455	0	261	7
456	0	313	7
457	0	313	7
458	0	261	7
459	0	261	7
460	0	261	7
461	0	261	7
462	0	261	7
463	0	261	7
464	0	261	7
465	0	261	7
466	0	261	7
467	0	313	7
468	0	261	7
469	0	261	7
470	0	313	7
471	0	261	7
472	0	261	7
473	0	313	7
474	0	261	7
475	0	313	7
476	0	261	7
477	0	313	7
478	0	261	7
479	0	261	7
480	0	313	7
481	0	261	7
482	0	261	7
483	0	313	7
484	0	261	7
485	0	261	7
486	0	261	7
487	0	261	7
488	0	313	7
489	0	261	7
490	0	261	7
491	0	261	7
492	0	261	7
493	0	261	7
494	0	261	7
495	0	261	7
496	0	261	7
497	0	313	7
498	0	261	7
499	0	261	7
500	0	313	7
501	0	261	7
502	0	261	7
503	0	313	7
504	0	261	7
505	0	313	7
506	0	261	7
507	0	261	7
508	0	261	7
509	0	313	7
510	0	313	7
511	0	313	7
512	0	261	7
513	0	261	7
514	0	313	7
515	0	261	7
516	0	261	7
517	0	261	7
518	0	261	7
519	0	261	7
520	0	313	7
521	0	261	7
522	0	313	7
523	0	261	7
524	0	313	7
525	0	261	7
526	0	261	7
527	0	261	7
528	0	261	7
529	0	261	7
530	0	261	7
531	0	313	7
532	0	261	7
533	0	261	7
534	0	261	7
535	0	313	7
536	0	261	7
537	0	261	7
538	0	261	7
539	0	261	7
540	0	261	7
541	0	261	7
542	0	313	7
543	0	261	7
544	0	261	7
545	0	313	7
546	0	261	7
547	0	261	7
548	0	313	7
549	0	261	7
550	0	313	7
551	0	261	7
552	0	313	7
553	0	261	7
554	0	313	7
555	0	313	7
556	0	261	7
557	0	261	7
558	0	261	7
559	0	261	7
560	0	261	7
561	0	261	7
562	0	261	7
563	0	313	7
564	0	261	7
565	0	261	7
566	0	313	7
567	0	313	7
568	0	261	7
569	0	261	7
570	0	261	7
571	0	261	7
572	0	261	7
573	0	261	7
574	0	261	7
575	0	313	7
576	0	261	7
577	0	261	7
578	0	261	7
579	0	261	7
580	0	261	7
581	0	261	7
582	0	261	7
583	0	261	7
584	0	261	7
585	0	261	7
586	0	261	7
587	0	313	7
588	0	261	7
589	0	261	7
590	0	313	7
591	0	261	7
592	0	261	7
593	0	261	7
594	0	261	7
595	0	313	7
596	0	313	7
597	0	261	7
598	0	261	7
599	0	261	7
600	0	261	7
601	0	313	7
602	0	261	7
603	0	261	7
604	0	261	7
605	0	261	7
606	0	261	7
607	0	261	7
608	0	261	7
609	0	261	7
610	0	261	7
611	0	261	7
612	0	313	7
613	0	261	7
614	0	313	7
615	0	261	7
616	0	261	7
617	0	261	7
618	0	261	7
619	0	261	7
620	0	313	7
621	0	261	7
622	0	261	7
623	0	261	7
624	0	313	7
625	0	313	7
626	0	261	7
627	0	261	7
628	0	261	7
629	0	261	7
630	0	313	7
631	0	313	7
632	0	261	7
633	0	313	7
634	0	261	7
635	0	261	7
636	0	261	7
637	0	261	7
638	0	261	7
639	0	261	7
640	0	261	7
641	0	261	7
642	0	261	7
643	0	261	7
644	0	313	7
645	0	261	7
646	0	261	7
647	0	313	7
648	0	261	7
649	0	261	7
650	0	261	7
651	0	261	7
652	0	261	7
653	0	313	7
654	0	261	7
655	0	261	7
656	0	261	7
657	0	261	7
658	0	313	7
659	0	261	7
660	0	261	7
661	0	261	7
662	0	261	7
663	0	261	7
664	0	261	7
665	0	261	7
666	0	261	7
667	0	261	7
668	0	261	7
669	0	261	7
670	0	261	7
671	0	261	7
672	0	261	7
673	0	261	7
674	0	261	7
675	0	261	7
676	0	261	7
677	0	261	7
678	0	313	7
679	0	261	7
680	0	313	7
681	0	261	7
682	0	313	7
683	0	261	7
684	0	261	7
685	0	313	7
686	0	261	7
687	0	313	7
688	0	261	7
689	0	261	7
690	0	261	7
691	0	261	7
692	0	313	7
693	0	261	7
694	0	261	7
695	0	261	7
696	0	261	7
697	0	261	7
698	0	261	7
699	0	313	7
700	0	261	7
701	0	261	7
702	0	261	7
703	0	261	7
704	0	261	7
705	0	261	7
706	0	261	7
707	0	261	7
708	0	261	7
709	0	261	7
710	0	261	7
711	0	261	7
712	0	261	7
713	0	261	7
714	0	261	7
715	0	261	7
716	0	313	7
717	0	261	7
718	0	313	7
719	0	261	7
720	0	261	7
721	0	261	7
722	0	261	7
723	0	261	7
724	0	261	7
725	0	261	7
726	0	261	7
727	0	261	7
728	0	261	7
729	0	261	7
730	0	313	7
731	0	313	7
732	0	261	7
733	0	261	7
734	0	261	7
735	0	261	7
736	0	261	7
737	0	261	7
738	0	261	7
739	0	313	7
740	0	261	7
741	0	313	7
742	0	261	7
743	0	313	7
744	0	261	7
745	0	261	7
746	0	261	7
747	0	261	7
748	0	313	7
749	0	261	7
750	0	261	7
751	0	313	7
752	0	261	7
753	0	313	7
754	0	261	7
755	0	261	7
756	0	261	7
757	0	261	7
758	0	261	7
759	0	261	7
760	0	261	7
761	0	261	7
762	0	261	7
763	0	261	7
764	0	261	7
765	0	313	7
766	0	261	7
767	0	261	7
768	0	261	7
769	0	261	7
770	0	261	7
771	0	261	7
772	0	261	7
773	0	261	7
774	0	261	7
775	0	261	7
776	0	313	7
777	0	261	7
778	0	261	7
779	0	313	7
780	0	261	7
781	0	313	7
782	0	313	7
783	0	261	7
784	0	261	7
785	0	313	7
786	0	313	7
787	0	261	7
788	0	313	7
789	0	261	7
790	0	261	7
791	0	261	7
792	0	261	7
793	0	313	7
794	0	261	7
795	0	261	7
796	0	261	7
797	0	261	7
798	0	261	7
799	0	261	7
800	0	313	7
801	0	261	7
802	0	261	7
803	0	313	7
804	0	261	7
805	0	261	7
806	0	261	7
807	0	261	7
808	0	261	7
809	0	261	7
810	0	313	7
811	0	261	7
812	0	261	7
813	0	313	7
814	0	313	7
815	0	261	7
816	0	313	7
817	0	313	7
818	0	313	7
819	0	261	7
820	0	261	7
821	0	261	7
822	0	261	7
823	0	313	7
824	0	261	7
825	0	261	7
826	0	261	7
827	0	313	7
828	0	261	7
829	0	261	7
830	0	261	7
831	0	261	7
832	0	261	7
833	0	261	7
834	0	261	7
835	0	313	7
836	0	261	7
837	0	261	7
838	0	313	7
839	0	313	7
840	0	261	7
841	0	313	7
842	0	261	7
843	0	261	7
844	0	261	7
845	0	313	7
846	0	261	7
847	0	261	7
848	0	261	7
849	0	261	7
850	0	261	7
851	0	261	7
852	0	261	7
853	0	261	7
854	0	261	7
855	0	313	7
856	0	261	7
857	0	261	7
858	0	261	7
859	0	261	7
860	0	261	7
861	0	261	7
862	0	313	7
863	0	261	7
864	0	261	7
865	0	261	7
866	0	313	7
867	0	261	7
868	0	261	7
869	0	313	7
870	0	261	7
871	0	261	7
872	0	313	7
873	0	261	7
874	0	261	7
875	0	261	7
876	0	261	7
877	0	261	7
878	0	261	7
879	0	313	7
880	0	261	7
881	0	261	7
882	0	261	7
883	0	261	7
884	0	261	7
885	0	261	7
886	0	261	7
887	0	261	7
888	0	261	7
889	0	261	7
890	0	261	7
891	0	261	7
892	0	261	7
893	0	261	7
894	0	313	7
895	0	261	7
896	0	261	7
897	0	261	7
898	0	313	7
899	0	261	7
900	0	261	7
901	0	261	7
902	0	313	7
903	0	261	7
904	0	261	7
905	0	261	7
906	0	261	7
907	0	261	7
908	0	313	7
909	0	261	7
910	0	261	7
911	0	261	7
912	0	261	7
913	0	261	7
914	0	261	7
915	0	261	7
916	0	261	7
917	0	261	7
918	0	261	7
919	0	261	7
920	0	261	7
921	0	261	7
922	0	261	7
923	0	313	7
924	0	261	7
925	0	313	7
926	0	261	7
927	0	313	7
928	0	261	7
929	0	261	7
930	0	261	7
931	0	261	7
932	0	313	7
933	0	313	7
934	0	313	7
935	0	261	7
936	0	261	7
937	0	261	7
938	0	261	7
939	0	261	7
940	0	261	7
941	0	261	7
942	0	261	7
943	0	313	7
944	0	261	7
945	0	261	7
946	0	261	7
947	0	313	7
948	0	261	7
949	0	313	7
950	0	261	7
951	0	313	7
952	0	313	7
953	0	313	7
954	0	261	7
955	0	261	7
956	0	261	7
957	0	261	7
958	0	261	7
959	0	313	7
960	0	261	7
961	0	261	7
962	0	261	7
963	0	261	7
964	0	313	7
965	0	261	7
966	0	313	7
967	0	261	7
968	0	261	7
969	0	261	7
970	0	261	7
971	0	261	7
972	0	261	7
973	0	261	7
974	0	313	7
975	0	313	7
976	0	313	7
977	0	313	7
978	0	261	7
979	0	261	7
980	0	261	7
981	0	261	7
982	0	261	7
983	0	261	7
984	0	261	7
985	0	261	7
986	0	313	7
987	0	313	7
988	0	261	7
989	0	261	7
990	0	261	7
991	0	261	7
992	0	313	7
993	0	261	7
994	0	261	7
995	0	313	7
996	0	261	7
997	0	261	7
998	0	261	7
999	0	261	7
0	1	261	10
0	1	521	11
1	1	261	10
1	1	521	11
2	1	261	10
2	1	521	11
3	1	261	10
3	1	521	11
4	1	261	10
4	1	521	11
5	1	261	10
5	1	521	11
6	1	261	10
6	1	521	11
7	1	261	10
7	1	521	11
8	1	261	10
8	1	521	11
9	1	261	10
9	1	521	11
10	1	261	10
10	1	521	11
11	1	261	10
11	1	521	11
12	1	261	10
12	1	521	11
13	1	261	10
13	1	521	11
14	1	261	10
14	1	521	11
15	1	261	10
15	1	521	11
16	1	261	10
16	1	521	11
17	1	261	10
17	1	521	11
18	1	261	10
18	1	521	11
19	1	261	10
19	1	521	11
20	1	261	10
20	1	521	11
21	1	261	10
21	1	521	11
22	1	261	10
22	1	521	11
23	1	261	10
23	1	521	11
24	1	261	10
24	1	521	11
25	1	261	10
25	1	521	11
26	1	261	10
26	1	521	11
27	1	261	10
27	1	521	11
28	1	261	10
28	1	521	11
29	1	261	10
29	1	521	11
30	1	261	10
30	1	521	11
31	1	261	10
31	1	521	11
32	1	261	10
32	1	521	11
33	1	261	10
33	1	521	11
34	1	261	10
34	1	521	11
35	1	261	10
35	1	521	11
36	1	261	10
36	1	521	11
37	1	261	10
37	1	521	11
38	1	261	10
38	1	521	11
39	1	261	10
39	1	521	11
40	1	261	10
40	1	521	11
41	1	261	10
41	1	521	11
42	1	261	10
42	1	521	11
43	1	261	10
43	1	521	11
44	1	261	10
44	1	521	11
45	1	261	10
45	1	521	11
46	1	261	10
46	1	521	11
47	1	261	10
47	1	521	11
48	1	261	10
48	1	521	11
49	1	261	10
49	1	521	11
50	1	261	10
50	1	521	11
51	1	261	10
51	1	521	11
52	1	261	10
52	1	521	11
53	1	261	10
53	1	521	11
54	1	261	10
54	1	521	11
55	1	261	10
55	1	521	11
56	1	261	10
56	1	521	11
57	1	261	10
57	1	521	11
58	1	261	10
58	1	521	11
59	1	261	10
59	1	521	11
60	1	261	10
60	1	521	11
61	1	261	10
61	1	521	11
62	1	261	10
62	1	521	11
63	1	261	10
63	1	521	11
64	1	261	10
64	1	521	11
65	1	261	10
65	1	521	11
66	1	261	10
66	1	521	11
67	1	261	10
67	1	521	11
68	1	261	10
68	1	521	11
69	1	261	10
69	1	521	11
70	1	261	10
70	1	521	11
71	1	261	10
71	1	521	11
72	1	261	10
72	1	521	11
73	1	261	10
73	1	521	11
74	1	261	10
74	1	521	11
75	1	261	10
75	1	521	11
76	1	261	10
76	1	521	11
77	1	261	10
77	1	521	11
78	1	261	10
78	1	521	11
79	1	261	10
79	1	521	11
80	1	261	10
80	1	521	11
81	1	261	10
81	1	521	11
82	1	261	10
82	1	521	11
83	1	261	10
83	1	521	11
84	1	261	10
84	1	521	11
85	1	261	10
85	1	521	11
86	1	261	10
86	1	521	11
87	1	261	10
87	1	521	11
88	1	261	10
88	1	521	11
89	1	261	10
89	1	521	11
90	1	261	10
90	1	521	11
91	1	261	10
91	1	521	11
92	1	261	10
92	1	521	11
93	1	261	10
93	1	521	11
94	1	261	10
94	1	521	11
95	1	261	10
95	1	521	11
96	1	261	10
96	1	521	11
97	1	261	10
97	1	521	11
98	1	261	10
98	1	521	11
99	1	261	10
99	1	521	11
100	1	261	10
100	1	521	11
101	1	261	10
101	1	521	11
102	1	261	10
102	1	521	11
103	1	261	10
103	1	521	11
104	1	261	10
104	1	521	11
105	1	261	10
105	1	521	11
106	1	261	10
106	1	521	11
107	1	261	10
107	1	521	11
108	1	261	10
108	1	521	11
109	1	261	10
109	1	521	11
110	1	261	10
110	1	521	11
111	1	261	10
111	1	521	11
112	1	261	10
112	1	521	11
113	1	261	10
113	1	521	11
114	1	261	10
114	1	521	11
115	1	261	10
115	1	521	11
116	1	261	10
116	1	521	11
117	1	261	10
117	1	521	11
118	1	261	10
118	1	521	11
119	1	261	10
119	1	521	11
120	1	261	10
120	1	521	11
121	1	261	10
121	1	521	11
122	1	261	10
122	1	521	11
123	1	261	10
123	1	521	11
124	1	261	10
124	1	521	11
125	1	261	10
125	1	521	11
126	1	261	10
126	1	521	11
127	1	261	10
127	1	521	11
128	1	261	10
128	1	521	11
129	1	261	10
129	1	521	11
130	1	261	10
130	1	521	11
131	1	261	10
131	1	521	11
132	1	261	10
132	1	521	11
133	1	261	10
133	1	521	11
134	1	261	10
134	1	521	11
135	1	261	10
135	1	521	11
136	1	261	10
136	1	521	11
137	1	261	10
137	1	521	11
138	1	261	10
138	1	521	11
139	1	261	10
139	1	521	11
140	1	261	10
140	1	521	11
141	1	261	10
141	1	521	11
142	1	261	10
142	1	521	11
143	1	261	10
143	1	521	11
144	1	261	10
144	1	521	11
145	1	261	10
145	1	521	11
146	1	261	10
146	1	521	11
147	1	261	10
147	1	521	11
148	1	261	10
148	1	521	11
149	1	261	10
149	1	521	11
150	1	261	10
150	1	521	11
151	1	261	10
151	1	521	11
152	1	261	10
152	1	521	11
153	1	261	10
153	1	521	11
154	1	261	10
154	1	521	11
155	1	261	10
155	1	521	11
156	1	261	10
156	1	521	11
157	1	261	10
157	1	521	11
158	1	261	10
158	1	521	11
159	1	261	10
159	1	521	11
160	1	261	10
160	1	521	11
161	1	261	10
161	1	521	11
162	1	261	10
162	1	521	11
163	1	261	10
163	1	521	11
164	1	261	10
164	1	521	11
165	1	261	10
165	1	521	11
166	1	261	10
166	1	521	11
167	1	261	10
167	1	521	11
168	1	261	10
168	1	521	11
169	1	261	10
169	1	521	11
170	1	261	10
170	1	521	11
171	1	261	10
171	1	521	11
172	1	261	10
172	1	521	11
173	1	261	10
173	1	521	11
174	1	261	10
174	1	521	11
175	1	261	10
175	1	521	11
176	1	261	10
176	1	521	11
177	1	261	10
177	1	521	11
178	1	261	10
178	1	521	11
179	1	261	10
179	1	521	11
180	1	261	10
180	1	521	11
181	1	261	10
181	1	521	11
182	1	261	10
182	1	521	11
183	1	261	10
183	1	521	11
184	1	261	10
184	1	521	11
185	1	261	10
185	1	521	11
186	1	261	10
186	1	521	11
187	1	261	10
187	1	521	11
188	1	261	10
188	1	521	11
189	1	261	10
189	1	521	11
190	1	261	10
190	1	521	11
191	1	261	10
191	1	521	11
192	1	261	10
192	1	521	11
193	1	261	10
193	1	521	11
194	1	261	10
194	1	521	11
195	1	261	10
195	1	521	11
196	1	261	10
196	1	521	11
197	1	261	10
197	1	521	11
198	1	261	10
198	1	521	11
199	1	261	10
199	1	521	11
200	1	261	10
200	1	521	11
201	1	261	10
201	1	521	11
202	1	261	10
202	1	521	11
203	1	261	10
203	1	521	11
204	1	261	10
204	1	521	11
205	1	261	10
205	1	521	11
206	1	261	10
206	1	521	11
207	1	261	10
207	1	521	11
208	1	261	10
208	1	521	11
209	1	261	10
209	1	521	11
210	1	261	10
210	1	521	11
211	1	261	10
211	1	521	11
212	1	261	10
212	1	521	11
213	1	261	10
213	1	521	11
214	1	261	10
214	1	521	11
215	1	261	10
215	1	521	11
216	1	261	10
216	1	521	11
217	1	261	10
217	1	521	11
218	1	261	10
218	1	521	11
219	1	261	10
219	1	521	11
220	1	261	10
220	1	521	11
221	1	261	10
221	1	521	11
222	1	261	10
222	1	521	11
223	1	261	10
223	1	521	11
224	1	261	10
224	1	521	11
225	1	261	10
225	1	521	11
226	1	261	10
226	1	521	11
227	1	261	10
227	1	521	11
228	1	261	10
228	1	521	11
229	1	261	10
229	1	521	11
230	1	261	10
230	1	521	11
231	1	261	10
231	1	521	11
232	1	261	10
232	1	521	11
233	1	261	10
233	1	521	11
234	1	261	10
234	1	521	11
235	1	261	10
235	1	521	11
236	1	261	10
236	1	521	11
237	1	261	10
237	1	521	11
238	1	261	10
238	1	521	11
239	1	261	10
239	1	521	11
240	1	261	10
240	1	521	11
241	1	261	10
241	1	521	11
242	1	261	10
242	1	521	11
243	1	261	10
243	1	521	11
244	1	261	10
244	1	521	11
245	1	261	10
245	1	521	11
246	1	261	10
246	1	521	11
247	1	261	10
247	1	521	11
248	1	261	10
248	1	521	11
249	1	261	10
249	1	521	11
250	1	261	10
250	1	521	11
251	1	261	10
251	1	521	11
252	1	261	10
252	1	521	11
253	1	261	10
253	1	521	11
254	1	261	10
254	1	521	11
255	1	261	10
255	1	521	11
256	1	261	10
256	1	521	11
257	1	261	10
257	1	521	11
258	1	261	10
258	1	521	11
259	1	261	10
259	1	521	11
260	1	261	10
260	1	521	11
261	1	261	10
261	1	521	11
262	1	261	10
262	1	521	11
263	1	261	10
263	1	521	11
264	1	261	10
264	1	521	11
265	1	261	10
265	1	521	11
266	1	261	10
266	1	521	11
267	1	261	10
267	1	521	11
268	1	261	10
268	1	521	11
269	1	261	10
269	1	521	11
270	1	261	10
270	1	521	11
271	1	261	10
271	1	521	11
272	1	261	10
272	1	521	11
273	1	261	10
273	1	521	11
274	1	261	10
274	1	521	11
275	1	261	10
275	1	521	11
276	1	261	10
276	1	521	11
277	1	261	10
277	1	521	11
278	1	261	10
278	1	521	11
279	1	261	10
279	1	521	11
280	1	261	10
280	1	521	11
281	1	261	10
281	1	521	11
282	1	261	10
282	1	521	11
283	1	261	10
283	1	521	11
284	1	261	10
284	1	521	11
285	1	261	10
285	1	521	11
286	1	261	10
286	1	521	11
287	1	261	10
287	1	521	11
288	1	261	10
288	1	521	11
289	1	261	10
289	1	521	11
290	1	261	10
290	1	521	11
291	1	261	10
291	1	521	11
292	1	261	10
292	1	521	11
293	1	261	10
293	1	521	11
294	1	261	10
294	1	521	11
295	1	261	10
295	1	521	11
296	1	261	10
296	1	521	11
297	1	261	10
297	1	521	11
298	1	261	10
298	1	521	11
299	1	261	10
299	1	521	11
300	1	261	10
300	1	521	11
301	1	261	10
301	1	521	11
302	1	261	10
302	1	521	11
303	1	261	10
303	1	521	11
304	1	261	10
304	1	521	11
305	1	261	10
305	1	521	11
306	1	261	10
306	1	521	11
307	1	261	10
307	1	521	11
308	1	261	10
308	1	521	11
309	1	261	10
309	1	521	11
310	1	261	10
310	1	521	11
311	1	261	10
311	1	521	11
312	1	261	10
312	1	521	11
313	1	261	10
313	1	521	11
314	1	261	10
314	1	521	11
315	1	261	10
315	1	521	11
316	1	261	10
316	1	521	11
317	1	261	10
317	1	521	11
318	1	261	10
318	1	521	11
319	1	261	10
319	1	521	11
320	1	261	10
320	1	521	11
321	1	261	10
321	1	521	11
322	1	261	10
322	1	521	11
323	1	261	10
323	1	521	11
324	1	261	10
324	1	521	11
325	1	261	10
325	1	521	11
326	1	261	10
326	1	521	11
327	1	261	10
327	1	521	11
328	1	261	10
328	1	521	11
329	1	261	10
329	1	521	11
330	1	261	10
330	1	521	11
331	1	261	10
331	1	521	11
332	1	261	10
332	1	521	11
333	1	261	10
333	1	521	11
334	1	261	10
334	1	521	11
335	1	261	10
335	1	521	11
336	1	261	10
336	1	521	11
337	1	261	10
337	1	521	11
338	1	261	10
338	1	521	11
339	1	261	10
339	1	521	11
340	1	261	10
340	1	521	11
341	1	261	10
341	1	521	11
342	1	261	10
342	1	521	11
343	1	261	10
343	1	521	11
344	1	261	10
344	1	521	11
345	1	261	10
345	1	521	11
346	1	261	10
346	1	521	11
347	1	261	10
347	1	521	11
348	1	261	10
348	1	521	11
349	1	261	10
349	1	521	11
350	1	261	10
350	1	521	11
351	1	261	10
351	1	521	11
352	1	261	10
352	1	521	11
353	1	261	10
353	1	521	11
354	1	261	10
354	1	521	11
355	1	261	10
355	1	521	11
356	1	261	10
356	1	521	11
357	1	261	10
357	1	521	11
358	1	261	10
358	1	521	11
359	1	261	10
359	1	521	11
360	1	261	10
360	1	521	11
361	1	261	10
361	1	521	11
362	1	261	10
362	1	521	11
363	1	261	10
363	1	521	11
364	1	261	10
364	1	521	11
365	1	261	10
365	1	521	11
366	1	261	10
366	1	521	11
367	1	261	10
367	1	521	11
368	1	261	10
368	1	521	11
369	1	261	10
369	1	521	11
370	1	261	10
370	1	521	11
371	1	261	10
371	1	521	11
372	1	261	10
372	1	521	11
373	1	261	10
373	1	521	11
374	1	261	10
374	1	521	11
375	1	261	10
375	1	521	11
376	1	261	10
376	1	521	11
377	1	261	10
377	1	521	11
378	1	261	10
378	1	521	11
379	1	261	10
379	1	521	11
380	1	261	10
380	1	521	11
381	1	261	10
381	1	521	11
382	1	261	10
382	1	521	11
383	1	261	10
383	1	521	11
384	1	261	10
384	1	521	11
385	1	261	10
385	1	521	11
386	1	261	10
386	1	521	11
387	1	261	10
387	1	521	11
388	1	261	10
388	1	521	11
389	1	261	10
389	1	521	11
390	1	261	10
390	1	521	11
391	1	261	10
391	1	521	11
392	1	261	10
392	1	521	11
393	1	261	10
393	1	521	11
394	1	261	10
394	1	521	11
395	1	261	10
395	1	521	11
396	1	261	10
396	1	521	11
397	1	261	10
397	1	521	11
398	1	261	10
398	1	521	11
399	1	261	10
399	1	521	11
400	1	261	10
400	1	521	11
401	1	261	10
401	1	521	11
402	1	261	10
402	1	521	11
403	1	261	10
403	1	521	11
404	1	261	10
404	1	521	11
405	1	261	10
405	1	521	11
406	1	261	10
406	1	521	11
407	1	261	10
407	1	521	11
408	1	261	10
408	1	521	11
409	1	261	10
409	1	521	11
410	1	261	10
410	1	521	11
411	1	261	10
411	1	521	11
412	1	261	10
412	1	521	11
413	1	261	10
413	1	521	11
414	1	261	10
414	1	521	11
415	1	261	10
415	1	521	11
416	1	261	10
416	1	521	11
417	1	261	10
417	1	521	11
418	1	261	10
418	1	521	11
419	1	261	10
419	1	521	11
420	1	261	10
420	1	521	11
421	1	261	10
421	1	521	11
422	1	261	10
422	1	521	11
423	1	261	10
423	1	521	11
424	1	261	10
424	1	521	11
425	1	261	10
425	1	521	11
426	1	261	10
426	1	521	11
427	1	261	10
427	1	521	11
428	1	261	10
428	1	521	11
429	1	261	10
429	1	521	11
430	1	261	10
430	1	521	11
431	1	261	10
431	1	521	11
432	1	261	10
432	1	521	11
433	1	261	10
433	1	521	11
434	1	261	10
434	1	521	11
435	1	261	10
435	1	521	11
436	1	261	10
436	1	521	11
437	1	261	10
437	1	521	11
438	1	261	10
438	1	521	11
439	1	261	10
439	1	521	11
440	1	261	10
440	1	521	11
441	1	261	10
441	1	521	11
442	1	261	10
442	1	521	11
443	1	261	10
443	1	521	11
444	1	261	10
444	1	521	11
445	1	261	10
445	1	521	11
446	1	261	10
446	1	521	11
447	1	261	10
447	1	521	11
448	1	261	10
448	1	521	11
449	1	261	10
449	1	521	11
450	1	261	10
450	1	521	11
451	1	261	10
451	1	521	11
452	1	261	10
452	1	521	11
453	1	261	10
453	1	521	11
454	1	261	10
454	1	521	11
455	1	261	10
455	1	521	11
456	1	261	10
456	1	521	11
457	1	261	10
457	1	521	11
458	1	261	10
458	1	521	11
459	1	261	10
459	1	521	11
460	1	261	10
460	1	521	11
461	1	261	10
461	1	521	11
462	1	261	10
462	1	521	11
463	1	261	10
463	1	521	11
464	1	261	10
464	1	521	11
465	1	261	10
465	1	521	11
466	1	261	10
466	1	521	11
467	1	261	10
467	1	521	11
468	1	261	10
468	1	521	11
469	1	261	10
469	1	521	11
470	1	261	10
470	1	521	11
471	1	261	10
471	1	521	11
472	1	261	10
472	1	521	11
473	1	261	10
473	1	521	11
474	1	261	10
474	1	521	11
475	1	261	10
475	1	521	11
476	1	261	10
476	1	521	11
477	1	261	10
477	1	521	11
478	1	261	10
478	1	521	11
479	1	261	10
479	1	521	11
480	1	261	10
480	1	521	11
481	1	261	10
481	1	521	11
482	1	261	10
482	1	521	11
483	1	261	10
483	1	521	11
484	1	261	10
484	1	521	11
485	1	261	10
485	1	521	11
486	1	261	10
486	1	521	11
487	1	261	10
487	1	521	11
488	1	261	10
488	1	521	11
489	1	261	10
489	1	521	11
490	1	261	10
490	1	521	11
491	1	261	10
491	1	521	11
492	1	261	10
492	1	521	11
493	1	261	10
493	1	521	11
494	1	261	10
494	1	521	11
495	1	261	10
495	1	521	11
496	1	261	10
496	1	521	11
497	1	261	10
497	1	521	11
498	1	261	10
498	1	521	11
499	1	261	10
499	1	521	11
500	1	261	10
500	1	521	11
501	1	261	10
501	1	521	11
502	1	261	10
502	1	521	11
503	1	261	10
503	1	521	11
504	1	261	10
504	1	521	11
505	1	261	10
505	1	521	11
506	1	261	10
506	1	521	11
507	1	261	10
507	1	521	11
508	1	261	10
508	1	521	11
509	1	261	10
509	1	521	11
510	1	261	10
510	1	521	11
511	1	261	10
511	1	521	11
512	1	261	10
512	1	521	11
513	1	261	10
513	1	521	11
514	1	261	10
514	1	521	11
515	1	261	10
515	1	521	11
516	1	261	10
516	1	521	11
517	1	261	10
517	1	521	11
518	1	261	10
518	1	521	11
519	1	261	10
519	1	521	11
520	1	261	10
520	1	521	11
521	1	261	10
521	1	521	11
522	1	261	10
522	1	521	11
523	1	261	10
523	1	521	11
524	1	261	10
524	1	521	11
525	1	261	10
525	1	521	11
526	1	261	10
526	1	521	11
527	1	261	10
527	1	521	11
528	1	261	10
528	1	521	11
529	1	261	10
529	1	521	11
530	1	261	10
530	1	521	11
531	1	261	10
531	1	521	11
532	1	261	10
532	1	521	11
533	1	261	10
533	1	521	11
534	1	261	10
534	1	521	11
535	1	261	10
535	1	521	11
536	1	261	10
536	1	521	11
537	1	261	10
537	1	521	11
538	1	261	10
538	1	521	11
539	1	261	10
539	1	521	11
540	1	261	10
540	1	521	11
541	1	261	10
541	1	521	11
542	1	261	10
542	1	521	11
543	1	261	10
543	1	521	11
544	1	261	10
544	1	521	11
545	1	261	10
545	1	521	11
546	1	261	10
546	1	521	11
547	1	261	10
547	1	521	11
548	1	261	10
548	1	521	11
549	1	261	10
549	1	521	11
550	1	261	10
550	1	521	11
551	1	261	10
551	1	521	11
552	1	261	10
552	1	521	11
553	1	261	10
553	1	521	11
554	1	261	10
554	1	521	11
555	1	261	10
555	1	521	11
556	1	261	10
556	1	521	11
557	1	261	10
557	1	521	11
558	1	261	10
558	1	521	11
559	1	261	10
559	1	521	11
560	1	261	10
560	1	521	11
561	1	261	10
561	1	521	11
562	1	261	10
562	1	521	11
563	1	261	10
563	1	521	11
564	1	261	10
564	1	521	11
565	1	261	10
565	1	521	11
566	1	261	10
566	1	521	11
567	1	261	10
567	1	521	11
568	1	261	10
568	1	521	11
569	1	261	10
569	1	521	11
570	1	261	10
570	1	521	11
571	1	261	10
571	1	521	11
572	1	261	10
572	1	521	11
573	1	261	10
573	1	521	11
574	1	261	10
574	1	521	11
575	1	261	10
575	1	521	11
576	1	261	10
576	1	521	11
577	1	261	10
577	1	521	11
578	1	261	10
578	1	521	11
579	1	261	10
579	1	521	11
580	1	261	10
580	1	521	11
581	1	261	10
581	1	521	11
582	1	261	10
582	1	521	11
583	1	261	10
583	1	521	11
584	1	261	10
584	1	521	11
585	1	261	10
585	1	521	11
586	1	261	10
586	1	521	11
587	1	261	10
587	1	521	11
588	1	261	10
588	1	521	11
589	1	261	10
589	1	521	11
590	1	261	10
590	1	521	11
591	1	261	10
591	1	521	11
592	1	261	10
592	1	521	11
593	1	261	10
593	1	521	11
594	1	261	10
594	1	521	11
595	1	261	10
595	1	521	11
596	1	261	10
596	1	521	11
597	1	261	10
597	1	521	11
598	1	261	10
598	1	521	11
599	1	261	10
599	1	521	11
600	1	261	10
600	1	521	11
601	1	261	10
601	1	521	11
602	1	261	10
602	1	521	11
603	1	261	10
603	1	521	11
604	1	261	10
604	1	521	11
605	1	261	10
605	1	521	11
606	1	261	10
606	1	521	11
607	1	261	10
607	1	521	11
608	1	261	10
608	1	521	11
609	1	261	10
609	1	521	11
610	1	261	10
610	1	521	11
611	1	261	10
611	1	521	11
612	1	261	10
612	1	521	11
613	1	261	10
613	1	521	11
614	1	261	10
614	1	521	11
615	1	261	10
615	1	521	11
616	1	261	10
616	1	521	11
617	1	261	10
617	1	521	11
618	1	261	10
618	1	521	11
619	1	261	10
619	1	521	11
620	1	261	10
620	1	521	11
621	1	261	10
621	1	521	11
622	1	261	10
622	1	521	11
623	1	261	10
623	1	521	11
624	1	261	10
624	1	521	11
625	1	261	10
625	1	521	11
626	1	261	10
626	1	521	11
627	1	261	10
627	1	521	11
628	1	261	10
628	1	521	11
629	1	261	10
629	1	521	11
630	1	261	10
630	1	521	11
631	1	261	10
631	1	521	11
632	1	261	10
632	1	521	11
633	1	261	10
633	1	521	11
634	1	261	10
634	1	521	11
635	1	261	10
635	1	521	11
636	1	261	10
636	1	521	11
637	1	261	10
637	1	521	11
638	1	261	10
638	1	521	11
639	1	261	10
639	1	521	11
640	1	261	10
640	1	521	11
641	1	261	10
641	1	521	11
642	1	261	10
642	1	521	11
643	1	261	10
643	1	521	11
644	1	261	10
644	1	521	11
645	1	261	10
645	1	521	11
646	1	261	10
646	1	521	11
647	1	261	10
647	1	521	11
648	1	261	10
648	1	521	11
649	1	261	10
649	1	521	11
650	1	261	10
650	1	521	11
651	1	261	10
651	1	521	11
652	1	261	10
652	1	521	11
653	1	261	10
653	1	521	11
654	1	261	10
654	1	521	11
655	1	261	10
655	1	521	11
656	1	261	10
656	1	521	11
657	1	261	10
657	1	521	11
658	1	261	10
658	1	521	11
659	1	261	10
659	1	521	11
660	1	261	10
660	1	521	11
661	1	261	10
661	1	521	11
662	1	261	10
662	1	521	11
663	1	261	10
663	1	521	11
664	1	261	10
664	1	521	11
665	1	261	10
665	1	521	11
666	1	261	10
666	1	521	11
667	1	261	10
667	1	521	11
668	1	261	10
668	1	521	11
669	1	261	10
669	1	521	11
670	1	261	10
670	1	521	11
671	1	261	10
671	1	521	11
672	1	261	10
672	1	521	11
673	1	261	10
673	1	521	11
674	1	261	10
674	1	521	11
675	1	261	10
675	1	521	11
676	1	261	10
676	1	521	11
677	1	261	10
677	1	521	11
678	1	261	10
678	1	521	11
679	1	261	10
679	1	521	11
680	1	261	10
680	1	521	11
681	1	261	10
681	1	521	11
682	1	261	10
682	1	521	11
683	1	261	10
683	1	521	11
684	1	261	10
684	1	521	11
685	1	261	10
685	1	521	11
686	1	261	10
686	1	521	11
687	1	261	10
687	1	521	11
688	1	261	10
688	1	521	11
689	1	261	10
689	1	521	11
690	1	261	10
690	1	521	11
691	1	261	10
691	1	521	11
692	1	261	10
692	1	521	11
693	1	261	10
693	1	521	11
694	1	261	10
694	1	521	11
695	1	261	10
695	1	521	11
696	1	261	10
696	1	521	11
697	1	261	10
697	1	521	11
698	1	261	10
698	1	521	11
699	1	261	10
699	1	521	11
700	1	261	10
700	1	521	11
701	1	261	10
701	1	521	11
702	1	261	10
702	1	521	11
703	1	261	10
703	1	521	11
704	1	261	10
704	1	521	11
705	1	261	10
705	1	521	11
706	1	261	10
706	1	521	11
707	1	261	10
707	1	521	11
708	1	261	10
708	1	521	11
709	1	261	10
709	1	521	11
710	1	261	10
710	1	521	11
711	1	261	10
711	1	521	11
712	1	261	10
712	1	521	11
713	1	261	10
713	1	521	11
714	1	261	10
714	1	521	11
715	1	261	10
715	1	521	11
716	1	261	10
716	1	521	11
717	1	261	10
717	1	521	11
718	1	261	10
718	1	521	11
719	1	261	10
719	1	521	11
720	1	261	10
720	1	521	11
721	1	261	10
721	1	521	11
722	1	261	10
722	1	521	11
723	1	261	10
723	1	521	11
724	1	261	10
724	1	521	11
725	1	261	10
725	1	521	11
726	1	261	10
726	1	521	11
727	1	261	10
727	1	521	11
728	1	261	10
728	1	521	11
729	1	261	10
729	1	521	11
730	1	261	10
730	1	521	11
731	1	261	10
731	1	521	11
732	1	261	10
732	1	521	11
733	1	261	10
733	1	521	11
734	1	261	10
734	1	521	11
735	1	261	10
735	1	521	11
736	1	261	10
736	1	521	11
737	1	261	10
737	1	521	11
738	1	261	10
738	1	521	11
739	1	261	10
739	1	521	11
740	1	261	10
740	1	521	11
741	1	261	10
741	1	521	11
742	1	261	10
742	1	521	11
743	1	261	10
743	1	521	11
744	1	261	10
744	1	521	11
745	1	261	10
745	1	521	11
746	1	261	10
746	1	521	11
747	1	261	10
747	1	521	11
748	1	261	10
748	1	521	11
749	1	261	10
749	1	521	11
750	1	261	10
750	1	521	11
751	1	261	10
751	1	521	11
752	1	261	10
752	1	521	11
753	1	261	10
753	1	521	11
754	1	261	10
754	1	521	11
755	1	261	10
755	1	521	11
756	1	261	10
756	1	521	11
757	1	261	10
757	1	521	11
758	1	261	10
758	1	521	11
759	1	261	10
759	1	521	11
760	1	261	10
760	1	521	11
761	1	261	10
761	1	521	11
762	1	261	10
762	1	521	11
763	1	261	10
763	1	521	11
764	1	261	10
764	1	521	11
765	1	261	10
765	1	521	11
766	1	261	10
766	1	521	11
767	1	261	10
767	1	521	11
768	1	261	10
768	1	521	11
769	1	261	10
769	1	521	11
770	1	261	10
770	1	521	11
771	1	261	10
771	1	521	11
772	1	261	10
772	1	521	11
773	1	261	10
773	1	521	11
774	1	261	10
774	1	521	11
775	1	261	10
775	1	521	11
776	1	261	10
776	1	521	11
777	1	261	10
777	1	521	11
778	1	261	10
778	1	521	11
779	1	261	10
779	1	521	11
780	1	261	10
780	1	521	11
781	1	261	10
781	1	521	11
782	1	261	10
782	1	521	11
783	1	261	10
783	1	521	11
784	1	261	10
784	1	521	11
785	1	261	10
785	1	521	11
786	1	261	10
786	1	521	11
787	1	261	10
787	1	521	11
788	1	261	10
788	1	521	11
789	1	261	10
789	1	521	11
790	1	261	10
790	1	521	11
791	1	261	10
791	1	521	11
792	1	261	10
792	1	521	11
793	1	261	10
793	1	521	11
794	1	261	10
794	1	521	11
795	1	261	10
795	1	521	11
796	1	261	10
796	1	521	11
797	1	261	10
797	1	521	11
798	1	261	10
798	1	521	11
799	1	261	10
799	1	521	11
800	1	261	10
800	1	521	11
801	1	261	10
801	1	521	11
802	1	261	10
802	1	521	11
803	1	261	10
803	1	521	11
804	1	261	10
804	1	521	11
805	1	261	10
805	1	521	11
806	1	261	10
806	1	521	11
807	1	261	10
807	1	521	11
808	1	261	10
808	1	521	11
809	1	261	10
809	1	521	11
810	1	261	10
810	1	521	11
811	1	261	10
811	1	521	11
812	1	261	10
812	1	521	11
813	1	261	10
813	1	521	11
814	1	261	10
814	1	521	11
815	1	261	10
815	1	521	11
816	1	261	10
816	1	521	11
817	1	261	10
817	1	521	11
818	1	261	10
818	1	521	11
819	1	261	10
819	1	521	11
820	1	261	10
820	1	521	11
821	1	261	10
821	1	521	11
822	1	261	10
822	1	521	11
823	1	261	10
823	1	521	11
824	1	261	10
824	1	521	11
825	1	261	10
825	1	521	11
826	1	261	10
826	1	521	11
827	1	261	10
827	1	521	11
828	1	261	10
828	1	521	11
829	1	261	10
829	1	521	11
830	1	261	10
830	1	521	11
831	1	261	10
831	1	521	11
832	1	261	10
832	1	521	11
833	1	261	10
833	1	521	11
834	1	261	10
834	1	521	11
835	1	261	10
835	1	521	11
836	1	261	10
836	1	521	11
837	1	261	10
837	1	521	11
838	1	261	10
838	1	521	11
839	1	261	10
839	1	521	11
840	1	261	10
840	1	521	11
841	1	261	10
841	1	521	11
842	1	261	10
842	1	521	11
843	1	261	10
843	1	521	11
844	1	261	10
844	1	521	11
845	1	261	10
845	1	521	11
846	1	261	10
846	1	521	11
847	1	261	10
847	1	521	11
848	1	261	10
848	1	521	11
849	1	261	10
849	1	521	11
850	1	261	10
850	1	521	11
851	1	261	10
851	1	521	11
852	1	261	10
852	1	521	11
853	1	261	10
853	1	521	11
854	1	261	10
854	1	521	11
855	1	261	10
855	1	521	11
856	1	261	10
856	1	521	11
857	1	261	10
857	1	521	11
858	1	261	10
858	1	521	11
859	1	261	10
859	1	521	11
860	1	261	10
860	1	521	11
861	1	261	10
861	1	521	11
862	1	261	10
862	1	521	11
863	1	261	10
863	1	521	11
864	1	261	10
864	1	521	11
865	1	261	10
865	1	521	11
866	1	261	10
866	1	521	11
867	1	261	10
867	1	521	11
868	1	261	10
868	1	521	11
869	1	261	10
869	1	521	11
870	1	261	10
870	1	521	11
871	1	261	10
871	1	521	11
872	1	261	10
872	1	521	11
873	1	261	10
873	1	521	11
874	1	261	10
874	1	521	11
875	1	261	10
875	1	521	11
876	1	261	10
876	1	521	11
877	1	261	10
877	1	521	11
878	1	261	10
878	1	521	11
879	1	261	10
879	1	521	11
880	1	261	10
880	1	521	11
881	1	261	10
881	1	521	11
882	1	261	10
882	1	521	11
883	1	261	10
883	1	521	11
884	1	261	10
884	1	521	11
885	1	261	10
885	1	521	11
886	1	261	10
886	1	521	11
887	1	261	10
887	1	521	11
888	1	261	10
888	1	521	11
889	1	261	10
889	1	521	11
890	1	261	10
890	1	521	11
891	1	261	10
891	1	521	11
892	1	261	10
892	1	521	11
893	1	261	10
893	1	521	11
894	1	261	10
894	1	521	11
895	1	261	10
895	1	521	11
896	1	261	10
896	1	521	11
897	1	261	10
897	1	521	11
898	1	261	10
898	1	521	11
899	1	261	10
899	1	521	11
900	1	261	10
900	1	521	11
901	1	261	10
901	1	521	11
902	1	261	10
902	1	521	11
903	1	261	10
903	1	521	11
904	1	261	10
904	1	521	11
905	1	261	10
905	1	521	11
906	1	261	10
906	1	521	11
907	1	261	10
907	1	521	11
908	1	261	10
908	1	521	11
909	1	261	10
909	1	521	11
910	1	261	10
910	1	521	11
911	1	261	10
911	1	521	11
912	1	261	10
912	1	521	11
913	1	261	10
913	1	521	11
914	1	261	10
914	1	521	11
915	1	261	10
915	1	521	11
916	1	261	10
916	1	521	11
917	1	261	10
917	1	521	11
918	1	261	10
918	1	521	11
919	1	261	10
919	1	521	11
920	1	261	10
920	1	521	11
921	1	261	10
921	1	521	11
922	1	261	10
922	1	521	11
923	1	261	10
923	1	521	11
924	1	261	10
924	1	521	11
925	1	261	10
925	1	521	11
926	1	261	10
926	1	521	11
927	1	261	10
927	1	521	11
928	1	261	10
928	1	521	11
929	1	261	10
929	1	521	11
930	1	261	10
930	1	521	11
931	1	261	10
931	1	521	11
932	1	261	10
932	1	521	11
933	1	261	10
933	1	521	11
934	1	261	10
934	1	521	11
935	1	261	10
935	1	521	11
936	1	261	10
936	1	521	11
937	1	261	10
937	1	521	11
938	1	261	10
938	1	521	11
939	1	261	10
939	1	521	11
940	1	261	10
940	1	521	11
941	1	261	10
941	1	521	11
942	1	261	10
942	1	521	11
943	1	261	10
943	1	521	11
944	1	261	10
944	1	521	11
945	1	261	10
945	1	521	11
946	1	261	10
946	1	521	11
947	1	261	10
947	1	521	11
948	1	261	10
948	1	521	11
949	1	261	10
949	1	521	11
950	1	261	10
950	1	521	11
951	1	261	10
951	1	521	11
952	1	261	10
952	1	521	11
953	1	261	10
953	1	521	11
954	1	261	10
954	1	521	11
955	1	261	10
955	1	521	11
956	1	261	10
956	1	521	11
957	1	261	10
957	1	521	11
958	1	261	10
958	1	521	11
959	1	261	10
959	1	521	11
960	1	261	10
960	1	521	11
961	1	261	10
961	1	521	11
962	1	261	10
962	1	521	11
963	1	261	10
963	1	521	11
964	1	261	10
964	1	521	11
965	1	261	10
965	1	521	11
966	1	261	10
966	1	521	11
967	1	261	10
967	1	521	11
968	1	261	10
968	1	521	11
969	1	261	10
969	1	521	11
970	1	261	10
970	1	521	11
971	1	261	10
971	1	521	11
972	1	261	10
972	1	521	11
973	1	261	10
973	1	521	11
974	1	261	10
974	1	521	11
975	1	261	10
975	1	521	11
976	1	261	10
976	1	521	11
977	1	261	10
977	1	521	11
978	1	261	10
978	1	521	11
979	1	261	10
979	1	521	11
980	1	261	10
980	1	521	11
981	1	261	10
981	1	521	11
982	1	261	10
982	1	521	11
983	1	261	10
983	1	521	11
984	1	261	10
984	1	521	11
985	1	261	10
985	1	521	11
986	1	261	10
986	1	521	11
987	1	261	10
987	1	521	11
988	1	261	10
988	1	521	11
989	1	261	10
989	1	521	11
990	1	261	10
990	1	521	11
991	1	261	10
991	1	521	11
992	1	261	10
992	1	521	11
993	1	261	10
993	1	521	11
994	1	261	10
994	1	521	11
995	1	261	10
995	1	521	11
996	1	261	10
996	1	521	11
997	1	261	10
997	1	521	11
998	1	261	10
998	1	521	11
999	1	261	10
999	1	521	11
