Realization	utility	week	infra.
0	0	261	6
0	0	1148	8
1	0	261	6
1	0	887	8
2	0	261	6
2	0	939	8
3	0	261	6
3	0	1095	8
4	0	261	6
4	0	1043	8
5	0	261	6
5	0	1043	8
6	0	261	6
6	0	1461	8
7	0	261	6
7	0	834	8
8	0	261	6
8	0	1565	8
9	0	261	6
9	0	991	8
10	0	261	6
10	0	678	8
11	0	261	6
11	0	1513	8
12	0	261	6
12	0	834	8
13	0	261	6
13	0	834	8
14	0	261	6
14	0	782	8
15	0	261	6
15	0	1513	8
16	0	261	6
16	0	1304	8
17	0	261	6
17	0	1095	8
18	0	261	6
18	0	678	8
19	0	261	6
19	0	1200	8
20	0	261	6
20	0	1408	8
21	0	261	6
21	0	1095	8
22	0	261	6
22	0	782	8
23	0	261	6
23	0	1408	8
24	0	261	6
24	0	1356	8
25	0	261	6
25	0	939	8
26	0	261	6
26	0	1095	8
27	0	261	6
27	0	834	8
28	0	261	6
28	0	1513	8
29	0	261	6
29	0	1304	8
30	0	261	6
30	0	782	8
31	0	261	6
31	0	834	8
32	0	261	6
32	0	678	8
33	0	261	6
33	0	887	8
34	0	261	6
34	0	678	8
35	0	261	6
35	0	1043	8
36	0	261	6
36	0	1148	8
37	0	261	6
37	0	678	8
38	0	261	6
38	0	939	8
39	0	261	6
39	0	991	8
40	0	261	6
40	0	730	8
41	0	261	6
41	0	1461	8
42	0	261	6
42	0	991	8
43	0	261	6
43	0	678	8
44	0	261	6
44	0	939	8
45	0	261	6
45	0	1304	8
46	0	261	6
46	0	730	8
47	0	261	6
47	0	782	8
48	0	261	6
48	0	834	8
49	0	261	6
49	0	887	8
50	0	261	6
50	0	678	8
51	0	261	6
51	0	782	8
52	0	261	6
52	0	1356	8
53	0	261	6
53	0	1461	8
54	0	261	6
54	0	782	8
55	0	261	6
55	0	887	8
56	0	261	6
56	0	678	8
57	0	261	6
57	0	1148	8
58	0	261	6
58	0	887	8
59	0	261	6
59	0	678	8
60	0	261	6
60	0	1252	8
61	0	261	6
61	0	782	8
62	0	261	6
62	0	782	8
63	0	261	6
63	0	1356	8
64	0	261	6
64	0	1148	8
65	0	261	6
65	0	1043	8
66	0	261	6
66	0	1356	8
67	0	261	6
67	0	782	8
68	0	261	6
68	0	782	8
69	0	261	6
69	0	1200	8
70	0	261	6
70	0	782	8
71	0	261	6
71	0	834	8
72	0	261	6
72	0	1148	8
73	0	261	6
73	0	834	8
74	0	261	6
74	0	834	8
75	0	261	6
75	0	730	8
76	0	261	6
76	0	887	8
77	0	261	6
77	0	1043	8
78	0	261	6
78	0	1252	8
79	0	261	6
79	0	1461	8
80	0	261	6
80	0	887	8
81	0	261	6
81	0	939	8
82	0	261	6
82	0	1513	8
83	0	261	6
83	0	834	8
84	0	261	6
84	0	939	8
85	0	261	6
85	0	1252	8
86	0	261	6
86	0	1200	8
87	0	261	6
87	0	1095	8
88	0	261	6
88	0	1043	8
89	0	261	6
89	0	991	8
90	0	261	6
90	0	1304	8
91	0	261	6
91	0	678	8
92	0	261	6
92	0	1043	8
93	0	261	6
93	0	782	8
94	0	261	6
94	0	1148	8
95	0	261	6
95	0	939	8
96	0	261	6
96	0	1304	8
97	0	261	6
97	0	939	8
98	0	261	6
98	0	1148	8
99	0	261	6
99	0	939	8
100	0	261	6
100	0	730	8
101	0	261	6
101	0	782	8
102	0	261	6
102	0	730	8
103	0	261	6
103	0	782	8
104	0	261	6
104	0	1148	8
105	0	261	6
105	0	1408	8
106	0	261	6
106	0	1200	8
107	0	261	6
107	0	1408	8
108	0	261	6
108	0	678	8
109	0	261	6
109	0	782	8
110	0	261	6
110	0	782	8
111	0	261	6
111	0	1252	8
112	0	261	6
112	0	1043	8
113	0	261	6
113	0	678	8
114	0	261	6
114	0	1408	8
115	0	261	6
115	0	730	8
116	0	261	6
116	0	1304	8
117	0	261	6
117	0	991	8
118	0	261	6
118	0	678	8
119	0	261	6
119	0	1043	8
120	0	261	6
120	0	1148	8
121	0	261	6
121	0	1095	8
122	0	261	6
122	0	1043	8
123	0	261	6
123	0	887	8
124	0	261	6
124	0	1356	8
125	0	261	6
125	0	1408	8
126	0	261	6
126	0	1252	8
127	0	261	6
127	0	730	8
128	0	261	6
128	0	1408	8
129	0	261	6
129	0	1095	8
130	0	261	6
130	0	1461	8
131	0	261	6
131	0	678	8
132	0	261	6
132	0	1200	8
133	0	261	6
133	0	834	8
134	0	261	6
134	0	782	8
135	0	261	6
135	0	1043	8
136	0	261	6
136	0	782	8
137	0	261	6
137	0	782	8
138	0	261	6
138	0	1565	8
139	0	261	6
139	0	678	8
140	0	261	6
140	0	834	8
141	0	261	6
141	0	1200	8
142	0	261	6
142	0	782	8
143	0	261	6
143	0	730	8
144	0	261	6
144	0	730	8
145	0	261	6
145	0	782	8
146	0	261	6
146	0	834	8
147	0	261	6
147	0	1200	8
148	0	261	6
148	0	1252	8
149	0	261	6
149	0	834	8
150	0	261	6
150	0	730	8
151	0	261	6
151	0	939	8
152	0	261	6
152	0	678	8
153	0	261	6
153	0	834	8
154	0	261	6
154	0	1095	8
155	0	261	6
155	0	678	8
156	0	261	6
156	0	1461	8
157	0	261	6
157	0	1252	8
158	0	261	6
158	0	1356	8
159	0	261	6
159	0	730	8
160	0	261	6
160	0	834	8
161	0	261	6
161	0	678	8
162	0	261	6
162	0	782	8
163	0	261	6
163	0	834	8
164	0	261	6
164	0	678	8
165	0	261	6
165	0	1513	8
166	0	261	6
166	0	887	8
167	0	261	6
167	0	782	8
168	0	261	6
168	0	1565	8
169	0	261	6
169	0	1148	8
170	0	261	6
170	0	782	8
171	0	261	6
171	0	730	8
172	0	261	6
172	0	730	8
173	0	261	6
173	0	782	8
174	0	261	6
174	0	1252	8
175	0	261	6
175	0	1200	8
176	0	261	6
176	0	1043	8
177	0	261	6
177	0	1408	8
178	0	261	6
178	0	834	8
179	0	261	6
179	0	678	8
180	0	261	6
180	0	834	8
181	0	261	6
181	0	1408	8
182	0	261	6
182	0	887	8
183	0	261	6
183	0	887	8
184	0	261	6
184	0	939	8
185	0	261	6
185	0	1148	8
186	0	261	6
186	0	834	8
187	0	261	6
187	0	1095	8
188	0	261	6
188	0	939	8
189	0	261	6
189	0	678	8
190	0	261	6
190	0	834	8
191	0	261	6
191	0	834	8
192	0	261	6
192	0	730	8
193	0	261	6
193	0	730	8
194	0	261	6
194	0	730	8
195	0	261	6
195	0	991	8
196	0	261	6
196	0	887	8
197	0	261	6
197	0	730	8
198	0	261	6
198	0	939	8
199	0	261	6
199	0	834	8
200	0	261	6
200	0	678	8
201	0	261	6
201	0	1148	8
202	0	261	6
202	0	782	8
203	0	261	6
203	0	834	8
204	0	261	6
204	0	834	8
205	0	261	6
205	0	782	8
206	0	261	6
206	0	1200	8
207	0	261	6
207	0	678	8
208	0	261	6
208	0	834	8
209	0	261	6
209	0	1356	8
210	0	261	6
210	0	782	8
211	0	261	6
211	0	939	8
212	0	261	6
212	0	782	8
213	0	261	6
213	0	730	8
214	0	261	6
214	0	782	8
215	0	261	6
215	0	782	8
216	0	261	6
216	0	1408	8
217	0	261	6
217	0	782	8
218	0	261	6
218	0	1565	8
219	0	261	6
219	0	730	8
220	0	261	6
220	0	1043	8
221	0	261	6
221	0	939	8
222	0	261	6
222	0	1043	8
223	0	261	6
223	0	1252	8
224	0	261	6
224	0	1408	8
225	0	261	6
225	0	1513	8
226	0	261	6
226	0	678	8
227	0	261	6
227	0	991	8
228	0	261	6
228	0	1200	8
229	0	261	6
229	0	887	8
230	0	261	6
230	0	678	8
231	0	261	6
231	0	678	8
232	0	261	6
232	0	1252	8
233	0	261	6
233	0	678	8
234	0	261	6
234	0	887	8
235	0	261	6
235	0	1095	8
236	0	261	6
236	0	730	8
237	0	261	6
237	0	678	8
238	0	261	6
238	0	1356	8
239	0	261	6
239	0	730	8
240	0	261	6
240	0	991	8
241	0	261	6
241	0	678	8
242	0	261	6
242	0	834	8
243	0	261	6
243	0	782	8
244	0	261	6
244	0	887	8
245	0	261	6
245	0	939	8
246	0	261	6
246	0	887	8
247	0	261	6
247	0	834	8
248	0	261	6
248	0	782	8
249	0	261	6
249	0	1043	8
250	0	261	6
250	0	887	8
251	0	261	6
251	0	678	8
252	0	261	6
252	0	991	8
253	0	261	6
253	0	730	8
254	0	261	6
254	0	678	8
255	0	261	6
255	0	782	8
256	0	261	6
256	0	1461	8
257	0	261	6
257	0	1461	8
258	0	261	6
258	0	782	8
259	0	261	6
259	0	782	8
260	0	261	6
260	0	730	8
261	0	261	6
261	0	887	8
262	0	261	6
262	0	678	8
263	0	261	6
263	0	782	8
264	0	261	6
264	0	1043	8
265	0	261	6
265	0	1148	8
266	0	261	6
266	0	1043	8
267	0	261	6
267	0	678	8
268	0	261	6
268	0	1043	8
269	0	261	6
269	0	730	8
270	0	261	6
270	0	1095	8
271	0	261	6
271	0	991	8
272	0	261	6
272	0	1565	8
273	0	261	6
273	0	782	8
274	0	261	6
274	0	991	8
275	0	261	6
275	0	730	8
276	0	261	6
276	0	1095	8
277	0	261	6
277	0	834	8
278	0	261	6
278	0	1304	8
279	0	261	6
279	0	1356	8
280	0	261	6
280	0	991	8
281	0	261	6
281	0	834	8
282	0	261	6
282	0	730	8
283	0	261	6
283	0	782	8
284	0	261	6
284	0	939	8
285	0	261	6
285	0	1513	8
286	0	261	6
286	0	730	8
287	0	261	6
287	0	730	8
288	0	261	6
288	0	782	8
289	0	261	6
289	0	730	8
290	0	261	6
290	0	782	8
291	0	261	6
291	0	1095	8
292	0	261	6
292	0	991	8
293	0	261	6
293	0	730	8
294	0	261	6
294	0	991	8
295	0	261	6
295	0	887	8
296	0	261	6
296	0	991	8
297	0	261	6
297	0	678	8
298	0	261	6
298	0	1408	8
299	0	261	6
299	0	730	8
300	0	261	6
300	0	678	8
301	0	261	6
301	0	939	8
302	0	261	6
302	0	730	8
303	0	261	6
303	0	782	8
304	0	261	6
304	0	730	8
305	0	261	6
305	0	730	8
306	0	261	6
306	0	1148	8
307	0	261	6
307	0	730	8
308	0	261	6
308	0	939	8
309	0	261	6
309	0	678	8
310	0	261	6
310	0	887	8
311	0	261	6
311	0	782	8
312	0	261	6
312	0	1461	8
313	0	261	6
313	0	1095	8
314	0	261	6
314	0	1356	8
315	0	261	6
315	0	834	8
316	0	261	6
316	0	678	8
317	0	261	6
317	0	939	8
318	0	261	6
318	0	1148	8
319	0	261	6
319	0	730	8
320	0	261	6
320	0	678	8
321	0	261	6
321	0	730	8
322	0	261	6
322	0	782	8
323	0	261	6
323	0	730	8
324	0	261	6
324	0	939	8
325	0	261	6
325	0	887	8
326	0	261	6
326	0	730	8
327	0	261	6
327	0	1095	8
328	0	261	6
328	0	1095	8
329	0	261	6
329	0	678	8
330	0	261	6
330	0	730	8
331	0	261	6
331	0	1513	8
332	0	261	6
332	0	678	8
333	0	261	6
333	0	730	8
334	0	261	6
334	0	782	8
335	0	261	6
335	0	678	8
336	0	261	6
336	0	730	8
337	0	261	6
337	0	991	8
338	0	261	6
338	0	991	8
339	0	261	6
339	0	782	8
340	0	261	6
340	0	1304	8
341	0	261	6
341	0	1200	8
342	0	261	6
342	0	678	8
343	0	261	6
343	0	678	8
344	0	261	6
344	0	678	8
345	0	261	6
345	0	730	8
346	0	261	6
346	0	678	8
347	0	261	6
347	0	678	8
348	0	261	6
348	0	730	8
349	0	261	6
349	0	730	8
350	0	261	6
350	0	782	8
351	0	261	6
351	0	834	8
352	0	261	6
352	0	1356	8
353	0	261	6
353	0	991	8
354	0	261	6
354	0	991	8
355	0	261	6
355	0	887	8
356	0	261	6
356	0	1095	8
357	0	261	6
357	0	730	8
358	0	261	6
358	0	730	8
359	0	261	6
359	0	1200	8
360	0	261	6
360	0	730	8
361	0	261	6
361	0	782	8
362	0	261	6
362	0	887	8
363	0	261	6
363	0	678	8
364	0	261	6
364	0	887	8
365	0	261	6
365	0	782	8
366	0	261	6
366	0	834	8
367	0	261	6
367	0	1252	8
368	0	261	6
368	0	730	8
369	0	261	6
369	0	1252	8
370	0	261	6
370	0	730	8
371	0	261	6
371	0	991	8
372	0	261	6
372	0	730	8
373	0	261	6
373	0	678	8
374	0	261	6
374	0	1043	8
375	0	261	6
375	0	887	8
376	0	261	6
376	0	834	8
377	0	261	6
377	0	730	8
378	0	261	6
378	0	1356	8
379	0	261	6
379	0	1043	8
380	0	261	6
380	0	834	8
381	0	261	6
381	0	1461	8
382	0	261	6
382	0	834	8
383	0	261	6
383	0	1095	8
384	0	261	6
384	0	1095	8
385	0	261	6
385	0	834	8
386	0	261	6
386	0	887	8
387	0	261	6
387	0	730	8
388	0	261	6
388	0	782	8
389	0	261	6
389	0	834	8
390	0	261	6
390	0	730	8
391	0	261	6
391	0	1461	8
392	0	261	6
392	0	1148	8
393	0	261	6
393	0	1148	8
394	0	261	6
394	0	1043	8
395	0	261	6
395	0	1461	8
396	0	261	6
396	0	834	8
397	0	261	6
397	0	1304	8
398	0	261	6
398	0	730	8
399	0	261	6
399	0	1304	8
400	0	261	6
400	0	991	8
401	0	261	6
401	0	887	8
402	0	261	6
402	0	1148	8
403	0	261	6
403	0	730	8
404	0	261	6
404	0	678	8
405	0	261	6
405	0	887	8
406	0	261	6
406	0	1148	8
407	0	261	6
407	0	678	8
408	0	261	6
408	0	730	8
409	0	261	6
409	0	887	8
410	0	261	6
410	0	834	8
411	0	261	6
411	0	834	8
412	0	261	6
412	0	939	8
413	0	261	6
413	0	1565	8
414	0	261	6
414	0	834	8
415	0	261	6
415	0	887	8
416	0	261	6
416	0	991	8
417	0	261	6
417	0	782	8
418	0	261	6
418	0	834	8
419	0	261	6
419	0	1304	8
420	0	261	6
420	0	887	8
421	0	261	6
421	0	782	8
422	0	261	6
422	0	887	8
423	0	261	6
423	0	1252	8
424	0	261	6
424	0	834	8
425	0	261	6
425	0	991	8
426	0	261	6
426	0	887	8
427	0	261	6
427	0	1408	8
428	0	261	6
428	0	730	8
429	0	261	6
429	0	991	8
430	0	261	6
430	0	1148	8
431	0	261	6
431	0	1356	8
432	0	261	6
432	0	1461	8
433	0	261	6
433	0	730	8
434	0	261	6
434	0	991	8
435	0	261	6
435	0	887	8
436	0	261	6
436	0	991	8
437	0	261	6
437	0	730	8
438	0	261	6
438	0	678	8
439	0	261	6
439	0	1200	8
440	0	261	6
440	0	887	8
441	0	261	6
441	0	1200	8
442	0	261	6
442	0	782	8
443	0	261	6
443	0	678	8
444	0	261	6
444	0	678	8
445	0	261	6
445	0	782	8
446	0	261	6
446	0	1252	8
447	0	261	6
447	0	939	8
448	0	261	6
448	0	782	8
449	0	261	6
449	0	939	8
450	0	261	6
450	0	1356	8
451	0	261	6
451	0	730	8
452	0	261	6
452	0	782	8
453	0	261	6
453	0	782	8
454	0	261	6
454	0	1252	8
455	0	261	6
455	0	730	8
456	0	261	6
456	0	1200	8
457	0	261	6
457	0	1408	8
458	0	261	6
458	0	939	8
459	0	261	6
459	0	887	8
460	0	261	6
460	0	782	8
461	0	261	6
461	0	678	8
462	0	261	6
462	0	782	8
463	0	261	6
463	0	1095	8
464	0	261	6
464	0	730	8
465	0	261	6
465	0	939	8
466	0	261	6
466	0	782	8
467	0	261	6
467	0	1200	8
468	0	261	6
468	0	939	8
469	0	261	6
469	0	730	8
470	0	261	6
470	0	1148	8
471	0	261	6
471	0	678	8
472	0	261	6
472	0	730	8
473	0	261	6
473	0	1304	8
474	0	261	6
474	0	887	8
475	0	261	6
475	0	1148	8
476	0	261	6
476	0	834	8
477	0	261	6
477	0	1304	8
478	0	261	6
478	0	730	8
479	0	261	6
479	0	730	8
480	0	261	6
480	0	1356	8
481	0	261	6
481	0	782	8
482	0	261	6
482	0	834	8
483	0	261	6
483	0	1095	8
484	0	261	6
484	0	939	8
485	0	261	6
485	0	1043	8
486	0	261	6
486	0	834	8
487	0	261	6
487	0	887	8
488	0	261	6
488	0	1461	8
489	0	261	6
489	0	834	8
490	0	261	6
490	0	678	8
491	0	261	6
491	0	782	8
492	0	261	6
492	0	887	8
493	0	261	6
493	0	1043	8
494	0	261	6
494	0	678	8
495	0	261	6
495	0	730	8
496	0	261	6
496	0	834	8
497	0	261	6
497	0	1408	8
498	0	261	6
498	0	678	8
499	0	261	6
499	0	939	8
500	0	261	6
500	0	1252	8
501	0	261	6
501	0	730	8
502	0	261	6
502	0	939	8
503	0	261	6
503	0	1356	8
504	0	261	6
504	0	991	8
505	0	261	6
505	0	1356	8
506	0	261	6
506	0	730	8
507	0	261	6
507	0	782	8
508	0	261	6
508	0	678	8
509	0	261	6
509	0	1200	8
510	0	261	6
510	0	1200	8
511	0	261	6
511	0	1095	8
512	0	261	6
512	0	678	8
513	0	261	6
513	0	991	8
514	0	261	6
514	0	1304	8
515	0	261	6
515	0	678	8
516	0	261	6
516	0	887	8
517	0	261	6
517	0	678	8
518	0	261	6
518	0	782	8
519	0	261	6
519	0	939	8
520	0	261	6
520	0	1304	8
521	0	261	6
521	0	730	8
522	0	261	6
522	0	1356	8
523	0	261	6
523	0	782	8
524	0	261	6
524	0	1408	8
525	0	261	6
525	0	730	8
526	0	261	6
526	0	834	8
527	0	261	6
527	0	678	8
528	0	261	6
528	0	834	8
529	0	261	6
529	0	730	8
530	0	261	6
530	0	678	8
531	0	261	6
531	0	1565	8
532	0	261	6
532	0	782	8
533	0	261	6
533	0	939	8
534	0	261	6
534	0	1043	8
535	0	261	6
535	0	1356	8
536	0	261	6
536	0	991	8
537	0	261	6
537	0	887	8
538	0	261	6
538	0	730	8
539	0	261	6
539	0	782	8
540	0	261	6
540	0	887	8
541	0	261	6
541	0	991	8
542	0	261	6
542	0	1095	8
543	0	261	6
543	0	834	8
544	0	261	6
544	0	730	8
545	0	261	6
545	0	1461	8
546	0	261	6
546	0	834	8
547	0	261	6
547	0	782	8
548	0	261	6
548	0	1200	8
549	0	261	6
549	0	678	8
550	0	261	6
550	0	1095	8
551	0	261	6
551	0	730	8
552	0	261	6
552	0	1356	8
553	0	261	6
553	0	782	8
554	0	261	6
554	0	1408	8
555	0	261	6
555	0	1095	8
556	0	261	6
556	0	1043	8
557	0	261	6
557	0	730	8
558	0	261	6
558	0	939	8
559	0	261	6
559	0	678	8
560	0	261	6
560	0	678	8
561	0	261	6
561	0	782	8
562	0	261	6
562	0	678	8
563	0	261	6
563	0	1095	8
564	0	261	6
564	0	730	8
565	0	261	6
565	0	730	8
566	0	261	6
566	0	1200	8
567	0	261	6
567	0	1148	8
568	0	261	6
568	0	834	8
569	0	261	6
569	0	1043	8
570	0	261	6
570	0	678	8
571	0	261	6
571	0	887	8
572	0	261	6
572	0	1043	8
573	0	261	6
573	0	1043	8
574	0	261	6
574	0	678	8
575	0	261	6
575	0	1148	8
576	0	261	6
576	0	678	8
577	0	261	6
577	0	1043	8
578	0	261	6
578	0	678	8
579	0	261	6
579	0	730	8
580	0	261	6
580	0	991	8
581	0	261	6
581	0	678	8
582	0	261	6
582	0	782	8
583	0	261	6
583	0	730	8
584	0	261	6
584	0	782	8
585	0	261	6
585	0	782	8
586	0	261	6
586	0	730	8
587	0	261	6
587	0	1095	8
588	0	261	6
588	0	678	8
589	0	261	6
589	0	939	8
590	0	261	6
590	0	1200	8
591	0	261	6
591	0	991	8
592	0	261	6
592	0	834	8
593	0	261	6
593	0	1043	8
594	0	261	6
594	0	678	8
595	0	261	6
595	0	1252	8
596	0	261	6
596	0	1356	8
597	0	261	6
597	0	730	8
598	0	261	6
598	0	834	8
599	0	261	6
599	0	834	8
600	0	261	6
600	0	782	8
601	0	261	6
601	0	1200	8
602	0	261	6
602	0	834	8
603	0	261	6
603	0	782	8
604	0	261	6
604	0	782	8
605	0	261	6
605	0	834	8
606	0	261	6
606	0	678	8
607	0	261	6
607	0	939	8
608	0	261	6
608	0	834	8
609	0	261	6
609	0	1043	8
610	0	261	6
610	0	939	8
611	0	261	6
611	0	887	8
612	0	261	6
612	0	1148	8
613	0	261	6
613	0	678	8
614	0	261	6
614	0	1200	8
615	0	261	6
615	0	678	8
616	0	261	6
616	0	834	8
617	0	261	6
617	0	834	8
618	0	261	6
618	0	678	8
619	0	261	6
619	0	730	8
620	0	261	6
620	0	1200	8
621	0	261	6
621	0	991	8
622	0	261	6
622	0	834	8
623	0	261	6
623	0	1095	8
624	0	261	6
624	0	1513	8
625	0	261	6
625	0	1565	8
626	0	261	6
626	0	782	8
627	0	261	6
627	0	991	8
628	0	261	6
628	0	939	8
629	0	261	6
629	0	834	8
630	0	261	6
630	0	1148	8
631	0	261	6
631	0	1565	8
632	0	261	6
632	0	782	8
633	0	261	6
633	0	1461	8
634	0	261	6
634	0	834	8
635	0	261	6
635	0	887	8
636	0	261	6
636	0	678	8
637	0	261	6
637	0	782	8
638	0	261	6
638	0	991	8
639	0	261	6
639	0	678	8
640	0	261	6
640	0	730	8
641	0	261	6
641	0	939	8
642	0	261	6
642	0	730	8
643	0	261	6
643	0	730	8
644	0	261	6
644	0	1148	8
645	0	261	6
645	0	834	8
646	0	261	6
646	0	834	8
647	0	261	6
647	0	1148	8
648	0	261	6
648	0	834	8
649	0	261	6
649	0	678	8
650	0	261	6
650	0	678	8
651	0	261	6
651	0	678	8
652	0	261	6
652	0	991	8
653	0	261	6
653	0	1304	8
654	0	261	6
654	0	887	8
655	0	261	6
655	0	991	8
656	0	261	6
656	0	678	8
657	0	261	6
657	0	678	8
658	0	261	6
658	0	1304	8
659	0	261	6
659	0	939	8
660	0	261	6
660	0	834	8
661	0	261	6
661	0	678	8
662	0	261	6
662	0	678	8
663	0	261	6
663	0	887	8
664	0	261	6
664	0	678	8
665	0	261	6
665	0	678	8
666	0	261	6
666	0	991	8
667	0	261	6
667	0	730	8
668	0	261	6
668	0	939	8
669	0	261	6
669	0	1043	8
670	0	261	6
670	0	730	8
671	0	261	6
671	0	834	8
672	0	261	6
672	0	782	8
673	0	261	6
673	0	939	8
674	0	261	6
674	0	991	8
675	0	261	6
675	0	678	8
676	0	261	6
676	0	730	8
677	0	261	6
677	0	730	8
678	0	261	6
678	0	1408	8
679	0	261	6
679	0	887	8
680	0	261	6
680	0	1200	8
681	0	261	6
681	0	730	8
682	0	261	6
682	0	1408	8
683	0	261	6
683	0	678	8
684	0	261	6
684	0	678	8
685	0	261	6
685	0	1095	8
686	0	261	6
686	0	730	8
687	0	261	6
687	0	1513	8
688	0	261	6
688	0	1043	8
689	0	261	6
689	0	730	8
690	0	261	6
690	0	782	8
691	0	261	6
691	0	730	8
692	0	261	6
692	0	1252	8
693	0	261	6
693	0	1095	8
694	0	261	6
694	0	887	8
695	0	261	6
695	0	834	8
696	0	261	6
696	0	678	8
697	0	261	6
697	0	991	8
698	0	261	6
698	0	782	8
699	0	261	6
699	0	1148	8
700	0	261	6
700	0	678	8
701	0	261	6
701	0	730	8
702	0	261	6
702	0	678	8
703	0	261	6
703	0	939	8
704	0	261	6
704	0	782	8
705	0	261	6
705	0	887	8
706	0	261	6
706	0	939	8
707	0	261	6
707	0	1043	8
708	0	261	6
708	0	730	8
709	0	261	6
709	0	678	8
710	0	261	6
710	0	1043	8
711	0	261	6
711	0	887	8
712	0	261	6
712	0	1043	8
713	0	261	6
713	0	939	8
714	0	261	6
714	0	834	8
715	0	261	6
715	0	782	8
716	0	261	6
716	0	1252	8
717	0	261	6
717	0	678	8
718	0	261	6
718	0	1148	8
719	0	261	6
719	0	1043	8
720	0	261	6
720	0	782	8
721	0	261	6
721	0	1043	8
722	0	261	6
722	0	887	8
723	0	261	6
723	0	834	8
724	0	261	6
724	0	782	8
725	0	261	6
725	0	782	8
726	0	261	6
726	0	834	8
727	0	261	6
727	0	678	8
728	0	261	6
728	0	834	8
729	0	261	6
729	0	730	8
730	0	261	6
730	0	1095	8
731	0	261	6
731	0	1513	8
732	0	261	6
732	0	1043	8
733	0	261	6
733	0	1043	8
734	0	261	6
734	0	782	8
735	0	261	6
735	0	678	8
736	0	261	6
736	0	991	8
737	0	261	6
737	0	939	8
738	0	261	6
738	0	887	8
739	0	261	6
739	0	1304	8
740	0	261	6
740	0	939	8
741	0	261	6
741	0	1252	8
742	0	261	6
742	0	678	8
743	0	261	6
743	0	1252	8
744	0	261	6
744	0	730	8
745	0	261	6
745	0	678	8
746	0	261	6
746	0	887	8
747	0	261	6
747	0	887	8
748	0	261	6
748	0	1095	8
749	0	261	6
749	0	887	8
750	0	261	6
750	0	678	8
751	0	261	6
751	0	1565	8
752	0	261	6
752	0	991	8
753	0	261	6
753	0	1200	8
754	0	261	6
754	0	782	8
755	0	261	6
755	0	782	8
756	0	261	6
756	0	939	8
757	0	261	6
757	0	782	8
758	0	261	6
758	0	939	8
759	0	261	6
759	0	782	8
760	0	261	6
760	0	730	8
761	0	261	6
761	0	730	8
762	0	261	6
762	0	678	8
763	0	261	6
763	0	939	8
764	0	261	6
764	0	730	8
765	0	261	6
765	0	1304	8
766	0	261	6
766	0	887	8
767	0	261	6
767	0	730	8
768	0	261	6
768	0	678	8
769	0	261	6
769	0	1043	8
770	0	261	6
770	0	939	8
771	0	261	6
771	0	1043	8
772	0	261	6
772	0	991	8
773	0	261	6
773	0	730	8
774	0	261	6
774	0	887	8
775	0	261	6
775	0	834	8
776	0	261	6
776	0	1356	8
777	0	261	6
777	0	678	8
778	0	261	6
778	0	834	8
779	0	261	6
779	0	1148	8
780	0	261	6
780	0	887	8
781	0	261	6
781	0	1252	8
782	0	261	6
782	0	1304	8
783	0	261	6
783	0	678	8
784	0	261	6
784	0	678	8
785	0	261	6
785	0	1513	8
786	0	261	6
786	0	1565	8
787	0	261	6
787	0	834	8
788	0	261	6
788	0	1304	8
789	0	261	6
789	0	730	8
790	0	261	6
790	0	1043	8
791	0	261	6
791	0	782	8
792	0	261	6
792	0	887	8
793	0	261	6
793	0	1356	8
794	0	261	6
794	0	730	8
795	0	261	6
795	0	730	8
796	0	261	6
796	0	939	8
797	0	261	6
797	0	1043	8
798	0	261	6
798	0	730	8
799	0	261	6
799	0	678	8
800	0	261	6
800	0	1513	8
801	0	261	6
801	0	782	8
802	0	261	6
802	0	730	8
803	0	261	6
803	0	1252	8
804	0	261	6
804	0	834	8
805	0	261	6
805	0	678	8
806	0	261	6
806	0	678	8
807	0	261	6
807	0	782	8
808	0	261	6
808	0	887	8
809	0	261	6
809	0	939	8
810	0	261	6
810	0	1304	8
811	0	261	6
811	0	991	8
812	0	261	6
812	0	939	8
813	0	261	6
813	0	1095	8
814	0	261	6
814	0	1148	8
815	0	261	6
815	0	730	8
816	0	261	6
816	0	1148	8
817	0	261	6
817	0	1148	8
818	0	261	6
818	0	1461	8
819	0	261	6
819	0	730	8
820	0	261	6
820	0	834	8
821	0	261	6
821	0	887	8
822	0	261	6
822	0	887	8
823	0	261	6
823	0	1461	8
824	0	261	6
824	0	991	8
825	0	261	6
825	0	730	8
826	0	261	6
826	0	730	8
827	0	261	6
827	0	1095	8
828	0	261	6
828	0	678	8
829	0	261	6
829	0	991	8
830	0	261	6
830	0	730	8
831	0	261	6
831	0	782	8
832	0	261	6
832	0	939	8
833	0	261	6
833	0	730	8
834	0	261	6
834	0	939	8
835	0	261	6
835	0	1095	8
836	0	261	6
836	0	834	8
837	0	261	6
837	0	782	8
838	0	261	6
838	0	1513	8
839	0	261	6
839	0	1252	8
840	0	261	6
840	0	678	8
841	0	261	6
841	0	1304	8
842	0	261	6
842	0	782	8
843	0	261	6
843	0	678	8
844	0	261	6
844	0	678	8
845	0	261	6
845	0	1252	8
846	0	261	6
846	0	1043	8
847	0	261	6
847	0	991	8
848	0	261	6
848	0	730	8
849	0	261	6
849	0	730	8
850	0	261	6
850	0	678	8
851	0	261	6
851	0	730	8
852	0	261	6
852	0	730	8
853	0	261	6
853	0	782	8
854	0	261	6
854	0	887	8
855	0	261	6
855	0	1200	8
856	0	261	6
856	0	887	8
857	0	261	6
857	0	730	8
858	0	261	6
858	0	1043	8
859	0	261	6
859	0	939	8
860	0	261	6
860	0	1043	8
861	0	261	6
861	0	678	8
862	0	261	6
862	0	1408	8
863	0	261	6
863	0	991	8
864	0	261	6
864	0	991	8
865	0	261	6
865	0	782	8
866	0	261	6
866	0	1200	8
867	0	261	6
867	0	782	8
868	0	261	6
868	0	678	8
869	0	261	6
869	0	1095	8
870	0	261	6
870	0	939	8
871	0	261	6
871	0	991	8
872	0	261	6
872	0	1408	8
873	0	261	6
873	0	834	8
874	0	261	6
874	0	678	8
875	0	261	6
875	0	939	8
876	0	261	6
876	0	782	8
877	0	261	6
877	0	678	8
878	0	261	6
878	0	887	8
879	0	261	6
879	0	1304	8
880	0	261	6
880	0	782	8
881	0	261	6
881	0	1043	8
882	0	261	6
882	0	834	8
883	0	261	6
883	0	678	8
884	0	261	6
884	0	678	8
885	0	261	6
885	0	1043	8
886	0	261	6
886	0	939	8
887	0	261	6
887	0	730	8
888	0	261	6
888	0	939	8
889	0	261	6
889	0	678	8
890	0	261	6
890	0	834	8
891	0	261	6
891	0	782	8
892	0	261	6
892	0	730	8
893	0	261	6
893	0	887	8
894	0	261	6
894	0	1304	8
895	0	261	6
895	0	678	8
896	0	261	6
896	0	887	8
897	0	261	6
897	0	678	8
898	0	261	6
898	0	1200	8
899	0	261	6
899	0	730	8
900	0	261	6
900	0	991	8
901	0	261	6
901	0	939	8
902	0	261	6
902	0	1148	8
903	0	261	6
903	0	782	8
904	0	261	6
904	0	730	8
905	0	261	6
905	0	887	8
906	0	261	6
906	0	730	8
907	0	261	6
907	0	834	8
908	0	261	6
908	0	1200	8
909	0	261	6
909	0	834	8
910	0	261	6
910	0	730	8
911	0	261	6
911	0	887	8
912	0	261	6
912	0	730	8
913	0	261	6
913	0	991	8
914	0	261	6
914	0	782	8
915	0	261	6
915	0	1043	8
916	0	261	6
916	0	678	8
917	0	261	6
917	0	834	8
918	0	261	6
918	0	730	8
919	0	261	6
919	0	782	8
920	0	261	6
920	0	730	8
921	0	261	6
921	0	730	8
922	0	261	6
922	0	730	8
923	0	261	6
923	0	1200	8
924	0	261	6
924	0	887	8
925	0	261	6
925	0	1565	8
926	0	261	6
926	0	730	8
927	0	261	6
927	0	1252	8
928	0	261	6
928	0	887	8
929	0	261	6
929	0	939	8
930	0	261	6
930	0	730	8
931	0	261	6
931	0	887	8
932	0	261	6
932	0	1148	8
933	0	261	6
933	0	1095	8
934	0	261	6
934	0	1200	8
935	0	261	6
935	0	730	8
936	0	261	6
936	0	834	8
937	0	261	6
937	0	834	8
938	0	261	6
938	0	678	8
939	0	261	6
939	0	678	8
940	0	261	6
940	0	678	8
941	0	261	6
941	0	991	8
942	0	261	6
942	0	887	8
943	0	261	6
943	0	1095	8
944	0	261	6
944	0	887	8
945	0	261	6
945	0	991	8
946	0	261	6
946	0	939	8
947	0	261	6
947	0	1148	8
948	0	261	6
948	0	782	8
949	0	261	6
949	0	1200	8
950	0	261	6
950	0	730	8
951	0	261	6
951	0	1513	8
952	0	261	6
952	0	1252	8
953	0	261	6
953	0	1095	8
954	0	261	6
954	0	730	8
955	0	261	6
955	0	782	8
956	0	261	6
956	0	730	8
957	0	261	6
957	0	782	8
958	0	261	6
958	0	834	8
959	0	261	6
959	0	1148	8
960	0	261	6
960	0	991	8
961	0	261	6
961	0	834	8
962	0	261	6
962	0	678	8
963	0	261	6
963	0	782	8
964	0	261	6
964	0	1565	8
965	0	261	6
965	0	887	8
966	0	261	6
966	0	1565	8
967	0	261	6
967	0	730	8
968	0	261	6
968	0	730	8
969	0	261	6
969	0	678	8
970	0	261	6
970	0	730	8
971	0	261	6
971	0	1095	8
972	0	261	6
972	0	939	8
973	0	261	6
973	0	730	8
974	0	261	6
974	0	1304	8
975	0	261	6
975	0	1148	8
976	0	261	6
976	0	1095	8
977	0	261	6
977	0	1148	8
978	0	261	6
978	0	834	8
979	0	261	6
979	0	939	8
980	0	261	6
980	0	678	8
981	0	261	6
981	0	678	8
982	0	261	6
982	0	939	8
983	0	261	6
983	0	991	8
984	0	261	6
984	0	834	8
985	0	261	6
985	0	939	8
986	0	261	6
986	0	1095	8
987	0	261	6
987	0	1095	8
988	0	261	6
988	0	678	8
989	0	261	6
989	0	834	8
990	0	261	6
990	0	730	8
991	0	261	6
991	0	782	8
992	0	261	6
992	0	1513	8
993	0	261	6
993	0	834	8
994	0	261	6
994	0	678	8
995	0	261	6
995	0	1252	8
996	0	261	6
996	0	991	8
997	0	261	6
997	0	887	8
998	0	261	6
998	0	678	8
999	0	261	6
999	0	834	8
0	1	782	9
1	1	626	9
1	1	1774	11
2	1	626	9
3	1	730	9
4	1	730	9
5	1	678	9
6	1	887	9
7	1	574	9
7	1	1513	11
8	1	939	9
9	1	678	9
10	1	521	9
10	1	1148	11
11	1	939	9
12	1	574	9
12	1	1513	11
13	1	574	9
13	1	1565	11
14	1	574	9
14	1	1356	11
15	1	939	9
16	1	834	9
17	1	730	9
18	1	521	9
18	1	1200	11
19	1	782	9
20	1	887	9
21	1	730	9
22	1	574	9
22	1	1408	11
23	1	887	9
24	1	887	9
25	1	678	9
26	1	730	9
27	1	574	9
27	1	1513	11
28	1	939	9
29	1	834	9
30	1	574	9
30	1	1408	11
31	1	574	9
31	1	1513	11
32	1	521	9
32	1	1200	11
33	1	626	9
33	1	1930	11
34	1	521	9
34	1	1095	11
35	1	730	9
36	1	782	9
37	1	521	9
37	1	1095	11
38	1	678	9
39	1	678	9
40	1	521	9
40	1	1252	11
41	1	887	9
42	1	678	9
43	1	521	9
43	1	1200	11
44	1	626	9
44	1	1982	11
45	1	834	9
46	1	521	9
46	1	1252	11
47	1	574	9
47	1	1408	11
48	1	626	9
48	1	1669	11
49	1	626	9
49	1	1878	11
50	1	521	9
50	1	1148	11
51	1	574	9
51	1	1461	11
52	1	887	9
53	1	887	9
54	1	574	9
54	1	1408	11
55	1	626	9
55	1	1930	11
56	1	521	9
56	1	1148	11
57	1	782	9
58	1	626	9
58	1	1982	11
59	1	521	9
59	1	1148	11
60	1	834	9
61	1	574	9
61	1	1408	11
62	1	574	9
62	1	1408	11
63	1	887	9
64	1	782	9
65	1	730	9
66	1	834	9
67	1	574	9
67	1	1461	11
68	1	574	9
68	1	1356	11
69	1	782	9
70	1	574	9
70	1	1356	11
71	1	574	9
71	1	1513	11
72	1	782	9
73	1	574	9
73	1	1565	11
74	1	626	9
74	1	1617	11
75	1	521	9
75	1	1252	11
76	1	626	9
76	1	1774	11
77	1	730	9
78	1	782	9
79	1	887	9
80	1	626	9
80	1	1774	11
81	1	678	9
82	1	939	9
83	1	626	9
83	1	1669	11
84	1	678	9
85	1	834	9
86	1	782	9
87	1	730	9
88	1	730	9
89	1	678	9
90	1	834	9
91	1	521	9
91	1	1148	11
92	1	730	9
93	1	574	9
93	1	1461	11
94	1	782	9
95	1	678	9
96	1	834	9
97	1	678	9
98	1	782	9
99	1	626	9
100	1	521	9
100	1	1200	11
101	1	574	9
101	1	1408	11
102	1	521	9
102	1	1200	11
103	1	574	9
103	1	1408	11
104	1	782	9
105	1	887	9
106	1	782	9
107	1	887	9
108	1	521	9
108	1	1095	11
109	1	574	9
109	1	1356	11
110	1	574	9
110	1	1408	11
111	1	834	9
112	1	678	9
113	1	521	9
113	1	1095	11
114	1	887	9
115	1	521	9
115	1	1200	11
116	1	834	9
117	1	678	9
118	1	521	9
118	1	1095	11
119	1	678	9
120	1	782	9
121	1	730	9
122	1	678	9
123	1	626	9
123	1	1722	11
124	1	834	9
125	1	887	9
126	1	834	9
127	1	521	9
127	1	1252	11
128	1	887	9
129	1	730	9
130	1	887	9
131	1	521	9
131	1	1148	11
132	1	782	9
133	1	626	9
133	1	1565	11
134	1	574	9
134	1	1408	11
135	1	730	9
136	1	574	9
136	1	1408	11
137	1	574	9
137	1	1461	11
138	1	939	9
139	1	521	9
139	1	1148	11
140	1	626	9
140	1	1669	11
141	1	782	9
142	1	574	9
142	1	1408	11
143	1	574	9
143	1	1304	11
144	1	521	9
144	1	1200	11
145	1	574	9
145	1	1356	11
146	1	626	9
146	1	1617	11
147	1	782	9
148	1	782	9
149	1	574	9
149	1	1513	11
150	1	574	9
150	1	1304	11
151	1	626	9
151	1	1982	11
152	1	521	9
152	1	1095	11
153	1	626	9
153	1	1669	11
154	1	730	9
155	1	521	9
155	1	1095	11
156	1	887	9
157	1	834	9
158	1	834	9
159	1	521	9
159	1	1200	11
160	1	574	9
160	1	1513	11
161	1	521	9
161	1	1095	11
162	1	574	9
162	1	1461	11
163	1	626	9
163	1	1669	11
164	1	521	9
164	1	1148	11
165	1	939	9
166	1	626	9
166	1	1722	11
167	1	574	9
167	1	1408	11
168	1	939	9
169	1	730	9
170	1	574	9
170	1	1461	11
171	1	521	9
171	1	1200	11
172	1	574	9
172	1	1304	11
173	1	574	9
173	1	1356	11
174	1	834	9
175	1	782	9
176	1	730	9
177	1	887	9
178	1	574	9
178	1	1565	11
179	1	521	9
179	1	1095	11
180	1	626	9
180	1	1669	11
181	1	887	9
182	1	626	9
182	1	1930	11
183	1	626	9
183	1	1826	11
184	1	678	9
185	1	730	9
186	1	626	9
186	1	1617	11
187	1	730	9
188	1	678	9
189	1	521	9
189	1	1095	11
190	1	574	9
190	1	1513	11
191	1	626	9
191	1	1669	11
192	1	521	9
192	1	1304	11
193	1	521	9
193	1	1304	11
194	1	521	9
194	1	1252	11
195	1	678	9
196	1	626	9
196	1	1722	11
197	1	521	9
197	1	1200	11
198	1	678	9
199	1	626	9
199	1	1669	11
200	1	521	9
200	1	1200	11
201	1	782	9
202	1	574	9
202	1	1356	11
203	1	574	9
203	1	1565	11
204	1	626	9
204	1	1617	11
205	1	574	9
205	1	1356	11
206	1	782	9
207	1	521	9
207	1	1148	11
208	1	574	9
208	1	1565	11
209	1	834	9
210	1	574	9
210	1	1408	11
211	1	678	9
212	1	574	9
212	1	1408	11
213	1	521	9
213	1	1200	11
214	1	574	9
214	1	1461	11
215	1	574	9
215	1	1356	11
216	1	887	9
217	1	574	9
217	1	1461	11
218	1	939	9
219	1	521	9
219	1	1200	11
220	1	730	9
221	1	626	9
221	1	2035	11
222	1	730	9
223	1	834	9
224	1	887	9
225	1	939	9
226	1	521	9
226	1	1095	11
227	1	678	9
228	1	782	9
229	1	626	9
229	1	1774	11
230	1	521	9
230	1	1148	11
231	1	521	9
231	1	1095	11
232	1	782	9
233	1	521	9
233	1	1148	11
234	1	626	9
234	1	1982	11
235	1	730	9
236	1	521	9
236	1	1252	11
237	1	521	9
237	1	1148	11
238	1	887	9
239	1	574	9
239	1	1304	11
240	1	678	9
241	1	521	9
241	1	1095	11
242	1	626	9
242	1	1669	11
243	1	574	9
243	1	1461	11
244	1	626	9
244	1	1826	11
245	1	678	9
246	1	626	9
246	1	1774	11
247	1	626	9
247	1	1617	11
248	1	574	9
248	1	1461	11
249	1	730	9
250	1	626	9
250	1	1878	11
251	1	521	9
251	1	1095	11
252	1	678	9
253	1	574	9
253	1	1304	11
254	1	521	9
254	1	1148	11
255	1	574	9
255	1	1461	11
256	1	887	9
257	1	887	9
258	1	574	9
258	1	1356	11
259	1	574	9
259	1	1408	11
260	1	521	9
260	1	1200	11
261	1	626	9
261	1	1982	11
262	1	521	9
262	1	1148	11
263	1	574	9
263	1	1408	11
264	1	730	9
265	1	782	9
266	1	678	9
267	1	521	9
267	1	1095	11
268	1	730	9
269	1	574	9
269	1	1304	11
270	1	730	9
271	1	678	9
272	1	939	9
273	1	574	9
273	1	1356	11
274	1	678	9
275	1	521	9
275	1	1252	11
276	1	730	9
277	1	626	9
277	1	1669	11
278	1	834	9
279	1	887	9
280	1	678	9
281	1	626	9
281	1	1669	11
282	1	521	9
282	1	1304	11
283	1	574	9
283	1	1408	11
284	1	626	9
285	1	939	9
286	1	521	9
286	1	1252	11
287	1	574	9
287	1	1304	11
288	1	574	9
288	1	1356	11
289	1	521	9
289	1	1200	11
290	1	574	9
290	1	1408	11
291	1	730	9
292	1	678	9
293	1	521	9
293	1	1252	11
294	1	678	9
295	1	626	9
295	1	1826	11
296	1	678	9
297	1	521	9
297	1	1095	11
298	1	887	9
299	1	521	9
299	1	1252	11
300	1	521	9
300	1	1148	11
301	1	626	9
302	1	574	9
302	1	1304	11
303	1	574	9
303	1	1356	11
304	1	574	9
304	1	1304	11
305	1	521	9
305	1	1200	11
306	1	782	9
307	1	521	9
307	1	1200	11
308	1	626	9
308	1	1982	11
309	1	521	9
309	1	1095	11
310	1	626	9
310	1	1722	11
311	1	574	9
311	1	1408	11
312	1	887	9
313	1	730	9
314	1	834	9
315	1	574	9
315	1	1513	11
316	1	521	9
316	1	1095	11
317	1	626	9
318	1	730	9
319	1	521	9
319	1	1252	11
320	1	521	9
320	1	1148	11
321	1	521	9
321	1	1252	11
322	1	574	9
322	1	1461	11
323	1	521	9
323	1	1252	11
324	1	678	9
325	1	626	9
325	1	1774	11
326	1	574	9
326	1	1304	11
327	1	730	9
328	1	730	9
329	1	521	9
329	1	1148	11
330	1	521	9
330	1	1252	11
331	1	887	9
332	1	521	9
332	1	1148	11
333	1	521	9
333	1	1252	11
334	1	574	9
334	1	1356	11
335	1	521	9
335	1	1148	11
336	1	521	9
336	1	1252	11
337	1	678	9
338	1	678	9
339	1	574	9
339	1	1356	11
340	1	834	9
341	1	782	9
342	1	521	9
342	1	1095	11
343	1	521	9
343	1	1148	11
344	1	521	9
344	1	1200	11
345	1	574	9
345	1	1304	11
346	1	521	9
346	1	1148	11
347	1	521	9
347	1	1148	11
348	1	521	9
348	1	1200	11
349	1	574	9
349	1	1304	11
350	1	574	9
350	1	1461	11
351	1	574	9
351	1	1565	11
352	1	834	9
353	1	678	9
354	1	678	9
355	1	626	9
355	1	1669	11
356	1	730	9
357	1	521	9
357	1	1200	11
358	1	574	9
358	1	1304	11
359	1	782	9
360	1	574	9
360	1	1304	11
361	1	574	9
361	1	1356	11
362	1	626	9
362	1	1826	11
363	1	521	9
363	1	1148	11
364	1	626	9
364	1	1930	11
365	1	574	9
365	1	1408	11
366	1	574	9
366	1	1513	11
367	1	834	9
368	1	521	9
368	1	1252	11
369	1	782	9
370	1	521	9
370	1	1200	11
371	1	678	9
372	1	521	9
372	1	1252	11
373	1	521	9
373	1	1095	11
374	1	678	9
375	1	626	9
375	1	1878	11
376	1	626	9
376	1	1617	11
377	1	521	9
377	1	1252	11
378	1	834	9
379	1	678	9
380	1	626	9
380	1	1617	11
381	1	887	9
382	1	626	9
382	1	1617	11
383	1	730	9
384	1	730	9
385	1	574	9
385	1	1513	11
386	1	626	9
386	1	1878	11
387	1	521	9
387	1	1252	11
388	1	574	9
388	1	1461	11
389	1	626	9
389	1	1565	11
390	1	574	9
390	1	1304	11
391	1	887	9
392	1	782	9
393	1	782	9
394	1	678	9
395	1	887	9
396	1	574	9
396	1	1513	11
397	1	834	9
398	1	521	9
398	1	1252	11
399	1	834	9
400	1	678	9
401	1	626	9
401	1	1722	11
402	1	782	9
403	1	521	9
403	1	1252	11
404	1	521	9
404	1	1200	11
405	1	626	9
405	1	1826	11
406	1	730	9
407	1	521	9
407	1	1148	11
408	1	574	9
408	1	1304	11
409	1	626	9
409	1	1878	11
410	1	626	9
410	1	1617	11
411	1	574	9
411	1	1513	11
412	1	626	9
412	1	2035	11
413	1	939	9
414	1	626	9
414	1	1565	11
415	1	626	9
415	1	1930	11
416	1	678	9
417	1	574	9
417	1	1356	11
418	1	574	9
418	1	1565	11
419	1	834	9
420	1	626	9
420	1	1878	11
421	1	574	9
421	1	1461	11
422	1	626	9
422	1	1826	11
423	1	782	9
424	1	626	9
424	1	1617	11
425	1	678	9
426	1	626	9
426	1	1774	11
427	1	887	9
428	1	574	9
428	1	1304	11
429	1	678	9
430	1	782	9
431	1	834	9
432	1	887	9
433	1	521	9
433	1	1304	11
434	1	678	9
435	1	626	9
435	1	1930	11
436	1	678	9
437	1	521	9
437	1	1252	11
438	1	521	9
438	1	1148	11
439	1	782	9
440	1	626	9
440	1	1722	11
441	1	782	9
442	1	574	9
442	1	1356	11
443	1	521	9
443	1	1148	11
444	1	521	9
444	1	1095	11
445	1	574	9
445	1	1461	11
446	1	834	9
447	1	678	9
448	1	574	9
448	1	1356	11
449	1	626	9
450	1	887	9
451	1	521	9
451	1	1252	11
452	1	574	9
452	1	1356	11
453	1	574	9
453	1	1356	11
454	1	834	9
455	1	521	9
455	1	1252	11
456	1	782	9
457	1	887	9
458	1	626	9
459	1	626	9
459	1	1930	11
460	1	574	9
460	1	1408	11
461	1	521	9
461	1	1095	11
462	1	574	9
462	1	1408	11
463	1	730	9
464	1	521	9
464	1	1252	11
465	1	626	9
466	1	574	9
466	1	1356	11
467	1	782	9
468	1	678	9
469	1	574	9
469	1	1304	11
470	1	782	9
471	1	521	9
471	1	1095	11
472	1	574	9
472	1	1304	11
473	1	834	9
474	1	626	9
474	1	1669	11
475	1	730	9
476	1	626	9
476	1	1617	11
477	1	834	9
478	1	521	9
478	1	1200	11
479	1	574	9
479	1	1304	11
480	1	834	9
481	1	574	9
481	1	1408	11
482	1	626	9
482	1	1617	11
483	1	730	9
484	1	678	9
485	1	730	9
486	1	574	9
486	1	1513	11
487	1	626	9
487	1	1774	11
488	1	887	9
489	1	626	9
489	1	1617	11
490	1	521	9
490	1	1095	11
491	1	574	9
491	1	1408	11
492	1	626	9
492	1	1774	11
493	1	730	9
494	1	521	9
494	1	1095	11
495	1	521	9
495	1	1252	11
496	1	626	9
496	1	1617	11
497	1	887	9
498	1	521	9
498	1	1095	11
499	1	626	9
499	1	1982	11
500	1	834	9
501	1	574	9
501	1	1304	11
502	1	626	9
502	1	2035	11
503	1	834	9
504	1	678	9
505	1	887	9
506	1	574	9
506	1	1356	11
507	1	574	9
507	1	1461	11
508	1	521	9
508	1	1200	11
509	1	782	9
510	1	782	9
511	1	730	9
512	1	521	9
512	1	1148	11
513	1	678	9
514	1	834	9
515	1	521	9
515	1	1148	11
516	1	626	9
516	1	1878	11
517	1	521	9
517	1	1148	11
518	1	574	9
518	1	1356	11
519	1	678	9
520	1	834	9
521	1	521	9
521	1	1252	11
522	1	834	9
523	1	574	9
523	1	1408	11
524	1	887	9
525	1	521	9
525	1	1200	11
526	1	574	9
526	1	1565	11
527	1	521	9
527	1	1095	11
528	1	574	9
528	1	1513	11
529	1	521	9
529	1	1252	11
530	1	521	9
530	1	1148	11
531	1	939	9
532	1	574	9
532	1	1408	11
533	1	678	9
534	1	730	9
535	1	834	9
536	1	678	9
537	1	626	9
537	1	1982	11
538	1	521	9
538	1	1200	11
539	1	574	9
539	1	1356	11
540	1	626	9
540	1	1722	11
541	1	678	9
542	1	730	9
543	1	626	9
543	1	1565	11
544	1	521	9
544	1	1304	11
545	1	887	9
546	1	574	9
546	1	1513	11
547	1	574	9
547	1	1461	11
548	1	782	9
549	1	521	9
549	1	1200	11
550	1	730	9
551	1	521	9
551	1	1200	11
552	1	834	9
553	1	574	9
553	1	1461	11
554	1	887	9
555	1	730	9
556	1	730	9
557	1	521	9
557	1	1252	11
558	1	626	9
558	1	2035	11
559	1	521	9
559	1	1095	11
560	1	521	9
560	1	1095	11
561	1	574	9
561	1	1356	11
562	1	521	9
562	1	1200	11
563	1	730	9
564	1	521	9
564	1	1200	11
565	1	521	9
565	1	1252	11
566	1	782	9
567	1	782	9
568	1	574	9
568	1	1565	11
569	1	678	9
570	1	521	9
570	1	1148	11
571	1	626	9
571	1	1878	11
572	1	730	9
573	1	730	9
574	1	521	9
574	1	1095	11
575	1	730	9
576	1	521	9
576	1	1148	11
577	1	730	9
578	1	521	9
578	1	1095	11
579	1	521	9
579	1	1200	11
580	1	678	9
581	1	521	9
581	1	1200	11
582	1	574	9
582	1	1461	11
583	1	521	9
583	1	1200	11
584	1	574	9
584	1	1356	11
585	1	574	9
585	1	1461	11
586	1	521	9
586	1	1252	11
587	1	730	9
588	1	521	9
588	1	1200	11
589	1	678	9
590	1	782	9
591	1	678	9
592	1	574	9
592	1	1565	11
593	1	678	9
594	1	521	9
594	1	1095	11
595	1	782	9
596	1	834	9
597	1	521	9
597	1	1200	11
598	1	626	9
598	1	1617	11
599	1	574	9
599	1	1565	11
600	1	574	9
600	1	1461	11
601	1	782	9
602	1	626	9
602	1	1669	11
603	1	574	9
603	1	1356	11
604	1	574	9
604	1	1408	11
605	1	626	9
605	1	1565	11
606	1	521	9
606	1	1148	11
607	1	678	9
608	1	574	9
608	1	1513	11
609	1	730	9
610	1	678	9
611	1	626	9
611	1	1722	11
612	1	782	9
613	1	521	9
613	1	1095	11
614	1	782	9
615	1	521	9
615	1	1148	11
616	1	574	9
616	1	1513	11
617	1	574	9
617	1	1565	11
618	1	521	9
618	1	1148	11
619	1	574	9
619	1	1304	11
620	1	782	9
621	1	678	9
622	1	574	9
622	1	1565	11
623	1	730	9
624	1	939	9
625	1	939	9
626	1	574	9
626	1	1356	11
627	1	678	9
628	1	678	9
629	1	626	9
629	1	1617	11
630	1	782	9
631	1	939	9
632	1	574	9
632	1	1356	11
633	1	887	9
634	1	574	9
634	1	1513	11
635	1	626	9
635	1	1930	11
636	1	521	9
636	1	1095	11
637	1	574	9
637	1	1461	11
638	1	678	9
639	1	521	9
639	1	1095	11
640	1	521	9
640	1	1200	11
641	1	678	9
642	1	521	9
642	1	1252	11
643	1	521	9
643	1	1252	11
644	1	782	9
645	1	626	9
645	1	1617	11
646	1	626	9
646	1	1669	11
647	1	782	9
648	1	574	9
648	1	1513	11
649	1	521	9
649	1	1148	11
650	1	521	9
650	1	1148	11
651	1	521	9
651	1	1148	11
652	1	678	9
653	1	834	9
654	1	626	9
654	1	1774	11
655	1	678	9
656	1	521	9
656	1	1095	11
657	1	521	9
657	1	1148	11
658	1	834	9
659	1	678	9
660	1	626	9
660	1	1669	11
661	1	521	9
661	1	1095	11
662	1	521	9
662	1	1148	11
663	1	626	9
663	1	1722	11
664	1	521	9
664	1	1148	11
665	1	521	9
665	1	1148	11
666	1	678	9
667	1	574	9
667	1	1304	11
668	1	678	9
669	1	730	9
670	1	574	9
670	1	1304	11
671	1	574	9
671	1	1565	11
672	1	574	9
672	1	1356	11
673	1	678	9
674	1	678	9
675	1	521	9
675	1	1095	11
676	1	521	9
676	1	1252	11
677	1	521	9
677	1	1200	11
678	1	887	9
679	1	626	9
679	1	1826	11
680	1	782	9
681	1	574	9
681	1	1304	11
682	1	887	9
683	1	521	9
683	1	1095	11
684	1	521	9
684	1	1200	11
685	1	730	9
686	1	521	9
686	1	1200	11
687	1	939	9
688	1	730	9
689	1	521	9
689	1	1252	11
690	1	574	9
690	1	1461	11
691	1	521	9
691	1	1200	11
692	1	834	9
693	1	730	9
694	1	626	9
694	1	1930	11
695	1	626	9
695	1	1617	11
696	1	521	9
696	1	1148	11
697	1	678	9
698	1	574	9
698	1	1356	11
699	1	782	9
700	1	521	9
700	1	1148	11
701	1	521	9
701	1	1252	11
702	1	521	9
702	1	1095	11
703	1	626	9
704	1	574	9
704	1	1513	11
705	1	626	9
705	1	1878	11
706	1	678	9
707	1	730	9
708	1	521	9
708	1	1304	11
709	1	521	9
709	1	1148	11
710	1	730	9
711	1	626	9
711	1	1826	11
712	1	730	9
713	1	678	9
714	1	626	9
714	1	1669	11
715	1	574	9
715	1	1461	11
716	1	782	9
717	1	521	9
717	1	1095	11
718	1	782	9
719	1	730	9
720	1	574	9
720	1	1408	11
721	1	730	9
722	1	626	9
722	1	1722	11
723	1	574	9
723	1	1513	11
724	1	574	9
724	1	1356	11
725	1	574	9
725	1	1461	11
726	1	574	9
726	1	1565	11
727	1	521	9
727	1	1095	11
728	1	574	9
728	1	1513	11
729	1	521	9
729	1	1200	11
730	1	730	9
731	1	939	9
732	1	678	9
733	1	730	9
734	1	574	9
734	1	1461	11
735	1	521	9
735	1	1148	11
736	1	678	9
737	1	678	9
738	1	626	9
738	1	1930	11
739	1	834	9
740	1	626	9
741	1	834	9
742	1	521	9
742	1	1148	11
743	1	834	9
744	1	574	9
744	1	1304	11
745	1	521	9
745	1	1200	11
746	1	626	9
746	1	1826	11
747	1	626	9
747	1	1878	11
748	1	730	9
749	1	626	9
749	1	1878	11
750	1	521	9
750	1	1148	11
751	1	939	9
752	1	678	9
753	1	782	9
754	1	574	9
754	1	1408	11
755	1	574	9
755	1	1356	11
756	1	626	9
757	1	574	9
757	1	1408	11
758	1	678	9
759	1	574	9
759	1	1461	11
760	1	574	9
760	1	1304	11
761	1	521	9
761	1	1252	11
762	1	521	9
762	1	1148	11
763	1	678	9
764	1	574	9
764	1	1304	11
765	1	834	9
766	1	626	9
766	1	1722	11
767	1	521	9
767	1	1200	11
768	1	521	9
768	1	1095	11
769	1	678	9
770	1	678	9
771	1	730	9
772	1	678	9
773	1	574	9
773	1	1304	11
774	1	626	9
774	1	1878	11
775	1	574	9
775	1	1565	11
776	1	834	9
777	1	521	9
777	1	1148	11
778	1	626	9
778	1	1565	11
779	1	782	9
780	1	626	9
780	1	1722	11
781	1	834	9
782	1	834	9
783	1	521	9
783	1	1200	11
784	1	521	9
784	1	1095	11
785	1	939	9
786	1	939	9
787	1	574	9
787	1	1513	11
788	1	834	9
789	1	521	9
789	1	1304	11
790	1	730	9
791	1	574	9
791	1	1408	11
792	1	626	9
792	1	1774	11
793	1	887	9
794	1	521	9
794	1	1252	11
795	1	521	9
795	1	1304	11
796	1	678	9
797	1	730	9
798	1	521	9
798	1	1200	11
799	1	521	9
799	1	1200	11
800	1	887	9
801	1	574	9
801	1	1356	11
802	1	574	9
802	1	1304	11
803	1	782	9
804	1	574	9
804	1	1565	11
805	1	521	9
805	1	1148	11
806	1	521	9
806	1	1200	11
807	1	574	9
807	1	1461	11
808	1	626	9
808	1	1774	11
809	1	678	9
810	1	834	9
811	1	678	9
812	1	678	9
813	1	730	9
814	1	782	9
815	1	521	9
815	1	1252	11
816	1	782	9
817	1	782	9
818	1	887	9
819	1	521	9
819	1	1200	11
820	1	574	9
820	1	1513	11
821	1	626	9
821	1	1774	11
822	1	626	9
822	1	1774	11
823	1	887	9
824	1	678	9
825	1	574	9
825	1	1304	11
826	1	574	9
826	1	1304	11
827	1	730	9
828	1	521	9
828	1	1148	11
829	1	678	9
830	1	521	9
830	1	1252	11
831	1	574	9
831	1	1408	11
832	1	678	9
833	1	574	9
833	1	1304	11
834	1	626	9
834	1	2035	11
835	1	730	9
836	1	574	9
836	1	1513	11
837	1	574	9
837	1	1461	11
838	1	939	9
839	1	834	9
840	1	521	9
840	1	1148	11
841	1	834	9
842	1	574	9
842	1	1356	11
843	1	521	9
843	1	1148	11
844	1	521	9
844	1	1200	11
845	1	834	9
846	1	730	9
847	1	678	9
848	1	521	9
848	1	1252	11
849	1	574	9
849	1	1304	11
850	1	521	9
850	1	1148	11
851	1	521	9
851	1	1252	11
852	1	521	9
852	1	1252	11
853	1	574	9
853	1	1408	11
854	1	626	9
854	1	1826	11
855	1	782	9
856	1	626	9
856	1	1722	11
857	1	521	9
857	1	1200	11
858	1	730	9
859	1	678	9
860	1	730	9
861	1	521	9
861	1	1200	11
862	1	887	9
863	1	678	9
864	1	678	9
865	1	574	9
865	1	1356	11
866	1	782	9
867	1	574	9
867	1	1408	11
868	1	521	9
868	1	1148	11
869	1	730	9
870	1	678	9
871	1	678	9
872	1	887	9
873	1	626	9
873	1	1669	11
874	1	521	9
874	1	1148	11
875	1	678	9
876	1	574	9
876	1	1408	11
877	1	521	9
877	1	1148	11
878	1	626	9
878	1	1722	11
879	1	834	9
880	1	574	9
880	1	1356	11
881	1	730	9
882	1	626	9
882	1	1669	11
883	1	521	9
883	1	1148	11
884	1	521	9
884	1	1148	11
885	1	730	9
886	1	626	9
887	1	521	9
887	1	1200	11
888	1	678	9
889	1	521	9
889	1	1095	11
890	1	626	9
890	1	1617	11
891	1	574	9
891	1	1408	11
892	1	521	9
892	1	1200	11
893	1	626	9
893	1	1774	11
894	1	834	9
895	1	521	9
895	1	1095	11
896	1	626	9
896	1	1722	11
897	1	521	9
897	1	1095	11
898	1	782	9
899	1	521	9
899	1	1252	11
900	1	678	9
901	1	678	9
902	1	782	9
903	1	574	9
903	1	1461	11
904	1	521	9
904	1	1252	11
905	1	626	9
905	1	1982	11
906	1	521	9
906	1	1252	11
907	1	574	9
907	1	1565	11
908	1	782	9
909	1	574	9
909	1	1513	11
910	1	521	9
910	1	1252	11
911	1	626	9
911	1	1774	11
912	1	521	9
912	1	1304	11
913	1	678	9
914	1	574	9
914	1	1356	11
915	1	730	9
916	1	521	9
916	1	1148	11
917	1	574	9
917	1	1565	11
918	1	521	9
918	1	1200	11
919	1	574	9
919	1	1356	11
920	1	521	9
920	1	1200	11
921	1	574	9
921	1	1304	11
922	1	521	9
922	1	1252	11
923	1	782	9
924	1	626	9
924	1	1722	11
925	1	939	9
926	1	521	9
926	1	1200	11
927	1	834	9
928	1	626	9
928	1	1722	11
929	1	678	9
930	1	521	9
930	1	1252	11
931	1	626	9
931	1	1722	11
932	1	730	9
933	1	730	9
934	1	782	9
935	1	521	9
935	1	1200	11
936	1	626	9
936	1	1617	11
937	1	626	9
937	1	1617	11
938	1	521	9
938	1	1148	11
939	1	521	9
939	1	1148	11
940	1	521	9
940	1	1148	11
941	1	678	9
942	1	626	9
942	1	1878	11
943	1	730	9
944	1	626	9
944	1	1722	11
945	1	678	9
946	1	678	9
947	1	730	9
948	1	574	9
948	1	1461	11
949	1	782	9
950	1	521	9
950	1	1200	11
951	1	939	9
952	1	834	9
953	1	730	9
954	1	521	9
954	1	1252	11
955	1	574	9
955	1	1408	11
956	1	521	9
956	1	1200	11
957	1	574	9
957	1	1356	11
958	1	574	9
958	1	1513	11
959	1	782	9
960	1	678	9
961	1	626	9
961	1	1669	11
962	1	521	9
962	1	1148	11
963	1	574	9
963	1	1356	11
964	1	939	9
965	1	626	9
965	1	1826	11
966	1	939	9
967	1	574	9
967	1	1304	11
968	1	574	9
968	1	1304	11
969	1	521	9
969	1	1095	11
970	1	574	9
970	1	1304	11
971	1	730	9
972	1	626	9
972	1	2035	11
973	1	521	9
973	1	1252	11
974	1	834	9
975	1	782	9
976	1	730	9
977	1	782	9
978	1	574	9
978	1	1565	11
979	1	678	9
980	1	521	9
980	1	1148	11
981	1	521	9
981	1	1200	11
982	1	626	9
983	1	678	9
984	1	626	9
984	1	1617	11
985	1	678	9
986	1	730	9
987	1	730	9
988	1	521	9
988	1	1148	11
989	1	574	9
989	1	1513	11
990	1	521	9
990	1	1252	11
991	1	574	9
991	1	1461	11
992	1	939	9
993	1	626	9
993	1	1617	11
994	1	521	9
994	1	1148	11
995	1	834	9
996	1	678	9
997	1	626	9
997	1	1826	11
998	1	521	9
998	1	1148	11
999	1	626	9
999	1	1669	11
